============================================================
  Mask Area Ratio Ablation (OCCAM-M) — FSC-147 val (fraction=0.333)
  Tue May 19 10:16:46 CST 2026
============================================================

[SKIP] M0_baseline — already completed
[SKIP] M1_min0001 — already completed
[SKIP] M2_min001 — already completed
[SKIP] M3_min005 — already completed
[SKIP] M4_min01 — already completed

━━━━━━━━━━━━━━━━━━━━━━━━━━━━━━━━━━━━━━━━━━━━━━━━━━━━━━━━━━━━
  Experiment: M5_max025 (OCCAM-M multi)
  min_mask_area=0.0005  max_mask_area=0.25
  Started: Tue May 19 10:16:46 CST 2026
━━━━━━━━━━━━━━━━━━━━━━━━━━━━━━━━━━━━━━━━━━━━━━━━━━━━━━━━━━━━
Building SAM2 AMG model …
Model ready. Mode=multi, crop=500, thresholds=(5.0, 4.0, 3.0)
Mask area filter: min=0.0005, max=0.25

============================================================
  Split: val  (428 images)
============================================================
/tmp/sam2_repo/sam2/sam2_image_predictor.py:431: UserWarning: cannot import name '_C' from 'sam2' (/tmp/sam2_repo/sam2/__init__.py)

Skipping the post-processing step due to the error above. You can still use SAM 2 and it's OK to ignore the error above, although some post-processing functionality may be limited (which doesn't affect the results in most cases; see https://github.com/facebookresearch/sam2/blob/main/INSTALL.md).
  masks = self._transforms.postprocess_masks(
  [   1/428]  1897.jpg                       GT=  12 PRED=  28 AE=  16  5.3s
  [   2/428]  1901.jpg                       GT=  17 PRED=  32 AE=  15  4.7s
  [   3/428]  1906.jpg                       GT=  70 PRED= 100 AE=  30  25.8s
  [   4/428]  1907.jpg                       GT=  28 PRED=  46 AE=  18  30.8s
  [   5/428]  1912.jpg                       GT=  46 PRED=  87 AE=  41  52.8s
  [   7/428]  1915.jpg                       GT= 684 PRED= 259 AE= 425  12.1s
  [  15/428] ERROR 1936.jpg: CUDA out of memory. Tried to allocate 7.60 GiB. GPU 0 has a total capacity of 23.99 GiB of which 2.71 GiB is free. 20.39 GiB allowed; Of the allocated memory 19.59 GiB is allocated by PyTorch, and 72.84 MiB is reserved by PyTorch but unallocated. If reserved but unallocated memory is large try setting PYTORCH_CUDA_ALLOC_CONF=expandable_segments:True to avoid fragmentation.  See documentation for Memory Management  (https://docs.pytorch.org/docs/stable/notes/cuda.html#optimizing-memory-usage-with-pytorch-cuda-alloc-conf)
  [  21/428] ERROR 1956.jpg: CUDA out of memory. Tried to allocate 8.57 GiB. GPU 0 has a total capacity of 23.99 GiB of which 8.94 GiB is free. 20.39 GiB allowed; Of the allocated memory 13.38 GiB is allocated by PyTorch, and 49.08 MiB is reserved by PyTorch but unallocated. If reserved but unallocated memory is large try setting PYTORCH_CUDA_ALLOC_CONF=expandable_segments:True to avoid fragmentation.  See documentation for Memory Management  (https://docs.pytorch.org/docs/stable/notes/cuda.html#optimizing-memory-usage-with-pytorch-cuda-alloc-conf)
  [  33/428]  1990.jpg                       GT= 476 PRED= 373 AE= 103  9.9s
  [  50/428]  running MAE=32.96  total_time=1302s  last: 2406.jpg GT=17 PRED=21
  [  84/428]  3433.jpg                       GT= 538 PRED=   6 AE= 532  5.1s
  [  87/428]  3482.jpg                       GT= 315 PRED=   3 AE= 312  5.2s
  [  88/428]  3484.jpg                       GT= 356 PRED=   9 AE= 347  4.7s
  [  90/428]  3487.jpg                       GT= 321 PRED=   4 AE= 317  5.1s
  [  91/428]  3488.jpg                       GT= 431 PRED=   7 AE= 424  5.0s
  [ 100/428]  running MAE=47.94  total_time=1584s  last: 3547.jpg GT=21 PRED=62
  [ 115/428]  3665.jpg                       GT= 907 PRED= 156 AE= 751  6.0s
  [ 123/428]  3768.jpg                       GT=   9 PRED= 233 AE= 224  7.3s
  [ 126/428]  3775.jpg                       GT=  12 PRED= 101 AE=  89  5.8s
  [ 150/428]  running MAE=46.09  total_time=1844s  last: 4569.jpg GT=21 PRED=21
  [ 152/428]  4572.jpg                       GT= 141 PRED=  54 AE=  87  4.8s
  [ 153/428]  4574.jpg                       GT= 402 PRED=  17 AE= 385  4.7s
  [ 195/428]  4811.jpg                       GT= 213 PRED=  94 AE= 119  5.6s
  [ 200/428]  running MAE=42.26  total_time=2118s  last: 4821.jpg GT=90 PRED=134
  [ 215/428]  5044.jpg                       GT= 100 PRED=  13 AE=  87  5.2s
  [ 250/428]  running MAE=39.63  total_time=2391s  last: 569.jpg GT=17 PRED=29
  [ 251/428]  5743.jpg                       GT= 270 PRED=  76 AE= 194  5.6s
  [ 252/428]  5747.jpg                       GT= 100 PRED=   6 AE=  94  5.1s
  [ 258/428]  5860.jpg                       GT= 757 PRED= 179 AE= 578  6.2s
  [ 268/428]  5902.jpg                       GT= 209 PRED= 108 AE= 101  5.9s
  [ 300/428]  running MAE=38.72  total_time=2667s  last: 615.jpg GT=23 PRED=34
  [ 312/428]  6728.jpg                       GT=  99 PRED= 182 AE=  83  7.1s
  [ 313/428]  6729.jpg                       GT= 251 PRED= 107 AE= 144  6.1s
  [ 318/428]  6784.jpg                       GT=  52 PRED= 134 AE=  82  6.8s
  [ 327/428]  6927.jpg                       GT=  32 PRED= 143 AE= 111  6.8s
  [ 329/428]  6969.jpg                       GT= 949 PRED=   2 AE= 947  4.8s
  [ 335/428]  7069.jpg                       GT= 142 PRED= 246 AE= 104  8.1s
  [ 340/428]  7155.jpg                       GT=  69 PRED= 156 AE=  87  6.4s
  [ 345/428]  7228.jpg                       GT=  63 PRED= 170 AE= 107  6.7s
  [ 350/428]  running MAE=41.53  total_time=2969s  last: 7301.jpg GT=36 PRED=1
  [ 356/428]  7388.jpg                       GT= 134 PRED= 219 AE=  85  6.9s
  [ 376/428]  7545.jpg                       GT= 106 PRED= 284 AE= 178  8.3s
  [ 384/428]  7601.jpg                       GT= 142 PRED= 263 AE= 121  7.7s
  [ 400/428]  running MAE=40.37  total_time=3254s  last: 813.jpg GT=185 PRED=210
  [ 401/428] ERROR 820.jpg: CUDA out of memory. Tried to allocate 7.15 GiB. GPU 0 has a total capacity of 23.99 GiB of which 3.82 GiB is free. 20.39 GiB allowed; Of the allocated memory 18.50 GiB is allocated by PyTorch, and 48.64 MiB is reserved by PyTorch but unallocated. If reserved but unallocated memory is large try setting PYTORCH_CUDA_ALLOC_CONF=expandable_segments:True to avoid fragmentation.  See documentation for Memory Management  (https://docs.pytorch.org/docs/stable/notes/cuda.html#optimizing-memory-usage-with-pytorch-cuda-alloc-conf)
  [ 408/428]  840.jpg                        GT= 637 PRED= 202 AE= 435  6.3s
  [ 410/428]  851.jpg                        GT= 320 PRED= 179 AE= 141  6.1s
  [ 412/428]  859.jpg                        GT=  97 PRED= 187 AE=  90  6.7s
  [ 413/428]  860.jpg                        GT= 240 PRED= 147 AE=  93  6.4s
  [ 417/428]  916.jpg                        GT=   9 PRED=  91 AE=  82  6.2s
  [ 418/428]  920.jpg                        GT=  12 PRED= 316 AE= 304  8.4s
  [ 428/428]  running MAE=41.91  total_time=3413s  last: 979.jpg GT=108 PRED=41

  Per-image detail saved → /home/czp/ws_yiyang/FreeCounting/ws_yiyang/OCCAM_experiments_series/ablation_mask_area_multi/results/M5_max025/per_image_val.json

  [val] MAE=41.9106  MSE=9086.48  RMSE=95.323  NAE=1.1459

======================================================================
  OCCAM Origin-Simulation — FSC-147 Full Evaluation Summary
======================================================================
  Mode        : OCCAM-MULTI (fraction=0.333, seed=42)
  SAM2 config : configs/sam2.1/sam2.1_hiera_l.yaml
  SAM2 ckpt   : /home/czp/ws_yiyang/FreeCounting/ws_yiyang/OCCAM/checkpoints/sam2.1_hiera_large.pt
  Started     : 2026-05-19 10:16:50
  Finished    : 2026-05-19 11:15:01
  Total time  : 58.2 min

  ── val split (n=425)
     MAE   = 41.9106
     MSE   = 9086.4800
     RMSE  = 95.3230
     NAE   = 1.1459
     avg_time = 8.03 s/img
     by GT count range:
       [   1-10]  n=  46  MAE=  21.65  RMSE=  40.77
       [  11-50]  n= 251  MAE=  24.40  RMSE=  34.85
       [ 51-200]  n= 105  MAE=  39.90  RMSE=  49.68
       [   201+]  n=  23  MAE= 282.70  RMSE= 374.25

======================================================================

Summary saved → /home/czp/ws_yiyang/FreeCounting/ws_yiyang/OCCAM_experiments_series/ablation_mask_area_multi/results/M5_max025/summary.txt
  Finished: Tue May 19 11:15:01 CST 2026
  GPU temp: 55°C
  [inter-exp] Cooling 30s between experiments...

━━━━━━━━━━━━━━━━━━━━━━━━━━━━━━━━━━━━━━━━━━━━━━━━━━━━━━━━━━━━
  Experiment: M6_max010 (OCCAM-M multi)
  min_mask_area=0.0005  max_mask_area=0.10
  Started: Tue May 19 11:15:32 CST 2026
━━━━━━━━━━━━━━━━━━━━━━━━━━━━━━━━━━━━━━━━━━━━━━━━━━━━━━━━━━━━
Building SAM2 AMG model …
Model ready. Mode=multi, crop=500, thresholds=(5.0, 4.0, 3.0)
Mask area filter: min=0.0005, max=0.1

============================================================
  Split: val  (428 images)
============================================================
/tmp/sam2_repo/sam2/sam2_image_predictor.py:431: UserWarning: cannot import name '_C' from 'sam2' (/tmp/sam2_repo/sam2/__init__.py)

Skipping the post-processing step due to the error above. You can still use SAM 2 and it's OK to ignore the error above, although some post-processing functionality may be limited (which doesn't affect the results in most cases; see https://github.com/facebookresearch/sam2/blob/main/INSTALL.md).
  masks = self._transforms.postprocess_masks(
  [   1/428]  1897.jpg                       GT=  12 PRED=  28 AE=  16  5.4s
  [   2/428]  1901.jpg                       GT=  17 PRED=  31 AE=  14  4.9s
  [   3/428]  1906.jpg                       GT=  70 PRED= 100 AE=  30  6.6s
  [   4/428]  1907.jpg                       GT=  28 PRED=  46 AE=  18  5.4s
  [   5/428]  1912.jpg                       GT=  46 PRED=  87 AE=  41  6.7s
  [   7/428]  1915.jpg                       GT= 684 PRED= 258 AE= 426  8.1s
  [  15/428] ERROR 1936.jpg: CUDA out of memory. Tried to allocate 7.60 GiB. GPU 0 has a total capacity of 23.99 GiB of which 2.71 GiB is free. Including non-PyTorch memory, this process has 17179869184.00 GiB memory in use. 20.39 GiB allowed; Of the allocated memory 19.59 GiB is allocated by PyTorch, and 72.84 MiB is reserved by PyTorch but unallocated. If reserved but unallocated memory is large try setting PYTORCH_CUDA_ALLOC_CONF=expandable_segments:True to avoid fragmentation.  See documentation for Memory Management  (https://docs.pytorch.org/docs/stable/notes/cuda.html#optimizing-memory-usage-with-pytorch-cuda-alloc-conf)
  [  21/428] ERROR 1956.jpg: CUDA out of memory. Tried to allocate 8.57 GiB. GPU 0 has a total capacity of 23.99 GiB of which 8.94 GiB is free. Including non-PyTorch memory, this process has 17179869184.00 GiB memory in use. 20.39 GiB allowed; Of the allocated memory 13.38 GiB is allocated by PyTorch, and 49.08 MiB is reserved by PyTorch but unallocated. If reserved but unallocated memory is large try setting PYTORCH_CUDA_ALLOC_CONF=expandable_segments:True to avoid fragmentation.  See documentation for Memory Management  (https://docs.pytorch.org/docs/stable/notes/cuda.html#optimizing-memory-usage-with-pytorch-cuda-alloc-conf)
  [  33/428]  1990.jpg                       GT= 476 PRED= 373 AE= 103  9.6s
  [  50/428]  running MAE=32.54  total_time=279s  last: 2406.jpg GT=17 PRED=20
  [  84/428]  3433.jpg                       GT= 538 PRED=   5 AE= 533  5.1s
  [  87/428]  3482.jpg                       GT= 315 PRED=   3 AE= 312  5.3s
  [  88/428]  3484.jpg                       GT= 356 PRED=   9 AE= 347  4.7s
  [  90/428]  3487.jpg                       GT= 321 PRED=   4 AE= 317  5.1s
  [  91/428]  3488.jpg                       GT= 431 PRED=   7 AE= 424  5.2s
  [ 100/428]  running MAE=47.61  total_time=556s  last: 3547.jpg GT=21 PRED=62
  [ 115/428]  3665.jpg                       GT= 907 PRED= 156 AE= 751  6.3s
  [ 123/428]  3768.jpg                       GT=   9 PRED= 233 AE= 224  7.7s
  [ 126/428]  3775.jpg                       GT=  12 PRED= 101 AE=  89  6.0s
  [ 150/428]  running MAE=45.75  total_time=831s  last: 4569.jpg GT=21 PRED=21
  [ 152/428]  4572.jpg                       GT= 141 PRED=  54 AE=  87  5.1s
  [ 153/428]  4574.jpg                       GT= 402 PRED=  16 AE= 386  4.9s
  [ 195/428]  4811.jpg                       GT= 213 PRED=  94 AE= 119  5.6s
  [ 200/428]  running MAE=41.89  total_time=1115s  last: 4821.jpg GT=90 PRED=133
  [ 215/428]  5044.jpg                       GT= 100 PRED=  13 AE=  87  5.2s
  [ 250/428]  running MAE=39.24  total_time=1385s  last: 569.jpg GT=17 PRED=29
  [ 251/428]  5743.jpg                       GT= 270 PRED=  76 AE= 194  5.5s
  [ 252/428]  5747.jpg                       GT= 100 PRED=   5 AE=  95  5.2s
  [ 258/428]  5860.jpg                       GT= 757 PRED= 177 AE= 580  6.3s
  [ 268/428]  5902.jpg                       GT= 209 PRED= 108 AE= 101  5.8s
  [ 300/428]  running MAE=38.36  total_time=1653s  last: 615.jpg GT=23 PRED=34
  [ 312/428]  6728.jpg                       GT=  99 PRED= 182 AE=  83  6.8s
  [ 313/428]  6729.jpg                       GT= 251 PRED= 107 AE= 144  5.8s
  [ 318/428]  6784.jpg                       GT=  52 PRED= 134 AE=  82  6.4s
  [ 327/428]  6927.jpg                       GT=  32 PRED= 143 AE= 111  6.6s
  [ 329/428]  6969.jpg                       GT= 949 PRED=   2 AE= 947  4.6s
  [ 335/428]  7069.jpg                       GT= 142 PRED= 246 AE= 104  8.1s
  [ 340/428]  7155.jpg                       GT=  69 PRED= 155 AE=  86  6.5s
  [ 345/428]  7228.jpg                       GT=  63 PRED= 170 AE= 107  7.1s
  [ 350/428]  running MAE=41.15  total_time=1949s  last: 7301.jpg GT=36 PRED=1
  [ 356/428]  7388.jpg                       GT= 134 PRED= 219 AE=  85  7.1s
  [ 376/428]  7545.jpg                       GT= 106 PRED= 284 AE= 178  8.3s
  [ 384/428]  7601.jpg                       GT= 142 PRED= 263 AE= 121  8.4s
  [ 400/428]  running MAE=40.02  total_time=2237s  last: 813.jpg GT=185 PRED=210
  [ 401/428] ERROR 820.jpg: CUDA out of memory. Tried to allocate 7.15 GiB. GPU 0 has a total capacity of 23.99 GiB of which 3.82 GiB is free. Including non-PyTorch memory, this process has 17179869184.00 GiB memory in use. 20.39 GiB allowed; Of the allocated memory 18.50 GiB is allocated by PyTorch, and 48.64 MiB is reserved by PyTorch but unallocated. If reserved but unallocated memory is large try setting PYTORCH_CUDA_ALLOC_CONF=expandable_segments:True to avoid fragmentation.  See documentation for Memory Management  (https://docs.pytorch.org/docs/stable/notes/cuda.html#optimizing-memory-usage-with-pytorch-cuda-alloc-conf)
  [ 408/428]  840.jpg                        GT= 637 PRED= 202 AE= 435  6.3s
  [ 410/428]  851.jpg                        GT= 320 PRED= 178 AE= 142  6.5s
  [ 412/428]  859.jpg                        GT=  97 PRED= 185 AE=  88  6.5s
  [ 413/428]  860.jpg                        GT= 240 PRED= 146 AE=  94  6.2s
  [ 417/428]  916.jpg                        GT=   9 PRED=  91 AE=  82  5.9s
  [ 418/428]  920.jpg                        GT=  12 PRED= 316 AE= 304  7.9s
  [ 428/428]  running MAE=41.58  total_time=2393s  last: 979.jpg GT=108 PRED=41

  Per-image detail saved → /home/czp/ws_yiyang/FreeCounting/ws_yiyang/OCCAM_experiments_series/ablation_mask_area_multi/results/M6_max010/per_image_val.json

  [val] MAE=41.5788  MSE=9082.9059  RMSE=95.3043  NAE=1.1289

======================================================================
  OCCAM Origin-Simulation — FSC-147 Full Evaluation Summary
======================================================================
  Mode        : OCCAM-MULTI (fraction=0.333, seed=42)
  SAM2 config : configs/sam2.1/sam2.1_hiera_l.yaml
  SAM2 ckpt   : /home/czp/ws_yiyang/FreeCounting/ws_yiyang/OCCAM/checkpoints/sam2.1_hiera_large.pt
  Started     : 2026-05-19 11:15:35
  Finished    : 2026-05-19 11:56:45
  Total time  : 41.2 min

  ── val split (n=425)
     MAE   = 41.5788
     MSE   = 9082.9059
     RMSE  = 95.3043
     NAE   = 1.1289
     avg_time = 5.63 s/img
     by GT count range:
       [   1-10]  n=  46  MAE=  21.15  RMSE=  40.43
       [  11-50]  n= 251  MAE=  24.06  RMSE=  34.62
       [ 51-200]  n= 105  MAE=  39.51  RMSE=  49.49
       [   201+]  n=  23  MAE= 283.00  RMSE= 374.58

======================================================================

Summary saved → /home/czp/ws_yiyang/FreeCounting/ws_yiyang/OCCAM_experiments_series/ablation_mask_area_multi/results/M6_max010/summary.txt
  Finished: Tue May 19 11:56:45 CST 2026
  GPU temp: 55°C
  [inter-exp] Cooling 30s between experiments...

━━━━━━━━━━━━━━━━━━━━━━━━━━━━━━━━━━━━━━━━━━━━━━━━━━━━━━━━━━━━
  Experiment: M7_tight (OCCAM-M multi)
  min_mask_area=0.001  max_mask_area=0.25
  Started: Tue May 19 11:57:15 CST 2026
━━━━━━━━━━━━━━━━━━━━━━━━━━━━━━━━━━━━━━━━━━━━━━━━━━━━━━━━━━━━
Building SAM2 AMG model …
Model ready. Mode=multi, crop=500, thresholds=(5.0, 4.0, 3.0)
Mask area filter: min=0.001, max=0.25

============================================================
  Split: val  (428 images)
============================================================
/tmp/sam2_repo/sam2/sam2_image_predictor.py:431: UserWarning: cannot import name '_C' from 'sam2' (/tmp/sam2_repo/sam2/__init__.py)

Skipping the post-processing step due to the error above. You can still use SAM 2 and it's OK to ignore the error above, although some post-processing functionality may be limited (which doesn't affect the results in most cases; see https://github.com/facebookresearch/sam2/blob/main/INSTALL.md).
  masks = self._transforms.postprocess_masks(
  [   1/428]  1897.jpg                       GT=  12 PRED=  22 AE=  10  5.2s
  [   2/428]  1901.jpg                       GT=  17 PRED=  30 AE=  13  4.7s
  [   3/428]  1906.jpg                       GT=  70 PRED= 100 AE=  30  6.5s
  [   4/428]  1907.jpg                       GT=  28 PRED=  44 AE=  16  5.4s
  [   5/428]  1912.jpg                       GT=  46 PRED=  84 AE=  38  6.3s
  [   7/428]  1915.jpg                       GT= 684 PRED=  67 AE= 617  5.4s
  [  15/428] ERROR 1936.jpg: CUDA out of memory. Tried to allocate 6.78 GiB. GPU 0 has a total capacity of 23.99 GiB of which 4.74 GiB is free. 20.39 GiB allowed; Of the allocated memory 17.59 GiB is allocated by PyTorch, and 38.47 MiB is reserved by PyTorch but unallocated. If reserved but unallocated memory is large try setting PYTORCH_CUDA_ALLOC_CONF=expandable_segments:True to avoid fragmentation.  See documentation for Memory Management  (https://docs.pytorch.org/docs/stable/notes/cuda.html#optimizing-memory-usage-with-pytorch-cuda-alloc-conf)
  [  21/428]  1956.jpg                       GT=1229 PRED=  29 AE=1200  5.5s
  [  33/428]  1990.jpg                       GT= 476 PRED= 317 AE= 159  8.6s
  [  50/428]  running MAE=57.47  total_time=277s  last: 2406.jpg GT=17 PRED=17
  [  61/428]  2818.jpg                       GT= 252 PRED= 138 AE= 114  6.6s
  [  84/428]  3433.jpg                       GT= 538 PRED=   6 AE= 532  4.9s
  [  87/428]  3482.jpg                       GT= 315 PRED=   3 AE= 312  5.1s
  [  88/428]  3484.jpg                       GT= 356 PRED=   9 AE= 347  4.4s
  [  89/428]  3485.jpg                       GT= 174 PRED=  77 AE=  97  5.7s
  [  90/428]  3487.jpg                       GT= 321 PRED=   2 AE= 319  4.9s
  [  91/428]  3488.jpg                       GT= 431 PRED=   6 AE= 425  4.9s
  [ 100/428]  running MAE=59.15  total_time=544s  last: 3547.jpg GT=21 PRED=49
  [ 115/428]  3665.jpg                       GT= 907 PRED=  46 AE= 861  5.2s
  [ 123/428]  3768.jpg                       GT=   9 PRED= 214 AE= 205  7.3s
  [ 142/428]  4556.jpg                       GT= 133 PRED=  40 AE=  93  4.9s
  [ 150/428]  running MAE=53.92  total_time=806s  last: 4569.jpg GT=21 PRED=21
  [ 152/428]  4572.jpg                       GT= 141 PRED=   6 AE= 135  4.6s
  [ 153/428]  4574.jpg                       GT= 402 PRED=   4 AE= 398  4.7s
  [ 156/428]  4580.jpg                       GT= 165 PRED=  84 AE=  81  5.2s
  [ 194/428]  4809.jpg                       GT= 306 PRED= 204 AE= 102  6.6s
  [ 195/428]  4811.jpg                       GT= 213 PRED=  35 AE= 178  4.7s
  [ 200/428]  running MAE=48.83  total_time=1078s  last: 4821.jpg GT=90 PRED=124
  [ 215/428]  5044.jpg                       GT= 100 PRED=   4 AE=  96  5.3s
  [ 250/428]  running MAE=43.72  total_time=1345s  last: 569.jpg GT=17 PRED=28
  [ 251/428]  5743.jpg                       GT= 270 PRED=   4 AE= 266  5.3s
  [ 252/428]  5747.jpg                       GT= 100 PRED=   6 AE=  94  5.2s
  [ 258/428]  5860.jpg                       GT= 757 PRED= 144 AE= 613  6.2s
  [ 268/428]  5902.jpg                       GT= 209 PRED=  92 AE= 117  5.6s
  [ 300/428]  running MAE=42.03  total_time=1609s  last: 615.jpg GT=23 PRED=31
  [ 313/428]  6729.jpg                       GT= 251 PRED= 103 AE= 148  5.7s
  [ 318/428]  6784.jpg                       GT=  52 PRED= 134 AE=  82  6.4s
  [ 327/428]  6927.jpg                       GT=  32 PRED= 128 AE=  96  6.5s
  [ 329/428]  6969.jpg                       GT= 949 PRED=   2 AE= 947  4.3s
  [ 335/428]  7069.jpg                       GT= 142 PRED= 234 AE=  92  7.8s
  [ 345/428]  7228.jpg                       GT=  63 PRED= 158 AE=  95  6.5s
  [ 350/428]  running MAE=43.49  total_time=1888s  last: 7301.jpg GT=36 PRED=1
  [ 376/428]  7545.jpg                       GT= 106 PRED= 261 AE= 155  7.3s
  [ 384/428]  7601.jpg                       GT= 142 PRED= 229 AE=  87  7.5s
  [ 400/428]  running MAE=41.79  total_time=2155s  last: 813.jpg GT=185 PRED=201
  [ 401/428] ERROR 820.jpg: CUDA out of memory. Tried to allocate 6.96 GiB. GPU 0 has a total capacity of 23.99 GiB of which 4.29 GiB is free. 20.39 GiB allowed; Of the allocated memory 18.03 GiB is allocated by PyTorch, and 52.15 MiB is reserved by PyTorch but unallocated. If reserved but unallocated memory is large try setting PYTORCH_CUDA_ALLOC_CONF=expandable_segments:True to avoid fragmentation.  See documentation for Memory Management  (https://docs.pytorch.org/docs/stable/notes/cuda.html#optimizing-memory-usage-with-pytorch-cuda-alloc-conf)
  [ 408/428]  840.jpg                        GT= 637 PRED= 189 AE= 448  6.0s
  [ 410/428]  851.jpg                        GT= 320 PRED= 168 AE= 152  5.9s
  [ 413/428]  860.jpg                        GT= 240 PRED= 144 AE=  96  6.0s
  [ 418/428]  920.jpg                        GT=  12 PRED= 290 AE= 278  7.3s
  [ 428/428]  running MAE=43.06  total_time=2304s  last: 979.jpg GT=108 PRED=7

  Per-image detail saved → /home/czp/ws_yiyang/FreeCounting/ws_yiyang/OCCAM_experiments_series/ablation_mask_area_multi/results/M7_tight/per_image_val.json

  [val] MAE=43.0634  MSE=13449.4484  RMSE=115.9718  NAE=0.9609

======================================================================
  OCCAM Origin-Simulation — FSC-147 Full Evaluation Summary
======================================================================
  Mode        : OCCAM-MULTI (fraction=0.333, seed=42)
  SAM2 config : configs/sam2.1/sam2.1_hiera_l.yaml
  SAM2 ckpt   : /home/czp/ws_yiyang/FreeCounting/ws_yiyang/OCCAM/checkpoints/sam2.1_hiera_large.pt
  Started     : 2026-05-19 11:57:19
  Finished    : 2026-05-19 12:36:48
  Total time  : 39.5 min

  ── val split (n=426)
     MAE   = 43.0634
     MSE   = 13449.4484
     RMSE  = 115.9718
     NAE   = 0.9609
     avg_time = 5.41 s/img
     by GT count range:
       [   1-10]  n=  46  MAE=  17.11  RMSE=  35.42
       [  11-50]  n= 251  MAE=  21.10  RMSE=  30.63
       [ 51-200]  n= 105  MAE=  36.82  RMSE=  47.68
       [   201+]  n=  24  MAE= 349.88  RMSE= 465.37

======================================================================

Summary saved → /home/czp/ws_yiyang/FreeCounting/ws_yiyang/OCCAM_experiments_series/ablation_mask_area_multi/results/M7_tight/summary.txt
  Finished: Tue May 19 12:36:48 CST 2026
  GPU temp: 56°C
  [inter-exp] Cooling 30s between experiments...

============================================================
  All OCCAM-M experiments done at Tue May 19 12:37:18 CST 2026
============================================================
