Building SAM2 AMG model …
Model ready. Mode=multi, crop=500, thresholds=(5.0, 4.0, 3.0)
Mask area filter: min=0.0005, max=0.1
Mask policy: p6  (score_thresh=0.85, topk=100, iqr_k=1.5)
Cluster method: finch (eps=10, delta=3 for sng)  PRED strategy: max

============================================================
  Split: val  (428 images)
============================================================
/tmp/sam2_repo/sam2/sam2_image_predictor.py:431: UserWarning: cannot import name '_C' from 'sam2' (/tmp/sam2_repo/sam2/__init__.py)

Skipping the post-processing step due to the error above. You can still use SAM 2 and it's OK to ignore the error above, although some post-processing functionality may be limited (which doesn't affect the results in most cases; see https://github.com/facebookresearch/sam2/blob/main/INSTALL.md).
  masks = self._transforms.postprocess_masks(
  [   1/428]  1897.jpg                       GT=  12 PRED=   9 AE=   3  6.0s
  [   2/428]  1901.jpg                       GT=  17 PRED=   9 AE=   8  5.5s
  [   3/428]  1906.jpg                       GT=  70 PRED=  55 AE=  15  7.4s
  [   4/428]  1907.jpg                       GT=  28 PRED=  13 AE=  15  6.2s
  [   5/428]  1912.jpg                       GT=  46 PRED=  24 AE=  22  7.2s
  [   7/428]  1915.jpg                       GT= 684 PRED= 153 AE= 531  8.6s
  [  15/428] ERROR 1936.jpg: CUDA out of memory. Tried to allocate 7.44 GiB. GPU 0 has a total capacity of 23.99 GiB of which 3.12 GiB is free. Including non-PyTorch memory, this process has 17179869184.00 GiB memory in use. 20.39 GiB allowed; Of the allocated memory 19.19 GiB is allocated by PyTorch, and 61.96 MiB is reserved by PyTorch but unallocated. If reserved but unallocated memory is large try setting PYTORCH_CUDA_ALLOC_CONF=expandable_segments:True to avoid fragmentation.  See documentation for Memory Management  (https://docs.pytorch.org/docs/stable/notes/cuda.html#optimizing-memory-usage-with-pytorch-cuda-alloc-conf)
  [  21/428] ERROR 1956.jpg: CUDA out of memory. Tried to allocate 8.36 GiB. GPU 0 has a total capacity of 23.99 GiB of which 9.26 GiB is free. Including non-PyTorch memory, this process has 17179869184.00 GiB memory in use. 20.39 GiB allowed; Of the allocated memory 13.08 GiB is allocated by PyTorch, and 36.16 MiB is reserved by PyTorch but unallocated. If reserved but unallocated memory is large try setting PYTORCH_CUDA_ALLOC_CONF=expandable_segments:True to avoid fragmentation.  See documentation for Memory Management  (https://docs.pytorch.org/docs/stable/notes/cuda.html#optimizing-memory-usage-with-pytorch-cuda-alloc-conf)
  [  22/428]  1960.jpg                       GT= 163 PRED=  72 AE=  91  7.7s
  [  33/428]  1990.jpg                       GT= 476 PRED= 341 AE= 135  10.0s
  [  50/428]  running MAE=29.02  total_time=342s  last: 2406.jpg GT=17 PRED=5
  [  66/428]  2842.jpg                       GT= 124 PRED=  34 AE=  90  9.8s
  [  84/428]  3433.jpg                       GT= 538 PRED=   2 AE= 536  9.0s
  [  87/428]  3482.jpg                       GT= 315 PRED=   2 AE= 313  8.5s
  [  88/428]  3484.jpg                       GT= 356 PRED=   4 AE= 352  7.3s
  [  89/428]  3485.jpg                       GT= 174 PRED=  43 AE= 131  9.1s
  [  90/428]  3487.jpg                       GT= 321 PRED=   2 AE= 319  8.4s
  [  91/428]  3488.jpg                       GT= 431 PRED=   5 AE= 426  8.6s
  [ 100/428]  running MAE=42.72  total_time=804s  last: 3547.jpg GT=21 PRED=21
  [ 115/428]  3665.jpg                       GT= 907 PRED= 112 AE= 795  9.2s
  [ 150/428]  running MAE=35.60  total_time=1211s  last: 4569.jpg GT=21 PRED=18
  [ 152/428]  4572.jpg                       GT= 141 PRED=  49 AE=  92  4.9s
  [ 153/428]  4574.jpg                       GT= 402 PRED=  12 AE= 390  4.7s
  [ 194/428]  4809.jpg                       GT= 306 PRED= 179 AE= 127  7.8s
  [ 195/428]  4811.jpg                       GT= 213 PRED=  57 AE= 156  5.4s
  [ 200/428]  running MAE=32.64  total_time=1486s  last: 4821.jpg GT=90 PRED=92
  [ 215/428]  5044.jpg                       GT= 100 PRED=   9 AE=  91  5.1s
  [ 250/428]  running MAE=27.56  total_time=1750s  last: 569.jpg GT=17 PRED=18
  [ 251/428]  5743.jpg                       GT= 270 PRED=  76 AE= 194  5.6s
  [ 252/428]  5747.jpg                       GT= 100 PRED=   2 AE=  98  5.1s
  [ 258/428]  5860.jpg                       GT= 757 PRED= 136 AE= 621  6.1s
  [ 268/428]  5902.jpg                       GT= 209 PRED=  42 AE= 167  6.2s
  [ 269/428]  5905.jpg                       GT= 147 PRED=  50 AE=  97  7.0s
  [ 300/428]  running MAE=28.12  total_time=2063s  last: 615.jpg GT=23 PRED=23
  [ 313/428]  6729.jpg                       GT= 251 PRED=  42 AE= 209  10.5s
  [ 321/428]  6835.jpg                       GT= 138 PRED=  26 AE= 112  10.7s
  [ 329/428]  6969.jpg                       GT= 949 PRED=   1 AE= 948  8.0s
  [ 333/428]  7013.jpg                       GT= 139 PRED=  44 AE=  95  10.1s
  [ 350/428]  running MAE=29.56  total_time=2583s  last: 7301.jpg GT=36 PRED=1
  [ 362/428]  7436.jpg                       GT= 283 PRED=  88 AE= 195  10.0s
  [ 382/428]  7593.jpg                       GT= 274 PRED=  90 AE= 184  8.4s
  [ 390/428]  7659.jpg                       GT= 198 PRED=  69 AE= 129  9.4s
  [ 398/428]  808.jpg                        GT= 182 PRED=  74 AE= 108  9.0s
  [ 400/428]  running MAE=29.18  total_time=2880s  last: 813.jpg GT=185 PRED=36
  [ 401/428] ERROR 820.jpg: CUDA out of memory. Tried to allocate 6.69 GiB. GPU 0 has a total capacity of 23.99 GiB of which 4.96 GiB is free. Including non-PyTorch memory, this process has 17179869184.00 GiB memory in use. 20.39 GiB allowed; Of the allocated memory 17.38 GiB is allocated by PyTorch, and 41.63 MiB is reserved by PyTorch but unallocated. If reserved but unallocated memory is large try setting PYTORCH_CUDA_ALLOC_CONF=expandable_segments:True to avoid fragmentation.  See documentation for Memory Management  (https://docs.pytorch.org/docs/stable/notes/cuda.html#optimizing-memory-usage-with-pytorch-cuda-alloc-conf)
  [ 408/428]  840.jpg                        GT= 637 PRED= 162 AE= 475  7.0s
  [ 409/428]  850.jpg                        GT= 183 PRED=  98 AE=  85  6.3s
  [ 410/428]  851.jpg                        GT= 320 PRED= 126 AE= 194  6.9s
  [ 413/428]  860.jpg                        GT= 240 PRED= 117 AE= 123  6.7s
  [ 418/428]  920.jpg                        GT=  12 PRED= 116 AE= 104  8.2s
  [ 428/428]  running MAE=30.80  total_time=3046s  last: 979.jpg GT=108 PRED=41

  Per-image detail saved → /home/czp/ws_yiyang/FreeCounting/ws_yiyang/OCCAM_experiments_series/ablation_mask_policy_multi/results/MP6_score_nms/per_image_val.json

  [val] MAE=30.8024  MSE=9301.9412  RMSE=96.4466  NAE=0.3589

======================================================================
  OCCAM Origin-Simulation — FSC-147 Full Evaluation Summary
======================================================================
  Mode        : OCCAM-MULTI (fraction=0.333, seed=42)
  SAM2 config : configs/sam2.1/sam2.1_hiera_l.yaml
  SAM2 ckpt   : /home/czp/ws_yiyang/FreeCounting/ws_yiyang/OCCAM/checkpoints/sam2.1_hiera_large.pt
  Started     : 2026-05-21 17:40:47
  Finished    : 2026-05-21 18:33:02
  Total time  : 52.3 min

  ── val split (n=425)
     MAE   = 30.8024
     MSE   = 9301.9412
     RMSE  = 96.4466
     NAE   = 0.3589
     avg_time = 7.17 s/img
     by GT count range:
       [   1-10]  n=  46  MAE=   4.11  RMSE=   9.98
       [  11-50]  n= 251  MAE=   6.85  RMSE=  11.23
       [ 51-200]  n= 105  MAE=  35.51  RMSE=  49.03
       [   201+]  n=  23  MAE= 324.09  RMSE= 399.16

======================================================================

Summary saved → /home/czp/ws_yiyang/FreeCounting/ws_yiyang/OCCAM_experiments_series/ablation_mask_policy_multi/results/MP6_score_nms/summary.txt
