Building SAM2 Predictor (paper seed-grid path) …
Model ready. Backend=predictor, Mode=single, crop=224, finch_thresholds=(12.0, 9.0, 7.75), multiscale=True, dup_iou=0.1, seed_spacing=10
Mask area filter: min=0.0005, max=0.1
Mask policy: p0  (score_thresh=0.85, topk=100, iqr_k=1.5)
Cluster method: finch (eps=10, delta=None for sng)  PRED strategy: max
[gpu-guard] enabled  limit=78C  cooldown=30s  hysteresis=5C  check_every=5  gpu=0  start_temp=45C  bin=/usr/lib/wsl/lib/nvidia-smi

============================================================
  Split: test  (396 images)
============================================================
  [   1/396]  1053.jpg                       GT= 207 PRED= 170 AE=  37  10.3s
  [   2/396]  1106.jpg                       GT=  49 PRED=  17 AE=  32  7.3s
  [   3/396]  1123.jpg                       GT=3701 PRED= 140 AE=3561  10.1s
  [   4/396]  1458.jpg                       GT= 162 PRED= 152 AE=  10  7.5s
  [   5/396]  1463.jpg                       GT=  60 PRED=  47 AE=  13  15.3s
  [   7/396]  1497.jpg                       GT= 207 PRED= 102 AE= 105  8.3s
  [  12/396]  2005.jpg                       GT= 140 PRED= 225 AE=  85  11.9s
  [  13/396]  2009.jpg                       GT= 198 PRED= 281 AE=  83  10.4s
  [  20/396]  2025.jpg                       GT=  60 PRED= 183 AE= 123  8.0s
  [  40/396]  2219.jpg                       GT= 356 PRED= 213 AE= 143  9.3s
  [  41/396]  2229.jpg                       GT= 111 PRED= 278 AE= 167  7.1s
  [  50/396]  running MAE=103.96  total_time=498s  last: 2255.jpg GT=20 PRED=20
  [  53/396]  2261.jpg                       GT= 174 PRED=  32 AE= 142  10.3s
  [ 100/396]  running MAE=58.68  total_time=979s  last: 320.jpg GT=16 PRED=33
  [ 115/396]  3329.jpg                       GT= 178 PRED=  77 AE= 101  6.7s
  [ 118/396]  3335.jpg                       GT= 350 PRED=  82 AE= 268  8.8s
  [ 150/396]  running MAE=45.49  total_time=1453s  last: 4174.jpg GT=36 PRED=25
  [ 175/396]  4905.jpg                       GT= 250 PRED= 169 AE=  81  8.9s
  [ 200/396]  running MAE=37.28  total_time=1942s  last: 5145.jpg GT=15 PRED=11
  [ 250/396]  running MAE=31.66  total_time=2382s  last: 5847.jpg GT=13 PRED=13
  [ 271/396]  6271.jpg                       GT= 240 PRED= 117 AE= 123  10.6s
  [ 273/396]  6281.jpg                       GT= 675 PRED= 517 AE= 158  11.1s
  [ 278/396]  6644.jpg                       GT= 500 PRED= 309 AE= 191  13.9s
  [ 287/396]  6811.jpg                       GT= 209 PRED=  94 AE= 115  7.0s
  [ 300/396]  running MAE=30.08  total_time=2932s  last: 6920.jpg GT=44 PRED=26
  [ 314/396]  7027.jpg                       GT=  93 PRED= 176 AE=  83  12.8s
  [ 317/396]  7042.jpg                       GT= 198 PRED=  29 AE= 169  12.1s
  [ 322/396]  7075.jpg                       GT= 195 PRED=  69 AE= 126  13.2s
  [ 328/396]  7114.jpg                       GT= 289 PRED= 151 AE= 138  13.9s
  [ 330/396]  7134.jpg                       GT=  23 PRED= 156 AE= 133  11.2s
  [ 342/396]  7251.jpg                       GT= 117 PRED=  24 AE=  93  9.3s
  [ 349/396]  7378.jpg                       GT= 256 PRED=   5 AE= 251  8.5s
  [ 350/396]  running MAE=30.00  total_time=3421s  last: 7381.jpg GT=72 PRED=71
  [ 357/396]  7440.jpg                       GT=  32 PRED= 117 AE=  85  8.4s
  [ 363/396]  7473.jpg                       GT= 508 PRED= 367 AE= 141  7.4s
  [ 364/396]  7475.jpg                       GT= 122 PRED=  15 AE= 107  12.6s
  [ 377/396]  7596.jpg                       GT= 298 PRED= 155 AE= 143  10.2s
  [ 379/396]  7611.jpg                       GT=2560 PRED=1379 AE=1181  25.0s
  [ 396/396]  running MAE=32.03  total_time=3926s  last: 995.jpg GT=20 PRED=44

  Per-image detail saved → /home/czp/ws_yiyang/GOC-Freely-Object-Counting/results/2026-05-29-1928-repro-occamS-area010-max/per_image_test.json

  [test] MAE=32.0328  MSE=37202.8561  RMSE=192.8804  NAE=0.4282

======================================================================
  OCCAM Origin-Simulation — FSC-147 Full Evaluation Summary
======================================================================
  Mode        : OCCAM-SINGLE (fraction=0.333, seed=42)
  SAM2 config : configs/sam2.1/sam2.1_hiera_l.yaml
  SAM2 ckpt   : /home/czp/ws_yiyang/GOC-Freely-Object-Counting/codes/checkpoints/sam2.1_hiera_large.pt
  Started     : 2026-05-29 19:29:10
  Finished    : 2026-05-29 20:34:52
  Total time  : 65.7 min

  ── test split (n=396)
     MAE   = 32.0328
     MSE   = 37202.8561
     RMSE  = 192.8804
     NAE   = 0.4282
     avg_time = 9.91 s/img
     by GT count range:
       [   1-10]  n=  11  MAE=   8.64  RMSE=  16.07
       [  11-50]  n= 219  MAE=  11.49  RMSE=  21.62
       [ 51-200]  n= 140  MAE=  23.29  RMSE=  39.87
       [   201+]  n=  26  MAE= 262.04  RMSE= 744.33

======================================================================

Summary saved → /home/czp/ws_yiyang/GOC-Freely-Object-Counting/results/2026-05-29-1928-repro-occamS-area010-max/summary.txt
