Building SAM2 AMG model …
Model ready. Mode=multi, crop=500, thresholds=(5.0, 4.0, 3.0)
Mask area filter: min=0.001, max=0.5

============================================================
  Split: val  (428 images)
============================================================
/tmp/sam2_repo/sam2/sam2_image_predictor.py:431: UserWarning: cannot import name '_C' from 'sam2' (/tmp/sam2_repo/sam2/__init__.py)

Skipping the post-processing step due to the error above. You can still use SAM 2 and it's OK to ignore the error above, although some post-processing functionality may be limited (which doesn't affect the results in most cases; see https://github.com/facebookresearch/sam2/blob/main/INSTALL.md).
  masks = self._transforms.postprocess_masks(
  [   1/428]  1897.jpg                       GT=  12 PRED=  22 AE=  10  5.3s
  [   2/428]  1901.jpg                       GT=  17 PRED=  30 AE=  13  4.7s
  [   3/428]  1906.jpg                       GT=  70 PRED= 100 AE=  30  6.7s
  [   4/428]  1907.jpg                       GT=  28 PRED=  45 AE=  17  5.5s
  [   5/428]  1912.jpg                       GT=  46 PRED=  84 AE=  38  6.4s
  [   7/428]  1915.jpg                       GT= 684 PRED=  68 AE= 616  5.4s
  [  15/428] ERROR 1936.jpg: CUDA out of memory. Tried to allocate 6.78 GiB. GPU 0 has a total capacity of 23.99 GiB of which 4.74 GiB is free. Including non-PyTorch memory, this process has 17179869184.00 GiB memory in use. 20.39 GiB allowed; Of the allocated memory 17.59 GiB is allocated by PyTorch, and 38.47 MiB is reserved by PyTorch but unallocated. If reserved but unallocated memory is large try setting PYTORCH_CUDA_ALLOC_CONF=expandable_segments:True to avoid fragmentation.  See documentation for Memory Management  (https://docs.pytorch.org/docs/stable/notes/cuda.html#optimizing-memory-usage-with-pytorch-cuda-alloc-conf)
  [  21/428]  1956.jpg                       GT=1229 PRED=  29 AE=1200  5.4s
  [  33/428]  1990.jpg                       GT= 476 PRED= 317 AE= 159  8.3s
  [  50/428]  running MAE=57.59  total_time=277s  last: 2406.jpg GT=17 PRED=18
  [  61/428]  2818.jpg                       GT= 252 PRED= 138 AE= 114  6.9s
  [  84/428]  3433.jpg                       GT= 538 PRED=   7 AE= 531  5.0s
  [  87/428]  3482.jpg                       GT= 315 PRED=   4 AE= 311  5.1s
  [  88/428]  3484.jpg                       GT= 356 PRED=   9 AE= 347  4.4s
  [  89/428]  3485.jpg                       GT= 174 PRED=  77 AE=  97  5.8s
  [  90/428]  3487.jpg                       GT= 321 PRED=   2 AE= 319  5.0s
  [  91/428]  3488.jpg                       GT= 431 PRED=   7 AE= 424  4.9s
  [ 100/428]  running MAE=59.19  total_time=542s  last: 3547.jpg GT=21 PRED=49
  [ 115/428]  3665.jpg                       GT= 907 PRED=  48 AE= 859  5.1s
  [ 123/428]  3768.jpg                       GT=   9 PRED= 214 AE= 205  7.4s
  [ 142/428]  4556.jpg                       GT= 133 PRED=  40 AE=  93  4.7s
  [ 150/428]  running MAE=53.93  total_time=805s  last: 4569.jpg GT=21 PRED=21
  [ 152/428]  4572.jpg                       GT= 141 PRED=   7 AE= 134  4.5s
  [ 153/428]  4574.jpg                       GT= 402 PRED=   4 AE= 398  4.6s
  [ 156/428]  4580.jpg                       GT= 165 PRED=  84 AE=  81  5.3s
  [ 194/428]  4809.jpg                       GT= 306 PRED= 204 AE= 102  6.8s
  [ 195/428]  4811.jpg                       GT= 213 PRED=  35 AE= 178  4.7s
  [ 200/428]  running MAE=48.85  total_time=1078s  last: 4821.jpg GT=90 PRED=125
  [ 215/428]  5044.jpg                       GT= 100 PRED=   5 AE=  95  5.2s
  [ 250/428]  running MAE=43.76  total_time=1346s  last: 569.jpg GT=17 PRED=29
  [ 251/428]  5743.jpg                       GT= 270 PRED=   4 AE= 266  5.0s
  [ 252/428]  5747.jpg                       GT= 100 PRED=   7 AE=  93  5.0s
  [ 258/428]  5860.jpg                       GT= 757 PRED= 144 AE= 613  6.2s
  [ 268/428]  5902.jpg                       GT= 209 PRED=  93 AE= 116  5.7s
  [ 300/428]  running MAE=42.08  total_time=1612s  last: 615.jpg GT=23 PRED=31
  [ 313/428]  6729.jpg                       GT= 251 PRED= 103 AE= 148  6.0s
  [ 318/428]  6784.jpg                       GT=  52 PRED= 134 AE=  82  6.4s
  [ 327/428]  6927.jpg                       GT=  32 PRED= 128 AE=  96  6.6s
  [ 329/428]  6969.jpg                       GT= 949 PRED=   2 AE= 947  4.4s
  [ 335/428]  7069.jpg                       GT= 142 PRED= 234 AE=  92  7.9s
  [ 345/428]  7228.jpg                       GT=  63 PRED= 158 AE=  95  6.7s
  [ 350/428]  running MAE=43.56  total_time=1902s  last: 7301.jpg GT=36 PRED=1
  [ 376/428]  7545.jpg                       GT= 106 PRED= 261 AE= 155  7.9s
  [ 384/428]  7601.jpg                       GT= 142 PRED= 229 AE=  87  8.1s
  [ 400/428]  running MAE=41.86  total_time=2178s  last: 813.jpg GT=185 PRED=201
  [ 401/428] ERROR 820.jpg: CUDA out of memory. Tried to allocate 6.96 GiB. GPU 0 has a total capacity of 23.99 GiB of which 4.29 GiB is free. Including non-PyTorch memory, this process has 17179869184.00 GiB memory in use. 20.39 GiB allowed; Of the allocated memory 18.03 GiB is allocated by PyTorch, and 52.15 MiB is reserved by PyTorch but unallocated. If reserved but unallocated memory is large try setting PYTORCH_CUDA_ALLOC_CONF=expandable_segments:True to avoid fragmentation.  See documentation for Memory Management  (https://docs.pytorch.org/docs/stable/notes/cuda.html#optimizing-memory-usage-with-pytorch-cuda-alloc-conf)
  [ 408/428]  840.jpg                        GT= 637 PRED= 189 AE= 448  6.2s
  [ 410/428]  851.jpg                        GT= 320 PRED= 168 AE= 152  6.1s
  [ 413/428]  860.jpg                        GT= 240 PRED= 144 AE=  96  6.3s
  [ 418/428]  920.jpg                        GT=  12 PRED= 290 AE= 278  7.7s
  [ 428/428]  running MAE=43.13  total_time=2333s  last: 979.jpg GT=108 PRED=7

  Per-image detail saved → /home/czp/ws_yiyang/FreeCounting/ws_yiyang/OCCAM_experiments_series/ablation_mask_area_multi/results/M2_min001/per_image_val.json

  [val] MAE=43.1315  MSE=13432.6573  RMSE=115.8993  NAE=0.9678

======================================================================
  OCCAM Origin-Simulation — FSC-147 Full Evaluation Summary
======================================================================
  Mode        : OCCAM-MULTI (fraction=0.333, seed=42)
  SAM2 config : configs/sam2.1/sam2.1_hiera_l.yaml
  SAM2 ckpt   : /home/czp/ws_yiyang/FreeCounting/ws_yiyang/OCCAM/checkpoints/sam2.1_hiera_large.pt
  Started     : 2026-05-17 13:08:35
  Finished    : 2026-05-17 13:48:34
  Total time  : 40.0 min

  ── val split (n=426)
     MAE   = 43.1315
     MSE   = 13432.6573
     RMSE  = 115.8993
     NAE   = 0.9678
     avg_time = 5.48 s/img
     by GT count range:
       [   1-10]  n=  46  MAE=  17.41  RMSE=  35.53
       [  11-50]  n= 251  MAE=  21.19  RMSE=  30.67
       [ 51-200]  n= 105  MAE=  36.80  RMSE=  47.60
       [   201+]  n=  24  MAE= 349.58  RMSE= 465.04

======================================================================

Summary saved → /home/czp/ws_yiyang/FreeCounting/ws_yiyang/OCCAM_experiments_series/ablation_mask_area_multi/results/M2_min001/summary.txt
