Using cache found in /home/gaoyiyang/.cache/torch/hub/facebookresearch_dinov2_main
/home/gaoyiyang/.cache/torch/hub/facebookresearch_dinov2_main/dinov2/layers/swiglu_ffn.py:51: UserWarning: xFormers is not available (SwiGLU)
  warnings.warn("xFormers is not available (SwiGLU)")
/home/gaoyiyang/.cache/torch/hub/facebookresearch_dinov2_main/dinov2/layers/attention.py:33: UserWarning: xFormers is not available (Attention)
  warnings.warn("xFormers is not available (Attention)")
/home/gaoyiyang/.cache/torch/hub/facebookresearch_dinov2_main/dinov2/layers/block.py:40: UserWarning: xFormers is not available (Block)
  warnings.warn("xFormers is not available (Block)")
/home/gaoyiyang/ws_yiyang/ws_mmmu/bench/New_approach/pf_cud/features/visual.py:75: UserWarning: The given NumPy array is not writable, and PyTorch does not support non-writable tensors. This means writing to this tensor will result in undefined behavior. You may want to copy the array to protect its data or make it writable before converting it to a tensor. This type of warning will be suppressed for the rest of this program. (Triggered internally at /pytorch/torch/csrc/utils/tensor_numpy.cpp:203.)
  t = torch.from_numpy(arr).to(device).permute(2, 0, 1).float().div_(255.0)
[gpu-guard] enabled  limit=78C  cooldown=30s  hysteresis=5C  check_every=5  gpu=0  start_temp=39C  bin=/usr/bin/nvidia-smi
[1/297] 5.jpg gt=113 top1=2 oracle=68 select=9 scale=18 cand=2167 groups=193 top1_MAE=111.00 select_MAE=104.00 scale_MAE=95.00 (13.4s, 13.2s/img)
[5/297] 299.jpg gt=16 top1=2 oracle=18 select=4 scale=42 cand=1474 groups=199 top1_MAE=43.40 select_MAE=47.80 scale_MAE=41.60 (83.2s, 7.5s/img)
[10/297] 322.jpg gt=27 top1=2 oracle=27 select=13 scale=26 cand=2956 groups=307 top1_MAE=37.50 select_MAE=35.30 scale_MAE=26.70 (180.9s, 16.5s/img)
[15/297] 343.jpg gt=16 top1=4 oracle=14 select=13 scale=13 cand=2201 groups=280 top1_MAE=31.67 select_MAE=28.13 scale_MAE=22.20 (260.6s, 11.1s/img)
[20/297] 695.jpg gt=11 top1=2 oracle=11 select=6 scale=15 cand=2035 groups=282 top1_MAE=37.65 select_MAE=34.10 scale_MAE=24.20 (339.4s, 10.6s/img)
[25/297] 904.jpg gt=12 top1=3 oracle=11 select=637 scale=35 cand=3653 groups=273 top1_MAE=38.24 select_MAE=59.16 scale_MAE=25.96 (409.6s, 20.9s/img)
[30/297] 1106.jpg gt=49 top1=2 oracle=32 select=7 scale=32 cand=2289 groups=163 top1_MAE=36.63 select_MAE=53.67 scale_MAE=23.57 (456.4s, 7.8s/img)
[35/297] 1884.jpg gt=16 top1=2 oracle=16 select=4 scale=13 cand=3263 groups=395 top1_MAE=44.17 select_MAE=59.34 scale_MAE=28.97 (505.5s, 21.9s/img)
[40/297] 2020.jpg gt=36 top1=3 oracle=38 select=2 scale=17 cand=1720 groups=146 top1_MAE=43.05 select_MAE=56.02 scale_MAE=28.93 (545.0s, 6.0s/img)
[45/297] 2044.jpg gt=27 top1=2 oracle=15 select=2 scale=50 cand=1743 groups=121 top1_MAE=41.16 select_MAE=52.62 scale_MAE=33.80 (583.3s, 5.6s/img)
[50/297] 2151.jpg gt=11 top1=3 oracle=11 select=13 scale=33 cand=1369 groups=194 top1_MAE=39.54 select_MAE=51.56 scale_MAE=33.84 (627.6s, 6.2s/img)
[55/297] 2177.jpg gt=27 top1=2 oracle=34 select=13 scale=18 cand=1674 groups=186 top1_MAE=43.95 select_MAE=54.49 scale_MAE=36.75 (670.1s, 6.7s/img)
[60/297] 2206.jpg gt=88 top1=2 oracle=47 select=2 scale=80 cand=1487 groups=131 top1_MAE=42.98 select_MAE=52.48 scale_MAE=35.05 (761.1s, 6.1s/img)
[65/297] 2234.jpg gt=11 top1=2 oracle=11 select=2 scale=32 cand=2537 groups=263 top1_MAE=41.28 select_MAE=49.54 scale_MAE=34.18 (842.4s, 14.0s/img)
[70/297] 2260.jpg gt=11 top1=3 oracle=10 select=12 scale=21 cand=1290 groups=169 top1_MAE=47.54 select_MAE=54.07 scale_MAE=39.56 (898.4s, 5.2s/img)
[75/297] 2284.jpg gt=25 top1=2 oracle=20 select=2 scale=11 cand=1751 groups=163 top1_MAE=47.36 select_MAE=53.23 scale_MAE=37.87 (925.9s, 7.4s/img)
[80/297] 2916.jpg gt=202 top1=2 oracle=117 select=2 scale=25 cand=6884 groups=356 top1_MAE=48.69 select_MAE=61.96 scale_MAE=39.15 (1069.9s, 48.4s/img)
[85/297] 2937.jpg gt=78 top1=2 oracle=60 select=2 scale=17 cand=3324 groups=296 top1_MAE=49.12 select_MAE=61.44 scale_MAE=38.38 (1166.5s, 20.8s/img)
[90/297] 3114.jpg gt=17 top1=2 oracle=12 select=7 scale=48 cand=1430 groups=133 top1_MAE=48.19 select_MAE=63.59 scale_MAE=38.10 (1222.2s, 5.7s/img)
[95/297] 3283.jpg gt=37 top1=2 oracle=19 select=2 scale=53 cand=970 groups=137 top1_MAE=47.14 select_MAE=61.37 scale_MAE=37.32 (1265.4s, 3.5s/img)
[100/297] 3327.jpg gt=33 top1=3 oracle=26 select=13 scale=20 cand=384 groups=29 top1_MAE=52.14 select_MAE=65.45 scale_MAE=39.40 (1283.1s, 1.0s/img)
[105/297] 3497.jpg gt=161 top1=2 oracle=71 select=8 scale=34 cand=2971 groups=364 top1_MAE=56.30 select_MAE=68.51 scale_MAE=42.38 (1338.9s, 22.7s/img)
[110/297] 3658.jpg gt=36 top1=2 oracle=20 select=2 scale=43 cand=960 groups=107 top1_MAE=55.98 select_MAE=67.56 scale_MAE=41.45 (1357.0s, 3.4s/img)
[115/297] 4073.jpg gt=25 top1=2 oracle=11 select=2 scale=27 cand=699 groups=95 top1_MAE=55.97 select_MAE=67.05 scale_MAE=41.08 (1373.3s, 2.2s/img)
[120/297] 4116.jpg gt=15 top1=4 oracle=15 select=2 scale=52 cand=690 groups=101 top1_MAE=54.27 select_MAE=64.86 scale_MAE=40.11 (1409.1s, 2.4s/img)
[125/297] 4292.jpg gt=11 top1=2 oracle=6 select=2 scale=36 cand=527 groups=62 top1_MAE=53.94 select_MAE=63.99 scale_MAE=40.27 (1443.5s, 1.7s/img)
[130/297] 4415.jpg gt=16 top1=2 oracle=6 select=32 scale=13 cand=799 groups=65 top1_MAE=53.91 select_MAE=63.45 scale_MAE=39.78 (1467.6s, 2.3s/img)
[135/297] 4875.jpg gt=40 top1=2 oracle=33 select=2 scale=48 cand=5722 groups=540 top1_MAE=52.44 select_MAE=66.44 scale_MAE=38.87 (1553.3s, 48.7s/img)
[140/297] 4895.jpg gt=8 top1=2 oracle=8 select=2 scale=25 cand=1337 groups=165 top1_MAE=51.62 select_MAE=64.97 scale_MAE=38.24 (1610.5s, 5.3s/img)
[145/297] 4919.jpg gt=31 top1=4 oracle=26 select=4 scale=18 cand=2267 groups=305 top1_MAE=52.48 select_MAE=65.29 scale_MAE=38.61 (1708.4s, 14.5s/img)
[150/297] 4940.jpg gt=31 top1=2 oracle=21 select=2 scale=80 cand=2008 groups=144 top1_MAE=51.95 select_MAE=64.23 scale_MAE=38.07 (1875.0s, 8.1s/img)
[155/297] 4960.jpg gt=29 top1=2 oracle=33 select=2 scale=74 cand=3013 groups=299 top1_MAE=53.08 select_MAE=64.87 scale_MAE=38.76 (1943.2s, 18.4s/img)
[160/297] 5358.jpg gt=25 top1=2 oracle=19 select=6 scale=34 cand=1845 groups=139 top1_MAE=53.13 select_MAE=66.05 scale_MAE=38.14 (1977.6s, 6.8s/img)
[165/297] 5379.jpg gt=9 top1=2 oracle=7 select=6 scale=22 cand=847 groups=61 top1_MAE=52.33 select_MAE=64.75 scale_MAE=37.45 (1994.5s, 2.3s/img)
[170/297] 5506.jpg gt=88 top1=2 oracle=40 select=2 scale=28 cand=744 groups=126 top1_MAE=52.11 select_MAE=64.06 scale_MAE=37.19 (2021.3s, 2.8s/img)
[175/297] 5575.jpg gt=12 top1=2 oracle=11 select=10 scale=15 cand=1910 groups=194 top1_MAE=52.12 select_MAE=63.56 scale_MAE=37.41 (2063.4s, 7.2s/img)
[180/297] 5597.jpg gt=128 top1=2 oracle=22 select=2 scale=33 cand=744 groups=51 top1_MAE=51.96 select_MAE=62.99 scale_MAE=37.15 (2098.3s, 2.4s/img)
[185/297] 5805.jpg gt=31 top1=2 oracle=38 select=14 scale=36 cand=1205 groups=111 top1_MAE=52.19 select_MAE=62.82 scale_MAE=37.08 (2139.0s, 4.2s/img)
[190/297] 5825.jpg gt=14 top1=2 oracle=13 select=2 scale=28 cand=1637 groups=195 top1_MAE=51.76 select_MAE=61.98 scale_MAE=36.81 (2235.2s, 6.4s/img)
[195/297] 5845.jpg gt=57 top1=2 oracle=48 select=2 scale=54 cand=2053 groups=223 top1_MAE=52.34 select_MAE=62.22 scale_MAE=36.55 (2409.7s, 10.9s/img)
[200/297] 5923.jpg gt=13 top1=2 oracle=13 select=13 scale=57 cand=563 groups=38 top1_MAE=51.97 select_MAE=61.70 scale_MAE=36.42 (2467.7s, 1.5s/img)
[205/297] 5943.jpg gt=48 top1=2 oracle=40 select=2 scale=11 cand=2980 groups=386 top1_MAE=51.09 select_MAE=60.75 scale_MAE=36.34 (2504.7s, 21.2s/img)
[210/297] 6245.jpg gt=12 top1=8 oracle=14 select=894 scale=17 cand=3107 groups=346 top1_MAE=52.37 select_MAE=66.48 scale_MAE=37.06 (2540.3s, 20.2s/img)
[215/297] 6265.jpg gt=90 top1=2 oracle=70 select=2 scale=50 cand=1531 groups=141 top1_MAE=53.94 select_MAE=67.69 scale_MAE=37.84 (2568.6s, 6.2s/img)
[220/297] 6285.jpg gt=101 top1=3 oracle=59 select=59 scale=46 cand=1268 groups=116 top1_MAE=56.79 select_MAE=70.77 scale_MAE=38.99 (2612.2s, 4.9s/img)
[225/297] 6658.jpg gt=361 top1=2 oracle=58 select=2 scale=10 cand=2179 groups=187 top1_MAE=57.45 select_MAE=73.22 scale_MAE=40.09 (2638.0s, 8.8s/img)
[230/297] 7493.jpg gt=38 top1=2 oracle=25 select=7 scale=36 cand=1300 groups=155 top1_MAE=57.05 select_MAE=72.27 scale_MAE=39.71 (2661.6s, 5.3s/img)
[235/297] 7071.jpg gt=44 top1=3 oracle=44 select=6 scale=90 cand=1763 groups=170 top1_MAE=56.74 select_MAE=71.55 scale_MAE=39.67 (2717.2s, 7.1s/img)
[240/297] 7277.jpg gt=26 top1=2 oracle=19 select=2 scale=44 cand=949 groups=77 top1_MAE=55.95 select_MAE=70.43 scale_MAE=39.32 (2738.9s, 3.1s/img)
[245/297] 7554.jpg gt=71 top1=2 oracle=29 select=4 scale=40 cand=1703 groups=195 top1_MAE=55.68 select_MAE=69.81 scale_MAE=39.26 (2812.6s, 7.5s/img)
[250/297] 6742.jpg gt=24 top1=2 oracle=20 select=14 scale=36 cand=1570 groups=165 top1_MAE=55.60 select_MAE=75.76 scale_MAE=39.45 (2929.6s, 6.4s/img)
[255/297] 6760.jpg gt=100 top1=2 oracle=18 select=2 scale=90 cand=1115 groups=141 top1_MAE=55.87 select_MAE=75.62 scale_MAE=39.18 (3017.4s, 3.8s/img)
[260/297] 7329.jpg gt=144 top1=2 oracle=41 select=14 scale=180 cand=3142 groups=335 top1_MAE=57.72 select_MAE=78.39 scale_MAE=40.48 (3078.4s, 19.5s/img)
[265/297] 7075.jpg gt=195 top1=2 oracle=175 select=8 scale=2 cand=3242 groups=446 top1_MAE=58.84 select_MAE=79.07 scale_MAE=41.18 (3232.3s, 30.1s/img)
[270/297] 6833.jpg gt=17 top1=2 oracle=16 select=14 scale=45 cand=4315 groups=445 top1_MAE=58.84 select_MAE=78.64 scale_MAE=41.60 (3411.5s, 34.9s/img)
[275/297] 7701.jpg gt=23 top1=2 oracle=37 select=4 scale=36 cand=457 groups=17 top1_MAE=58.14 select_MAE=77.52 scale_MAE=41.03 (3627.7s, 1.2s/img)
[280/297] 7539.jpg gt=77 top1=4 oracle=37 select=6 scale=38 cand=726 groups=46 top1_MAE=58.43 select_MAE=77.42 scale_MAE=41.44 (3663.5s, 2.7s/img)
[285/297] 6959.jpg gt=212 top1=2 oracle=60 select=407 scale=59 cand=1867 groups=177 top1_MAE=59.23 select_MAE=77.79 scale_MAE=41.57 (3756.4s, 7.6s/img)
[290/297] 6809.jpg gt=140 top1=2 oracle=118 select=4 scale=40 cand=1994 groups=193 top1_MAE=59.01 select_MAE=77.58 scale_MAE=41.63 (3781.8s, 10.0s/img)
[295/297] 7278.jpg gt=72 top1=2 oracle=66 select=16 scale=32 cand=1428 groups=144 top1_MAE=58.76 select_MAE=80.89 scale_MAE=41.27 (3881.9s, 4.6s/img)

=== FSC147 test results ===
{
  "num_images": 297,
  "top1_mae": 58.82828282828283,
  "top1_rmse": 98.37898272712644,
  "top1_nae": 0.9050847163585194,
  "top1_sre": 56.66548525256029,
  "select_mae": 80.8080808080808,
  "select_rmse": 180.34484363646948,
  "select_nae": 2.037791524025659,
  "select_sre": 1139.9986056611613,
  "scale_mae": 41.30976430976431,
  "scale_rmse": 73.09232665258519,
  "scale_nae": 0.8698988534083326,
  "scale_sre": 44.03720049902675,
  "oracle_mae": 23.343434343434343,
  "oracle_rmse": 50.09146516278878,
  "top1_by_gt_range": {
    "1-10": {
      "n": 11,
      "mae": 6.363636363636363,
      "rmse": 6.714976477316141
    },
    "11-50": {
      "n": 177,
      "mae": 22.89830508474576,
      "rmse": 25.796793914577574
    },
    "51-200": {
      "n": 95,
      "mae": 91.11578947368422,
      "rmse": 99.3232892602419
    },
    "201+": {
      "n": 14,
      "mae": 335.2142857142857,
      "rmse": 360.4581410213555
    }
  },
  "select_by_gt_range": {
    "1-10": {
      "n": 11,
      "mae": 8.545454545454545,
      "rmse": 15.0453858828425
    },
    "11-50": {
      "n": 177,
      "mae": 53.83050847457627,
      "rmse": 186.4569140336728
    },
    "51-200": {
      "n": 95,
      "mae": 102.32631578947368,
      "rmse": 133.97851359551336
    },
    "201+": {
      "n": 14,
      "mae": 332.64285714285717,
      "rmse": 358.40210857160343
    }
  },
  "scale_by_gt_range": {
    "1-10": {
      "n": 11,
      "mae": 26.363636363636363,
      "rmse": 30.003030150000153
    },
    "11-50": {
      "n": 177,
      "mae": 19.29943502824859,
      "rmse": 27.606598736267944
    },
    "51-200": {
      "n": 95,
      "mae": 53.03157894736842,
      "rmse": 66.0849532997609
    },
    "201+": {
      "n": 14,
      "mae": 251.78571428571428,
      "rmse": 270.84985297604067
    }
  },
  "oracle_by_gt_range": {
    "1-10": {
      "n": 11,
      "mae": 0.45454545454545453,
      "rmse": 0.7977240352174656
    },
    "11-50": {
      "n": 177,
      "mae": 4.677966101694915,
      "rmse": 7.123606018854805
    },
    "51-200": {
      "n": 95,
      "mae": 42.06315789473684,
      "rmse": 56.47467993432287
    },
    "201+": {
      "n": 14,
      "mae": 150.28571428571428,
      "rmse": 175.91353395509802
    }
  },
  "elapsed_sec": 3929.8205177783966
}
