Building SAM2 AMG model …
Model ready. Mode=single, crop=224, thresholds=(12.0, 9.0, 7.75)
Mask area filter: min=0.0005, max=0.1
Cluster method: sng (eps=5, delta=3 for sng)  PRED strategy: max

============================================================
  Split: val  (428 images)
============================================================
/tmp/sam2_repo/sam2/sam2_image_predictor.py:431: UserWarning: cannot import name '_C' from 'sam2' (/tmp/sam2_repo/sam2/__init__.py)

Skipping the post-processing step due to the error above. You can still use SAM 2 and it's OK to ignore the error above, although some post-processing functionality may be limited (which doesn't affect the results in most cases; see https://github.com/facebookresearch/sam2/blob/main/INSTALL.md).
  masks = self._transforms.postprocess_masks(
  [   1/428]  1897.jpg                       GT=  12 PRED=  12 AE=   0  5.2s
  [   2/428]  1901.jpg                       GT=  17 PRED=  19 AE=   2  4.7s
  [   3/428]  1906.jpg                       GT=  70 PRED=  15 AE=  55  5.9s
  [   4/428]  1907.jpg                       GT=  28 PRED=  19 AE=   9  5.2s
  [   5/428]  1912.jpg                       GT=  46 PRED=  22 AE=  24  5.7s
  [   7/428]  1915.jpg                       GT= 684 PRED=  34 AE= 650  5.4s
  [  10/428]  1920.jpg                       GT= 138 PRED=  27 AE= 111  5.2s
  [  14/428]  1934.jpg                       GT= 171 PRED=  24 AE= 147  5.9s
  [  15/428]  1936.jpg                       GT= 501 PRED=  28 AE= 473  6.7s
  [  21/428]  1956.jpg                       GT=1229 PRED=  41 AE=1188  6.9s
  [  22/428]  1960.jpg                       GT= 163 PRED=  57 AE= 106  6.1s
  [  28/428]  1977.jpg                       GT= 132 PRED=  42 AE=  90  6.5s
  [  31/428]  1983.jpg                       GT= 172 PRED=  19 AE= 153  6.0s
  [  33/428]  1990.jpg                       GT= 476 PRED=  81 AE= 395  6.3s
  [  50/428]  running MAE=78.84  total_time=271s  last: 2406.jpg GT=17 PRED=6
  [  61/428]  2818.jpg                       GT= 252 PRED=  22 AE= 230  5.7s
  [  66/428]  2842.jpg                       GT= 124 PRED=  38 AE=  86  5.2s
  [  70/428]  2858.jpg                       GT= 131 PRED=  31 AE= 100  5.0s
  [  74/428]  2869.jpg                       GT= 119 PRED=  33 AE=  86  5.3s
  [  77/428]  2879.jpg                       GT= 150 PRED=  36 AE= 114  5.5s
  [  78/428]  2884.jpg                       GT= 165 PRED=  20 AE= 145  5.9s
  [  84/428]  3433.jpg                       GT= 538 PRED=   1 AE= 537  5.0s
  [  87/428]  3482.jpg                       GT= 315 PRED=   1 AE= 314  5.2s
  [  88/428]  3484.jpg                       GT= 356 PRED=   9 AE= 347  4.7s
  [  89/428]  3485.jpg                       GT= 174 PRED=  16 AE= 158  5.6s
  [  90/428]  3487.jpg                       GT= 321 PRED=   1 AE= 320  5.3s
  [  91/428]  3488.jpg                       GT= 431 PRED=   7 AE= 424  5.7s
  [ 100/428]  running MAE=76.40  total_time=530s  last: 3547.jpg GT=21 PRED=14
  [ 115/428]  3665.jpg                       GT= 907 PRED=  30 AE= 877  5.3s
  [ 142/428]  4556.jpg                       GT= 133 PRED=  19 AE= 114  4.7s
  [ 150/428]  running MAE=59.88  total_time=789s  last: 4569.jpg GT=21 PRED=11
  [ 152/428]  4572.jpg                       GT= 141 PRED=  20 AE= 121  4.4s
  [ 153/428]  4574.jpg                       GT= 402 PRED=  15 AE= 387  4.6s
  [ 156/428]  4580.jpg                       GT= 165 PRED=  58 AE= 107  4.8s
  [ 186/428]  4796.jpg                       GT= 196 PRED=  22 AE= 174  5.2s
  [ 193/428]  4808.jpg                       GT= 120 PRED=  24 AE=  96  5.2s
  [ 194/428]  4809.jpg                       GT= 306 PRED=  46 AE= 260  5.7s
  [ 195/428]  4811.jpg                       GT= 213 PRED=  36 AE= 177  4.8s
  [ 200/428]  running MAE=54.39  total_time=1047s  last: 4821.jpg GT=90 PRED=30
  [ 207/428]  4842.jpg                       GT= 122 PRED=  38 AE=  84  5.1s
  [ 212/428]  4849.jpg                       GT= 121 PRED=  15 AE= 106  7.0s
  [ 215/428]  5044.jpg                       GT= 100 PRED=  13 AE=  87  5.2s
  [ 250/428]  running MAE=46.59  total_time=1329s  last: 569.jpg GT=17 PRED=17
  [ 251/428]  5743.jpg                       GT= 270 PRED=  27 AE= 243  5.5s
  [ 252/428]  5747.jpg                       GT= 100 PRED=   1 AE=  99  5.4s
  [ 258/428]  5860.jpg                       GT= 757 PRED=  19 AE= 738  5.6s
  [ 260/428]  5876.jpg                       GT= 216 PRED=  28 AE= 188  5.9s
  [ 268/428]  5902.jpg                       GT= 209 PRED=  23 AE= 186  5.1s
  [ 269/428]  5905.jpg                       GT= 147 PRED=  26 AE= 121  5.3s
  [ 270/428]  5906.jpg                       GT= 113 PRED=  27 AE=  86  5.8s
  [ 271/428]  5907.jpg                       GT= 156 PRED=  41 AE= 115  5.1s
  [ 300/428]  running MAE=46.72  total_time=1582s  last: 615.jpg GT=23 PRED=8
  [ 312/428]  6728.jpg                       GT=  99 PRED=  12 AE=  87  5.4s
  [ 313/428]  6729.jpg                       GT= 251 PRED=  50 AE= 201  5.1s
  [ 316/428]  6775.jpg                       GT= 191 PRED=  28 AE= 163  5.6s
  [ 321/428]  6835.jpg                       GT= 138 PRED=  20 AE= 118  5.8s
  [ 329/428]  6969.jpg                       GT= 949 PRED=   1 AE= 948  4.4s
  [ 333/428]  7013.jpg                       GT= 139 PRED=  23 AE= 116  5.1s
  [ 335/428]  7069.jpg                       GT= 142 PRED=  28 AE= 114  5.7s
  [ 338/428]  7143.jpg                       GT= 121 PRED=  24 AE=  97  5.4s
  [ 348/428]  7280.jpg                       GT= 116 PRED=  22 AE=  94  5.8s
  [ 350/428]  running MAE=48.10  total_time=1838s  last: 7301.jpg GT=36 PRED=1
  [ 356/428]  7388.jpg                       GT= 134 PRED=  24 AE= 110  5.4s
  [ 362/428]  7436.jpg                       GT= 283 PRED=  20 AE= 263  7.2s
  [ 376/428]  7545.jpg                       GT= 106 PRED=  23 AE=  83  6.0s
  [ 382/428]  7593.jpg                       GT= 274 PRED=  26 AE= 248  5.5s
  [ 384/428]  7601.jpg                       GT= 142 PRED=  19 AE= 123  5.9s
  [ 390/428]  7659.jpg                       GT= 198 PRED=  24 AE= 174  6.6s
  [ 398/428]  808.jpg                        GT= 182 PRED=  27 AE= 155  6.4s
  [ 400/428]  running MAE=47.09  total_time=2089s  last: 813.jpg GT=185 PRED=42
  [ 401/428]  820.jpg                        GT= 437 PRED=  66 AE= 371  6.8s
  [ 405/428]  831.jpg                        GT= 117 PRED=  23 AE=  94  5.6s
  [ 406/428]  832.jpg                        GT= 116 PRED=  26 AE=  90  5.7s
  [ 408/428]  840.jpg                        GT= 637 PRED=  73 AE= 564  5.0s
  [ 409/428]  850.jpg                        GT= 183 PRED=  38 AE= 145  4.9s
  [ 410/428]  851.jpg                        GT= 320 PRED=  38 AE= 282  5.1s
  [ 413/428]  860.jpg                        GT= 240 PRED=  73 AE= 167  4.8s
  [ 428/428]  running MAE=49.36  total_time=2232s  last: 979.jpg GT=108 PRED=10

  Per-image detail saved → /home/czp/ws_yiyang/FreeCounting/ws_yiyang/OCCAM_experiments_series/ablation_clustering/results/A6_SNG_e5_d3/per_image_val.json

  [val] MAE=49.3598  MSE=16663.6495  RMSE=129.0878  NAE=0.5019

======================================================================
  OCCAM Origin-Simulation — FSC-147 Full Evaluation Summary
======================================================================
  Mode        : OCCAM-SINGLE (fraction=0.333, seed=42)
  SAM2 config : configs/sam2.1/sam2.1_hiera_l.yaml
  SAM2 ckpt   : /home/czp/ws_yiyang/FreeCounting/ws_yiyang/OCCAM/checkpoints/sam2.1_hiera_large.pt
  Started     : 2026-05-19 16:26:10
  Finished    : 2026-05-19 17:04:09
  Total time  : 38.0 min

  ── val split (n=428)
     MAE   = 49.3598
     MSE   = 16663.6495
     RMSE  = 129.0878
     NAE   = 0.5019
     avg_time = 5.22 s/img
     by GT count range:
       [   1-10]  n=  46  MAE=   5.15  RMSE=   7.11
       [  11-50]  n= 251  MAE=   9.21  RMSE=  12.36
       [ 51-200]  n= 105  MAE=  72.38  RMSE=  82.28
       [   201+]  n=  26  MAE= 422.23  RMSE= 495.38

======================================================================

Summary saved → /home/czp/ws_yiyang/FreeCounting/ws_yiyang/OCCAM_experiments_series/ablation_clustering/results/A6_SNG_e5_d3/summary.txt
