Building SAM2 AMG model …
Model ready. Mode=multi, crop=500, thresholds=(5.0, 4.0, 3.0)
Mask area filter: min=0.0005, max=0.1
Mask policy: p2  (score_thresh=0.85, topk=100, iqr_k=1.5)
Cluster method: finch (eps=10, delta=3 for sng)  PRED strategy: max

============================================================
  Split: val  (428 images)
============================================================
/tmp/sam2_repo/sam2/sam2_image_predictor.py:431: UserWarning: cannot import name '_C' from 'sam2' (/tmp/sam2_repo/sam2/__init__.py)

Skipping the post-processing step due to the error above. You can still use SAM 2 and it's OK to ignore the error above, although some post-processing functionality may be limited (which doesn't affect the results in most cases; see https://github.com/facebookresearch/sam2/blob/main/INSTALL.md).
  masks = self._transforms.postprocess_masks(
  [   1/428]  1897.jpg                       GT=  12 PRED=   8 AE=   4  5.1s
  [   2/428]  1901.jpg                       GT=  17 PRED=   9 AE=   8  4.6s
  [   3/428]  1906.jpg                       GT=  70 PRED=  44 AE=  26  6.2s
  [   4/428]  1907.jpg                       GT=  28 PRED=  15 AE=  13  5.3s
  [   5/428]  1912.jpg                       GT=  46 PRED=  19 AE=  27  6.2s
  [   7/428]  1915.jpg                       GT= 684 PRED=  67 AE= 617  5.8s
  [  14/428]  1934.jpg                       GT= 171 PRED=  79 AE=  92  6.2s
  [  15/428]  1936.jpg                       GT= 501 PRED=  88 AE= 413  6.1s
  [  21/428]  1956.jpg                       GT=1229 PRED=  38 AE=1191  6.1s
  [  22/428]  1960.jpg                       GT= 163 PRED=  70 AE=  93  6.2s
  [  28/428]  1977.jpg                       GT= 132 PRED=  47 AE=  85  6.8s
  [  31/428]  1983.jpg                       GT= 172 PRED=  64 AE= 108  6.0s
  [  33/428]  1990.jpg                       GT= 476 PRED=  59 AE= 417  5.9s
  [  50/428]  running MAE=69.96  total_time=272s  last: 2406.jpg GT=17 PRED=9
  [  61/428]  2818.jpg                       GT= 252 PRED=  76 AE= 176  6.3s
  [  66/428]  2842.jpg                       GT= 124 PRED=  29 AE=  95  5.6s
  [  77/428]  2879.jpg                       GT= 150 PRED=  41 AE= 109  5.8s
  [  78/428]  2884.jpg                       GT= 165 PRED=  60 AE= 105  5.9s
  [  84/428]  3433.jpg                       GT= 538 PRED=   2 AE= 536  4.8s
  [  87/428]  3482.jpg                       GT= 315 PRED=   2 AE= 313  5.1s
  [  88/428]  3484.jpg                       GT= 356 PRED=   4 AE= 352  4.4s
  [  89/428]  3485.jpg                       GT= 174 PRED=  26 AE= 148  6.0s
  [  90/428]  3487.jpg                       GT= 321 PRED=   2 AE= 319  4.9s
  [  91/428]  3488.jpg                       GT= 431 PRED=   5 AE= 426  4.8s
  [ 100/428]  running MAE=68.02  total_time=534s  last: 3547.jpg GT=21 PRED=26
  [ 115/428]  3665.jpg                       GT= 907 PRED=  66 AE= 841  5.5s
  [ 150/428]  running MAE=53.11  total_time=792s  last: 4569.jpg GT=21 PRED=18
  [ 153/428]  4574.jpg                       GT= 402 PRED=  95 AE= 307  5.4s
  [ 186/428]  4796.jpg                       GT= 196 PRED=  88 AE= 108  5.7s
  [ 194/428]  4809.jpg                       GT= 306 PRED=  90 AE= 216  5.8s
  [ 195/428]  4811.jpg                       GT= 213 PRED=  60 AE= 153  5.3s
  [ 200/428]  running MAE=46.38  total_time=1058s  last: 4821.jpg GT=90 PRED=74
  [ 215/428]  5044.jpg                       GT= 100 PRED=  10 AE=  90  5.0s
  [ 250/428]  running MAE=39.37  total_time=1318s  last: 569.jpg GT=17 PRED=18
  [ 251/428]  5743.jpg                       GT= 270 PRED=  81 AE= 189  5.4s
  [ 252/428]  5747.jpg                       GT= 100 PRED=   2 AE=  98  5.0s
  [ 258/428]  5860.jpg                       GT= 757 PRED=  76 AE= 681  5.5s
  [ 260/428]  5876.jpg                       GT= 216 PRED=  97 AE= 119  6.2s
  [ 268/428]  5902.jpg                       GT= 209 PRED=  41 AE= 168  5.6s
  [ 269/428]  5905.jpg                       GT= 147 PRED=  26 AE= 121  6.0s
  [ 300/428]  running MAE=38.73  total_time=1577s  last: 615.jpg GT=23 PRED=25
  [ 313/428]  6729.jpg                       GT= 251 PRED=  37 AE= 214  5.6s
  [ 316/428]  6775.jpg                       GT= 191 PRED=  84 AE= 107  5.9s
  [ 321/428]  6835.jpg                       GT= 138 PRED=  18 AE= 120  6.3s
  [ 329/428]  6969.jpg                       GT= 949 PRED=  50 AE= 899  5.1s
  [ 333/428]  7013.jpg                       GT= 139 PRED=  43 AE=  96  6.3s
  [ 350/428]  running MAE=39.27  total_time=1851s  last: 7301.jpg GT=36 PRED=21
  [ 362/428]  7436.jpg                       GT= 283 PRED=  28 AE= 255  7.3s
  [ 382/428]  7593.jpg                       GT= 274 PRED=  61 AE= 213  6.0s
  [ 390/428]  7659.jpg                       GT= 198 PRED=  27 AE= 171  6.9s
  [ 398/428]  808.jpg                        GT= 182 PRED=  23 AE= 159  7.6s
  [ 400/428]  running MAE=38.08  total_time=2112s  last: 813.jpg GT=185 PRED=31
  [ 401/428]  820.jpg                        GT= 437 PRED=  78 AE= 359  7.0s
  [ 408/428]  840.jpg                        GT= 637 PRED=  77 AE= 560  5.6s
  [ 409/428]  850.jpg                        GT= 183 PRED=  43 AE= 140  5.5s
  [ 410/428]  851.jpg                        GT= 320 PRED=  80 AE= 240  5.6s
  [ 413/428]  860.jpg                        GT= 240 PRED=  83 AE= 157  5.6s
  [ 428/428]  running MAE=40.08  total_time=2267s  last: 979.jpg GT=108 PRED=80

  Per-image detail saved → /home/czp/ws_yiyang/FreeCounting/ws_yiyang/OCCAM_experiments_series/ablation_mask_policy_multi/results/MP2_topk100/per_image_val.json

  [val] MAE=40.0818  MSE=14661.3949  RMSE=121.0842  NAE=0.4116

======================================================================
  OCCAM Origin-Simulation — FSC-147 Full Evaluation Summary
======================================================================
  Mode        : OCCAM-MULTI (fraction=0.333, seed=42)
  SAM2 config : configs/sam2.1/sam2.1_hiera_l.yaml
  SAM2 ckpt   : /home/czp/ws_yiyang/FreeCounting/ws_yiyang/OCCAM/checkpoints/sam2.1_hiera_large.pt
  Started     : 2026-05-21 14:46:31
  Finished    : 2026-05-21 15:25:12
  Total time  : 38.7 min

  ── val split (n=428)
     MAE   = 40.0818
     MSE   = 14661.3949
     RMSE  = 121.0842
     NAE   = 0.4116
     avg_time = 5.30 s/img
     by GT count range:
       [   1-10]  n=  46  MAE=   5.07  RMSE=   8.77
       [  11-50]  n= 251  MAE=   7.14  RMSE=  10.13
       [ 51-200]  n= 105  MAE=  45.70  RMSE=  59.86
       [   201+]  n=  26  MAE= 397.35  RMSE= 475.14

======================================================================

Summary saved → /home/czp/ws_yiyang/FreeCounting/ws_yiyang/OCCAM_experiments_series/ablation_mask_policy_multi/results/MP2_topk100/summary.txt
