Building SAM2 AMG model …
Model ready. Mode=multi, crop=500, thresholds=(5.0, 4.0, 3.0)
Mask area filter: min=0.0005, max=0.1
Mask policy: p0  (score_thresh=0.85, topk=100, iqr_k=1.5)
Cluster method: finch (eps=10, delta=3 for sng)  PRED strategy: max

============================================================
  Split: val  (428 images)
============================================================
/tmp/sam2_repo/sam2/sam2_image_predictor.py:431: UserWarning: cannot import name '_C' from 'sam2' (/tmp/sam2_repo/sam2/__init__.py)

Skipping the post-processing step due to the error above. You can still use SAM 2 and it's OK to ignore the error above, although some post-processing functionality may be limited (which doesn't affect the results in most cases; see https://github.com/facebookresearch/sam2/blob/main/INSTALL.md).
  masks = self._transforms.postprocess_masks(
  [   1/428]  1897.jpg                       GT=  12 PRED=   8 AE=   4  5.3s
  [   2/428]  1901.jpg                       GT=  17 PRED=   9 AE=   8  4.6s
  [   3/428]  1906.jpg                       GT=  70 PRED=  44 AE=  26  6.2s
  [   4/428]  1907.jpg                       GT=  28 PRED=  15 AE=  13  5.3s
  [   5/428]  1912.jpg                       GT=  46 PRED=  24 AE=  22  6.2s
  [   7/428]  1915.jpg                       GT= 684 PRED= 153 AE= 531  7.6s
  [  15/428] ERROR 1936.jpg: CUDA out of memory. Tried to allocate 7.44 GiB. GPU 0 has a total capacity of 23.99 GiB of which 3.12 GiB is free. 20.39 GiB allowed; Of the allocated memory 19.19 GiB is allocated by PyTorch, and 61.96 MiB is reserved by PyTorch but unallocated. If reserved but unallocated memory is large try setting PYTORCH_CUDA_ALLOC_CONF=expandable_segments:True to avoid fragmentation.  See documentation for Memory Management  (https://docs.pytorch.org/docs/stable/notes/cuda.html#optimizing-memory-usage-with-pytorch-cuda-alloc-conf)
  [  21/428] ERROR 1956.jpg: CUDA out of memory. Tried to allocate 8.36 GiB. GPU 0 has a total capacity of 23.99 GiB of which 9.26 GiB is free. 20.39 GiB allowed; Of the allocated memory 13.08 GiB is allocated by PyTorch, and 36.16 MiB is reserved by PyTorch but unallocated. If reserved but unallocated memory is large try setting PYTORCH_CUDA_ALLOC_CONF=expandable_segments:True to avoid fragmentation.  See documentation for Memory Management  (https://docs.pytorch.org/docs/stable/notes/cuda.html#optimizing-memory-usage-with-pytorch-cuda-alloc-conf)
  [  22/428]  1960.jpg                       GT= 163 PRED=  65 AE=  98  6.5s
  [  33/428]  1990.jpg                       GT= 476 PRED= 339 AE= 137  9.0s
  [  50/428]  running MAE=29.79  total_time=266s  last: 2406.jpg GT=17 PRED=5
  [  61/428]  2818.jpg                       GT= 252 PRED= 163 AE=  89  7.5s
  [  66/428]  2842.jpg                       GT= 124 PRED=  23 AE= 101  5.7s
  [  78/428]  2884.jpg                       GT= 165 PRED=  77 AE=  88  6.3s
  [  84/428]  3433.jpg                       GT= 538 PRED=   2 AE= 536  4.8s
  [  87/428]  3482.jpg                       GT= 315 PRED=   2 AE= 313  5.1s
  [  88/428]  3484.jpg                       GT= 356 PRED=   4 AE= 352  4.4s
  [  89/428]  3485.jpg                       GT= 174 PRED=  43 AE= 131  5.8s
  [  90/428]  3487.jpg                       GT= 321 PRED=   2 AE= 319  4.8s
  [  91/428]  3488.jpg                       GT= 431 PRED=   5 AE= 426  4.8s
  [ 100/428]  running MAE=44.57  total_time=527s  last: 3547.jpg GT=21 PRED=22
  [ 115/428]  3665.jpg                       GT= 907 PRED= 111 AE= 796  6.2s
  [ 123/428]  3768.jpg                       GT=   9 PRED= 100 AE=  91  6.8s
  [ 150/428]  running MAE=37.16  total_time=783s  last: 4569.jpg GT=21 PRED=18
  [ 152/428]  4572.jpg                       GT= 141 PRED=  49 AE=  92  4.7s
  [ 153/428]  4574.jpg                       GT= 402 PRED=  12 AE= 390  4.5s
  [ 194/428]  4809.jpg                       GT= 306 PRED= 171 AE= 135  7.5s
  [ 195/428]  4811.jpg                       GT= 213 PRED=  59 AE= 154  5.2s
  [ 200/428]  running MAE=34.09  total_time=1047s  last: 4821.jpg GT=90 PRED=92
  [ 215/428]  5044.jpg                       GT= 100 PRED=   9 AE=  91  5.0s
  [ 250/428]  running MAE=29.09  total_time=1307s  last: 569.jpg GT=17 PRED=18
  [ 251/428]  5743.jpg                       GT= 270 PRED=  76 AE= 194  5.4s
  [ 252/428]  5747.jpg                       GT= 100 PRED=   2 AE=  98  4.9s
  [ 258/428]  5860.jpg                       GT= 757 PRED= 147 AE= 610  5.9s
  [ 268/428]  5902.jpg                       GT= 209 PRED=  42 AE= 167  5.7s
  [ 269/428]  5905.jpg                       GT= 147 PRED=  50 AE=  97  6.5s
  [ 300/428]  running MAE=29.27  total_time=1565s  last: 615.jpg GT=23 PRED=25
  [ 313/428]  6729.jpg                       GT= 251 PRED=  43 AE= 208  5.7s
  [ 321/428]  6835.jpg                       GT= 138 PRED=  25 AE= 113  6.8s
  [ 329/428]  6969.jpg                       GT= 949 PRED=   1 AE= 948  4.4s
  [ 333/428]  7013.jpg                       GT= 139 PRED=  45 AE=  94  6.8s
  [ 350/428]  running MAE=30.73  total_time=1844s  last: 7301.jpg GT=36 PRED=1
  [ 362/428]  7436.jpg                       GT= 283 PRED=  96 AE= 187  9.3s
  [ 382/428]  7593.jpg                       GT= 274 PRED=  88 AE= 186  7.7s
  [ 390/428]  7659.jpg                       GT= 198 PRED=  71 AE= 127  7.8s
  [ 398/428]  808.jpg                        GT= 182 PRED=  61 AE= 121  8.5s
  [ 400/428]  running MAE=30.32  total_time=2113s  last: 813.jpg GT=185 PRED=36
  [ 401/428] ERROR 820.jpg: CUDA out of memory. Tried to allocate 6.71 GiB. GPU 0 has a total capacity of 23.99 GiB of which 4.92 GiB is free. 20.39 GiB allowed; Of the allocated memory 17.41 GiB is allocated by PyTorch, and 44.43 MiB is reserved by PyTorch but unallocated. If reserved but unallocated memory is large try setting PYTORCH_CUDA_ALLOC_CONF=expandable_segments:True to avoid fragmentation.  See documentation for Memory Management  (https://docs.pytorch.org/docs/stable/notes/cuda.html#optimizing-memory-usage-with-pytorch-cuda-alloc-conf)
  [ 408/428]  840.jpg                        GT= 637 PRED= 165 AE= 472  6.4s
  [ 410/428]  851.jpg                        GT= 320 PRED= 126 AE= 194  6.2s
  [ 413/428]  860.jpg                        GT= 240 PRED= 126 AE= 114  6.2s
  [ 418/428]  920.jpg                        GT=  12 PRED= 118 AE= 106  7.7s
  [ 428/428]  running MAE=31.86  total_time=2264s  last: 979.jpg GT=108 PRED=41

  Per-image detail saved → /home/czp/ws_yiyang/FreeCounting/ws_yiyang/OCCAM_experiments_series/ablation_mask_policy_multi/results/MP0_baseline/per_image_val.json

  [val] MAE=31.8565  MSE=9335.3671  RMSE=96.6197  NAE=0.3945

======================================================================
  OCCAM Origin-Simulation — FSC-147 Full Evaluation Summary
======================================================================
  Mode        : OCCAM-MULTI (fraction=0.333, seed=42)
  SAM2 config : configs/sam2.1/sam2.1_hiera_l.yaml
  SAM2 ckpt   : /home/czp/ws_yiyang/FreeCounting/ws_yiyang/OCCAM/checkpoints/sam2.1_hiera_large.pt
  Started     : 2026-05-21 13:28:32
  Finished    : 2026-05-21 14:07:31
  Total time  : 39.0 min

  ── val split (n=425)
     MAE   = 31.8565
     MSE   = 9335.3671
     RMSE  = 96.6197
     NAE   = 0.3945
     avg_time = 5.33 s/img
     by GT count range:
       [   1-10]  n=  46  MAE=   5.20  RMSE=  14.52
       [  11-50]  n= 251  MAE=   7.49  RMSE=  11.91
       [ 51-200]  n= 105  MAE=  37.69  RMSE=  50.79
       [   201+]  n=  23  MAE= 324.48  RMSE= 398.44

======================================================================

Summary saved → /home/czp/ws_yiyang/FreeCounting/ws_yiyang/OCCAM_experiments_series/ablation_mask_policy_multi/results/MP0_baseline/summary.txt
