Building SAM2 AMG model …
Model ready. Mode=single, crop=224, thresholds=(12.0, 9.0, 7.75)
Mask area filter: min=0.0005, max=0.1
Cluster method: sng (eps=8, delta=3 for sng)  PRED strategy: max

============================================================
  Split: val  (428 images)
============================================================
/tmp/sam2_repo/sam2/sam2_image_predictor.py:431: UserWarning: cannot import name '_C' from 'sam2' (/tmp/sam2_repo/sam2/__init__.py)

Skipping the post-processing step due to the error above. You can still use SAM 2 and it's OK to ignore the error above, although some post-processing functionality may be limited (which doesn't affect the results in most cases; see https://github.com/facebookresearch/sam2/blob/main/INSTALL.md).
  masks = self._transforms.postprocess_masks(
  [   1/428]  1897.jpg                       GT=  12 PRED=  28 AE=  16  5.3s
  [   2/428]  1901.jpg                       GT=  17 PRED=  31 AE=  14  4.5s
  [   3/428]  1906.jpg                       GT=  70 PRED=  98 AE=  28  5.7s
  [   4/428]  1907.jpg                       GT=  28 PRED=  46 AE=  18  5.2s
  [   5/428]  1912.jpg                       GT=  46 PRED=  87 AE=  41  5.6s
  [   7/428]  1915.jpg                       GT= 684 PRED= 244 AE= 440  5.2s
  [  21/428]  1956.jpg                       GT=1229 PRED= 259 AE= 970  6.2s
  [  33/428]  1990.jpg                       GT= 476 PRED= 333 AE= 143  5.8s
  [  50/428]  running MAE=51.60  total_time=257s  last: 2406.jpg GT=17 PRED=20
  [  84/428]  3433.jpg                       GT= 538 PRED=   1 AE= 537  4.8s
  [  87/428]  3482.jpg                       GT= 315 PRED=   1 AE= 314  5.0s
  [  88/428]  3484.jpg                       GT= 356 PRED=   9 AE= 347  4.4s
  [  90/428]  3487.jpg                       GT= 321 PRED=   1 AE= 320  4.8s
  [  91/428]  3488.jpg                       GT= 431 PRED=   7 AE= 424  4.8s
  [ 100/428]  running MAE=55.94  total_time=500s  last: 3547.jpg GT=21 PRED=62
  [ 115/428]  3665.jpg                       GT= 907 PRED= 152 AE= 755  5.0s
  [ 123/428]  3768.jpg                       GT=   9 PRED= 214 AE= 205  5.4s
  [ 150/428]  running MAE=49.05  total_time=747s  last: 4569.jpg GT=21 PRED=21
  [ 152/428]  4572.jpg                       GT= 141 PRED=  53 AE=  88  4.4s
  [ 153/428]  4574.jpg                       GT= 402 PRED=  16 AE= 386  4.5s
  [ 195/428]  4811.jpg                       GT= 213 PRED=  93 AE= 120  4.5s
  [ 200/428]  running MAE=44.35  total_time=997s  last: 4821.jpg GT=90 PRED=129
  [ 215/428]  5044.jpg                       GT= 100 PRED=  13 AE=  87  5.0s
  [ 250/428]  running MAE=40.46  total_time=1246s  last: 569.jpg GT=17 PRED=29
  [ 251/428]  5743.jpg                       GT= 270 PRED=  74 AE= 196  5.0s
  [ 252/428]  5747.jpg                       GT= 100 PRED=   1 AE=  99  5.0s
  [ 258/428]  5860.jpg                       GT= 757 PRED= 167 AE= 590  4.9s
  [ 268/428]  5902.jpg                       GT= 209 PRED=  72 AE= 137  4.8s
  [ 300/428]  running MAE=39.30  total_time=1490s  last: 615.jpg GT=23 PRED=34
  [ 313/428]  6729.jpg                       GT= 251 PRED= 107 AE= 144  5.0s
  [ 329/428]  6969.jpg                       GT= 949 PRED=   1 AE= 948  4.3s
  [ 350/428]  running MAE=40.21  total_time=1744s  last: 7301.jpg GT=36 PRED=1
  [ 362/428]  7436.jpg                       GT= 283 PRED=  98 AE= 185  6.6s
  [ 400/428]  running MAE=38.56  total_time=1992s  last: 813.jpg GT=185 PRED=191
  [ 408/428]  840.jpg                        GT= 637 PRED= 165 AE= 472  4.8s
  [ 410/428]  851.jpg                        GT= 320 PRED= 170 AE= 150  4.8s
  [ 413/428]  860.jpg                        GT= 240 PRED= 142 AE=  98  4.7s
  [ 417/428]  916.jpg                        GT=   9 PRED=  91 AE=  82  5.5s
  [ 418/428]  920.jpg                        GT=  12 PRED= 183 AE= 171  5.6s
  [ 428/428]  running MAE=39.68  total_time=2134s  last: 979.jpg GT=108 PRED=41

  Per-image detail saved → /home/czp/ws_yiyang/FreeCounting/ws_yiyang/OCCAM_experiments_series/ablation_clustering/results/A6_SNG_e8_d3_eta039/per_image_val.json

  [val] MAE=39.6776  MSE=10984.3458  RMSE=104.8062  NAE=0.9173

======================================================================
  OCCAM Origin-Simulation — FSC-147 Full Evaluation Summary
======================================================================
  Mode        : OCCAM-SINGLE (fraction=0.333, seed=42)
  SAM2 config : configs/sam2.1/sam2.1_hiera_l.yaml
  SAM2 ckpt   : /home/czp/ws_yiyang/FreeCounting/ws_yiyang/OCCAM/checkpoints/sam2.1_hiera_large.pt
  Started     : 2026-05-20 11:26:55
  Finished    : 2026-05-20 12:03:15
  Total time  : 36.3 min

  ── val split (n=428)
     MAE   = 39.6776
     MSE   = 10984.3458
     RMSE  = 104.8062
     NAE   = 0.9173
     avg_time = 4.99 s/img
     by GT count range:
       [   1-10]  n=  46  MAE=  18.57  RMSE=  36.62
       [  11-50]  n= 251  MAE=  19.49  RMSE=  26.20
       [ 51-200]  n= 105  MAE=  32.26  RMSE=  39.65
       [   201+]  n=  26  MAE= 301.85  RMSE= 406.78

======================================================================

Summary saved → /home/czp/ws_yiyang/FreeCounting/ws_yiyang/OCCAM_experiments_series/ablation_clustering/results/A6_SNG_e8_d3_eta039/summary.txt
