/tmp/sam2_repo/sam2/sam2_image_predictor.py:431: UserWarning: cannot import name '_C' from 'sam2' (/tmp/sam2_repo/sam2/__init__.py)

Skipping the post-processing step due to the error above. You can still use SAM 2 and it's OK to ignore the error above, although some post-processing functionality may be limited (which doesn't affect the results in most cases; see https://github.com/facebookresearch/sam2/blob/main/INSTALL.md).
  masks = self._transforms.postprocess_masks(
Building SAM2 AMG model …
Model ready. Mode=single, crop=224, thresholds=(12.0, 9.0, 7.75)
Mask area filter: min=0.0005, max=0.5

============================================================
  Split: val  (428 images)
============================================================
  [   1/428]  1897.jpg                       GT=  12 PRED=  28 AE=  16  5.2s
  [   2/428]  1901.jpg                       GT=  17 PRED=  32 AE=  15  4.6s
  [   3/428]  1906.jpg                       GT=  70 PRED= 100 AE=  30  5.9s
  [   4/428]  1907.jpg                       GT=  28 PRED=  47 AE=  19  5.2s
  [   5/428]  1912.jpg                       GT=  46 PRED=  87 AE=  41  5.7s
  [   7/428]  1915.jpg                       GT= 684 PRED= 260 AE= 424  5.5s
  [  21/428]  1956.jpg                       GT=1229 PRED= 575 AE= 654  6.2s
  [  33/428]  1990.jpg                       GT= 476 PRED= 373 AE= 103  5.7s
  [  50/428]  running MAE=45.02  total_time=258s  last: 2406.jpg GT=17 PRED=22
  [  84/428]  3433.jpg                       GT= 538 PRED=   7 AE= 531  4.6s
  [  87/428]  3482.jpg                       GT= 315 PRED=   4 AE= 311  4.8s
  [  88/428]  3484.jpg                       GT= 356 PRED=   9 AE= 347  4.3s
  [  90/428]  3487.jpg                       GT= 321 PRED=   4 AE= 317  4.7s
  [  91/428]  3488.jpg                       GT= 431 PRED=   8 AE= 423  4.7s
  [ 100/428]  running MAE=53.65  total_time=502s  last: 3547.jpg GT=21 PRED=62
  [ 115/428]  3665.jpg                       GT= 907 PRED= 158 AE= 749  4.9s
  [ 123/428]  3768.jpg                       GT=   9 PRED= 233 AE= 224  5.5s
  [ 126/428]  3775.jpg                       GT=  12 PRED= 101 AE=  89  5.0s
  [ 150/428]  running MAE=49.91  total_time=749s  last: 4569.jpg GT=21 PRED=21
  [ 152/428]  4572.jpg                       GT= 141 PRED=  55 AE=  86  4.4s
  [ 153/428]  4574.jpg                       GT= 402 PRED=  17 AE= 385  4.5s
  [ 195/428]  4811.jpg                       GT= 213 PRED=  94 AE= 119  4.5s
  [ 200/428]  running MAE=45.17  total_time=1001s  last: 4821.jpg GT=90 PRED=135
  [ 215/428]  5044.jpg                       GT= 100 PRED=  14 AE=  86  5.0s
  [ 250/428]  running MAE=42.00  total_time=1252s  last: 569.jpg GT=17 PRED=30
  [ 251/428]  5743.jpg                       GT= 270 PRED=  76 AE= 194  5.0s
  [ 252/428]  5747.jpg                       GT= 100 PRED=   7 AE=  93  4.9s
  [ 258/428]  5860.jpg                       GT= 757 PRED= 179 AE= 578  4.9s
  [ 268/428]  5902.jpg                       GT= 209 PRED= 109 AE= 100  4.9s
  [ 300/428]  running MAE=40.72  total_time=1498s  last: 615.jpg GT=23 PRED=34
  [ 312/428]  6728.jpg                       GT=  99 PRED= 182 AE=  83  5.6s
  [ 313/428]  6729.jpg                       GT= 251 PRED= 107 AE= 144  5.2s
  [ 318/428]  6784.jpg                       GT=  52 PRED= 134 AE=  82  5.5s
  [ 327/428]  6927.jpg                       GT=  32 PRED= 143 AE= 111  5.3s
  [ 329/428]  6969.jpg                       GT= 949 PRED=   2 AE= 947  4.3s
  [ 335/428]  7069.jpg                       GT= 142 PRED= 246 AE= 104  5.9s
  [ 340/428]  7155.jpg                       GT=  69 PRED= 156 AE=  87  5.0s
  [ 345/428]  7228.jpg                       GT=  63 PRED= 170 AE= 107  5.3s
  [ 350/428]  running MAE=43.25  total_time=1754s  last: 7301.jpg GT=36 PRED=1
  [ 356/428]  7388.jpg                       GT= 134 PRED= 219 AE=  85  5.6s
  [ 376/428]  7545.jpg                       GT= 106 PRED= 284 AE= 178  5.8s
  [ 384/428]  7601.jpg                       GT= 142 PRED= 263 AE= 121  6.0s
  [ 400/428]  running MAE=41.90  total_time=2002s  last: 813.jpg GT=185 PRED=210
  [ 408/428]  840.jpg                        GT= 637 PRED= 202 AE= 435  5.0s
  [ 410/428]  851.jpg                        GT= 320 PRED= 179 AE= 141  5.0s
  [ 412/428]  859.jpg                        GT=  97 PRED= 187 AE=  90  5.3s
  [ 413/428]  860.jpg                        GT= 240 PRED= 147 AE=  93  4.9s
  [ 417/428]  916.jpg                        GT=   9 PRED=  91 AE=  82  5.3s
  [ 418/428]  920.jpg                        GT=  12 PRED= 316 AE= 304  5.4s
  [ 428/428]  running MAE=43.34  total_time=2145s  last: 979.jpg GT=108 PRED=41

  Per-image detail saved → /home/czp/ws_yiyang/FreeCounting/ws_yiyang/OCCAM_experiments_series/ablation_mask_area/results/A0_baseline/per_image_val.json

  [val] MAE=43.3388  MSE=10014.6752  RMSE=100.0733  NAE=1.1465

======================================================================
  OCCAM Origin-Simulation — FSC-147 Full Evaluation Summary
======================================================================
  Mode        : OCCAM-SINGLE (fraction=0.333, seed=42)
  SAM2 config : configs/sam2.1/sam2.1_hiera_l.yaml
  SAM2 ckpt   : /home/czp/ws_yiyang/FreeCounting/ws_yiyang/OCCAM/checkpoints/sam2.1_hiera_large.pt
  Started     : 2026-05-17 01:52:31
  Finished    : 2026-05-17 02:28:16
  Total time  : 35.7 min

  ── val split (n=428)
     MAE   = 43.3388
     MSE   = 10014.6752
     RMSE  = 100.0733
     NAE   = 1.1465
     avg_time = 5.01 s/img
     by GT count range:
       [   1-10]  n=  46  MAE=  21.96  RMSE=  40.91
       [  11-50]  n= 251  MAE=  24.50  RMSE=  34.93
       [ 51-200]  n= 105  MAE=  39.89  RMSE=  49.63
       [   201+]  n=  26  MAE= 276.96  RMSE= 374.39

======================================================================

Summary saved → /home/czp/ws_yiyang/FreeCounting/ws_yiyang/OCCAM_experiments_series/ablation_mask_area/results/A0_baseline/summary.txt
