Building SAM2 AMG model …
Model ready. Mode=multi, crop=500, thresholds=(5.0, 4.0, 3.0)
Mask area filter: min=0.0005, max=0.1
Mask policy: p4  (score_thresh=0.85, topk=100, iqr_k=1.5)
Cluster method: finch (eps=10, delta=3 for sng)  PRED strategy: max

============================================================
  Split: val  (428 images)
============================================================
/tmp/sam2_repo/sam2/sam2_image_predictor.py:431: UserWarning: cannot import name '_C' from 'sam2' (/tmp/sam2_repo/sam2/__init__.py)

Skipping the post-processing step due to the error above. You can still use SAM 2 and it's OK to ignore the error above, although some post-processing functionality may be limited (which doesn't affect the results in most cases; see https://github.com/facebookresearch/sam2/blob/main/INSTALL.md).
  masks = self._transforms.postprocess_masks(
  [   1/428]  1897.jpg                       GT=  12 PRED=   7 AE=   5  5.0s
  [   2/428]  1901.jpg                       GT=  17 PRED=   9 AE=   8  4.6s
  [   3/428]  1906.jpg                       GT=  70 PRED=  44 AE=  26  6.3s
  [   4/428]  1907.jpg                       GT=  28 PRED=   2 AE=  26  5.2s
  [   5/428]  1912.jpg                       GT=  46 PRED=  13 AE=  33  5.7s
  [   7/428]  1915.jpg                       GT= 684 PRED= 111 AE= 573  7.7s
  [  10/428]  1920.jpg                       GT= 138 PRED=  20 AE= 118  5.2s
  [  14/428]  1934.jpg                       GT= 171 PRED=  35 AE= 136  5.9s
  [  15/428] ERROR 1936.jpg: CUDA out of memory. Tried to allocate 7.47 GiB. GPU 0 has a total capacity of 23.99 GiB of which 3.06 GiB is free. 20.39 GiB allowed; Of the allocated memory 19.26 GiB is allocated by PyTorch, and 47.58 MiB is reserved by PyTorch but unallocated. If reserved but unallocated memory is large try setting PYTORCH_CUDA_ALLOC_CONF=expandable_segments:True to avoid fragmentation.  See documentation for Memory Management  (https://docs.pytorch.org/docs/stable/notes/cuda.html#optimizing-memory-usage-with-pytorch-cuda-alloc-conf)
  [  21/428] ERROR 1956.jpg: CUDA out of memory. Tried to allocate 9.17 GiB. GPU 0 has a total capacity of 23.99 GiB of which 10.41 GiB is free. 20.39 GiB allowed; Of the allocated memory 11.95 GiB is allocated by PyTorch, and 17.73 MiB is reserved by PyTorch but unallocated. If reserved but unallocated memory is large try setting PYTORCH_CUDA_ALLOC_CONF=expandable_segments:True to avoid fragmentation.  See documentation for Memory Management  (https://docs.pytorch.org/docs/stable/notes/cuda.html#optimizing-memory-usage-with-pytorch-cuda-alloc-conf)
  [  22/428]  1960.jpg                       GT= 163 PRED=  43 AE= 120  5.5s
  [  28/428]  1977.jpg                       GT= 132 PRED=  33 AE=  99  6.5s
  [  31/428]  1983.jpg                       GT= 172 PRED=  37 AE= 135  5.6s
  [  33/428]  1990.jpg                       GT= 476 PRED=  79 AE= 397  6.0s
  [  50/428]  running MAE=49.90  total_time=252s  last: 2406.jpg GT=17 PRED=9
  [  61/428]  2818.jpg                       GT= 252 PRED= 156 AE=  96  6.9s
  [  66/428]  2842.jpg                       GT= 124 PRED=  20 AE= 104  5.1s
  [  70/428]  2858.jpg                       GT= 131 PRED=  36 AE=  95  4.6s
  [  74/428]  2869.jpg                       GT= 119 PRED=  19 AE= 100  5.2s
  [  84/428]  3433.jpg                       GT= 538 PRED=   2 AE= 536  4.8s
  [  87/428]  3482.jpg                       GT= 315 PRED=   2 AE= 313  4.9s
  [  88/428]  3484.jpg                       GT= 356 PRED=   4 AE= 352  4.3s
  [  89/428]  3485.jpg                       GT= 174 PRED=  30 AE= 144  5.6s
  [  90/428]  3487.jpg                       GT= 321 PRED=   2 AE= 319  4.7s
  [  91/428]  3488.jpg                       GT= 431 PRED=   5 AE= 426  4.7s
  [ 100/428]  running MAE=58.90  total_time=506s  last: 3547.jpg GT=21 PRED=19
  [ 115/428]  3665.jpg                       GT= 907 PRED= 138 AE= 769  5.7s
  [ 123/428]  3768.jpg                       GT=   9 PRED=  93 AE=  84  6.6s
  [ 150/428]  running MAE=48.20  total_time=761s  last: 4569.jpg GT=21 PRED=18
  [ 153/428]  4574.jpg                       GT= 402 PRED= 181 AE= 221  6.2s
  [ 156/428]  4580.jpg                       GT= 165 PRED=  15 AE= 150  4.5s
  [ 194/428]  4809.jpg                       GT= 306 PRED= 156 AE= 150  7.8s
  [ 195/428]  4811.jpg                       GT= 213 PRED=  70 AE= 143  5.2s
  [ 200/428]  running MAE=44.33  total_time=1022s  last: 4821.jpg GT=90 PRED=26
  [ 207/428]  4842.jpg                       GT= 122 PRED=  29 AE=  93  5.1s
  [ 212/428]  4849.jpg                       GT= 121 PRED=  37 AE=  84  5.5s
  [ 215/428]  5044.jpg                       GT= 100 PRED=  10 AE=  90  5.1s
  [ 250/428]  running MAE=38.98  total_time=1276s  last: 569.jpg GT=17 PRED=3
  [ 251/428]  5743.jpg                       GT= 270 PRED=  81 AE= 189  5.5s
  [ 252/428]  5747.jpg                       GT= 100 PRED=   2 AE=  98  4.9s
  [ 258/428]  5860.jpg                       GT= 757 PRED= 142 AE= 615  6.4s
  [ 260/428]  5876.jpg                       GT= 216 PRED=  75 AE= 141  6.1s
  [ 268/428]  5902.jpg                       GT= 209 PRED=  27 AE= 182  5.2s
  [ 269/428]  5905.jpg                       GT= 147 PRED=  50 AE=  97  6.4s
  [ 271/428]  5907.jpg                       GT= 156 PRED=  50 AE= 106  5.2s
  [ 300/428]  running MAE=39.27  total_time=1529s  last: 615.jpg GT=23 PRED=25
  [ 312/428]  6728.jpg                       GT=  99 PRED=  16 AE=  83  5.4s
  [ 313/428]  6729.jpg                       GT= 251 PRED=  38 AE= 213  5.2s
  [ 321/428]  6835.jpg                       GT= 138 PRED=   7 AE= 131  5.6s
  [ 329/428]  6969.jpg                       GT= 949 PRED=  50 AE= 899  5.2s
  [ 333/428]  7013.jpg                       GT= 139 PRED=  18 AE= 121  5.4s
  [ 335/428]  7069.jpg                       GT= 142 PRED=  16 AE= 126  5.6s
  [ 336/428]  7077.jpg                       GT= 140 PRED=  25 AE= 115  5.8s
  [ 338/428]  7143.jpg                       GT= 121 PRED=  26 AE=  95  5.4s
  [ 348/428]  7280.jpg                       GT= 116 PRED=  24 AE=  92  6.1s
  [ 350/428]  running MAE=41.08  total_time=1792s  last: 7301.jpg GT=36 PRED=21
  [ 356/428]  7388.jpg                       GT= 134 PRED=  26 AE= 108  5.6s
  [ 362/428]  7436.jpg                       GT= 283 PRED=  96 AE= 187  9.2s
  [ 382/428]  7593.jpg                       GT= 274 PRED=  88 AE= 186  7.8s
  [ 384/428]  7601.jpg                       GT= 142 PRED=  20 AE= 122  5.6s
  [ 390/428]  7659.jpg                       GT= 198 PRED=  18 AE= 180  6.6s
  [ 398/428]  808.jpg                        GT= 182 PRED=  22 AE= 160  6.4s
  [ 400/428]  running MAE=40.13  total_time=2051s  last: 813.jpg GT=185 PRED=36
  [ 401/428]  820.jpg                        GT= 437 PRED=  60 AE= 377  6.7s
  [ 408/428]  840.jpg                        GT= 637 PRED= 166 AE= 471  6.4s
  [ 409/428]  850.jpg                        GT= 183 PRED=  46 AE= 137  5.1s
  [ 410/428]  851.jpg                        GT= 320 PRED= 130 AE= 190  6.2s
  [ 413/428]  860.jpg                        GT= 240 PRED= 108 AE= 132  5.9s
  [ 428/428]  running MAE=42.12  total_time=2204s  last: 979.jpg GT=108 PRED=80

  Per-image detail saved → /home/czp/ws_yiyang/FreeCounting/ws_yiyang/OCCAM_experiments_series/ablation_mask_policy_multi/results/MP4_otsu/per_image_val.json

  [val] MAE=42.1197  MSE=10364.1385  RMSE=101.8044  NAE=0.5859

======================================================================
  OCCAM Origin-Simulation — FSC-147 Full Evaluation Summary
======================================================================
  Mode        : OCCAM-MULTI (fraction=0.333, seed=42)
  SAM2 config : configs/sam2.1/sam2.1_hiera_l.yaml
  SAM2 ckpt   : /home/czp/ws_yiyang/FreeCounting/ws_yiyang/OCCAM/checkpoints/sam2.1_hiera_large.pt
  Started     : 2026-05-21 16:23:50
  Finished    : 2026-05-21 17:01:35
  Total time  : 37.8 min

  ── val split (n=426)
     MAE   = 42.1197
     MSE   = 10364.1385
     RMSE  = 101.8044
     NAE   = 0.5859
     avg_time = 5.17 s/img
     by GT count range:
       [   1-10]  n=  46  MAE=   6.74  RMSE=  14.72
       [  11-50]  n= 251  MAE=  12.61  RMSE=  16.40
       [ 51-200]  n= 105  MAE=  60.88  RMSE=  72.99
       [   201+]  n=  24  MAE= 336.54  RMSE= 396.77

======================================================================

Summary saved → /home/czp/ws_yiyang/FreeCounting/ws_yiyang/OCCAM_experiments_series/ablation_mask_policy_multi/results/MP4_otsu/summary.txt
