/tmp/sam2_repo/sam2/sam2_image_predictor.py:431: UserWarning: cannot import name '_C' from 'sam2' (/tmp/sam2_repo/sam2/__init__.py)

Skipping the post-processing step due to the error above. You can still use SAM 2 and it's OK to ignore the error above, although some post-processing functionality may be limited (which doesn't affect the results in most cases; see https://github.com/facebookresearch/sam2/blob/main/INSTALL.md).
  masks = self._transforms.postprocess_masks(
Building SAM2 AMG model …
Model ready. Mode=single, crop=224, thresholds=(12.0, 9.0, 7.75)
Mask area filter: min=0.0005, max=0.25

============================================================
  Split: val  (428 images)
============================================================
  [   1/428]  1897.jpg                       GT=  12 PRED=  28 AE=  16  5.3s
  [   2/428]  1901.jpg                       GT=  17 PRED=  32 AE=  15  4.6s
  [   3/428]  1906.jpg                       GT=  70 PRED= 100 AE=  30  5.9s
  [   4/428]  1907.jpg                       GT=  28 PRED=  46 AE=  18  5.2s
  [   5/428]  1912.jpg                       GT=  46 PRED=  87 AE=  41  5.5s
  [   7/428]  1915.jpg                       GT= 684 PRED= 259 AE= 425  5.1s
  [  21/428]  1956.jpg                       GT=1229 PRED= 575 AE= 654  6.0s
  [  33/428]  1990.jpg                       GT= 476 PRED= 373 AE= 103  5.7s
  [  50/428]  running MAE=44.90  total_time=259s  last: 2406.jpg GT=17 PRED=21
  [  84/428]  3433.jpg                       GT= 538 PRED=   6 AE= 532  4.8s
  [  87/428]  3482.jpg                       GT= 315 PRED=   3 AE= 312  5.0s
  [  88/428]  3484.jpg                       GT= 356 PRED=   9 AE= 347  4.4s
  [  90/428]  3487.jpg                       GT= 321 PRED=   4 AE= 317  4.8s
  [  91/428]  3488.jpg                       GT= 431 PRED=   7 AE= 424  4.7s
  [ 100/428]  running MAE=53.61  total_time=504s  last: 3547.jpg GT=21 PRED=62
  [ 115/428]  3665.jpg                       GT= 907 PRED= 156 AE= 751  4.9s
  [ 123/428]  3768.jpg                       GT=   9 PRED= 233 AE= 224  5.6s
  [ 126/428]  3775.jpg                       GT=  12 PRED= 101 AE=  89  4.9s
  [ 150/428]  running MAE=49.90  total_time=752s  last: 4569.jpg GT=21 PRED=21
  [ 152/428]  4572.jpg                       GT= 141 PRED=  54 AE=  87  4.4s
  [ 153/428]  4574.jpg                       GT= 402 PRED=  17 AE= 385  4.4s
  [ 195/428]  4811.jpg                       GT= 213 PRED=  94 AE= 119  4.5s
  [ 200/428]  running MAE=45.15  total_time=1005s  last: 4821.jpg GT=90 PRED=134
  [ 215/428]  5044.jpg                       GT= 100 PRED=  13 AE=  87  5.0s
  [ 250/428]  running MAE=41.97  total_time=1255s  last: 569.jpg GT=17 PRED=29
  [ 251/428]  5743.jpg                       GT= 270 PRED=  76 AE= 194  5.0s
  [ 252/428]  5747.jpg                       GT= 100 PRED=   6 AE=  94  5.0s
  [ 258/428]  5860.jpg                       GT= 757 PRED= 179 AE= 578  5.1s
  [ 268/428]  5902.jpg                       GT= 209 PRED= 108 AE= 101  4.9s
  [ 300/428]  running MAE=40.67  total_time=1501s  last: 615.jpg GT=23 PRED=34
  [ 312/428]  6728.jpg                       GT=  99 PRED= 182 AE=  83  5.6s
  [ 313/428]  6729.jpg                       GT= 251 PRED= 107 AE= 144  5.1s
  [ 318/428]  6784.jpg                       GT=  52 PRED= 134 AE=  82  5.2s
  [ 327/428]  6927.jpg                       GT=  32 PRED= 143 AE= 111  5.6s
  [ 329/428]  6969.jpg                       GT= 949 PRED=   2 AE= 947  4.3s
  [ 335/428]  7069.jpg                       GT= 142 PRED= 246 AE= 104  5.8s
  [ 340/428]  7155.jpg                       GT=  69 PRED= 156 AE=  87  5.0s
  [ 345/428]  7228.jpg                       GT=  63 PRED= 170 AE= 107  5.2s
  [ 350/428]  running MAE=43.19  total_time=1758s  last: 7301.jpg GT=36 PRED=1
  [ 356/428]  7388.jpg                       GT= 134 PRED= 219 AE=  85  5.5s
  [ 376/428]  7545.jpg                       GT= 106 PRED= 284 AE= 178  6.1s
  [ 384/428]  7601.jpg                       GT= 142 PRED= 263 AE= 121  5.9s
  [ 400/428]  running MAE=41.83  total_time=2006s  last: 813.jpg GT=185 PRED=210
  [ 408/428]  840.jpg                        GT= 637 PRED= 202 AE= 435  5.0s
  [ 410/428]  851.jpg                        GT= 320 PRED= 179 AE= 141  5.1s
  [ 412/428]  859.jpg                        GT=  97 PRED= 187 AE=  90  5.2s
  [ 413/428]  860.jpg                        GT= 240 PRED= 147 AE=  93  4.9s
  [ 417/428]  916.jpg                        GT=   9 PRED=  91 AE=  82  5.5s
  [ 418/428]  920.jpg                        GT=  12 PRED= 316 AE= 304  5.5s
  [ 428/428]  running MAE=43.27  total_time=2150s  last: 979.jpg GT=108 PRED=41

  Per-image detail saved → /home/czp/ws_yiyang/FreeCounting/ws_yiyang/OCCAM_experiments_series/ablation_mask_area/results/A5_max025/per_image_val.json

  [val] MAE=43.2664  MSE=10026.6355  RMSE=100.1331  NAE=1.1394

======================================================================
  OCCAM Origin-Simulation — FSC-147 Full Evaluation Summary
======================================================================
  Mode        : OCCAM-SINGLE (fraction=0.333, seed=42)
  SAM2 config : configs/sam2.1/sam2.1_hiera_l.yaml
  SAM2 ckpt   : /home/czp/ws_yiyang/FreeCounting/ws_yiyang/OCCAM/checkpoints/sam2.1_hiera_large.pt
  Started     : 2026-05-17 04:51:08
  Finished    : 2026-05-17 05:26:58
  Total time  : 35.8 min

  ── val split (n=428)
     MAE   = 43.2664
     MSE   = 10026.6355
     RMSE  = 100.1331
     NAE   = 1.1394
     avg_time = 5.02 s/img
     by GT count range:
       [   1-10]  n=  46  MAE=  21.65  RMSE=  40.77
       [  11-50]  n= 251  MAE=  24.40  RMSE=  34.85
       [ 51-200]  n= 105  MAE=  39.90  RMSE=  49.68
       [   201+]  n=  26  MAE= 277.23  RMSE= 374.73

======================================================================

Summary saved → /home/czp/ws_yiyang/FreeCounting/ws_yiyang/OCCAM_experiments_series/ablation_mask_area/results/A5_max025/summary.txt
