Building SAM2 AMG model …
Model ready. Mode=single, crop=224, thresholds=(12.0, 9.0, 7.75)
Mask area filter: min=0.0005, max=0.1
Cluster method: finch (eps=10, delta=3 for sng)  PRED strategy: max

============================================================
  Split: val  (428 images)
============================================================
/tmp/sam2_repo/sam2/sam2_image_predictor.py:431: UserWarning: cannot import name '_C' from 'sam2' (/tmp/sam2_repo/sam2/__init__.py)

Skipping the post-processing step due to the error above. You can still use SAM 2 and it's OK to ignore the error above, although some post-processing functionality may be limited (which doesn't affect the results in most cases; see https://github.com/facebookresearch/sam2/blob/main/INSTALL.md).
  masks = self._transforms.postprocess_masks(
  [   1/428]  1897.jpg                       GT=  12 PRED=  21 AE=   9  5.1s
  [   2/428]  1901.jpg                       GT=  17 PRED=  12 AE=   5  4.5s
  [   3/428]  1906.jpg                       GT=  70 PRED=  98 AE=  28  5.8s
  [   4/428]  1907.jpg                       GT=  28 PRED=  14 AE=  14  5.2s
  [   5/428]  1912.jpg                       GT=  46 PRED=  59 AE=  13  5.5s
  [   7/428]  1915.jpg                       GT= 684 PRED= 255 AE= 429  5.1s
  [  21/428]  1956.jpg                       GT=1229 PRED= 575 AE= 654  6.2s
  [  33/428]  1990.jpg                       GT= 476 PRED= 373 AE= 103  5.7s
  [  50/428]  running MAE=34.94  total_time=255s  last: 2406.jpg GT=17 PRED=6
  [  84/428]  3433.jpg                       GT= 538 PRED=   4 AE= 534  4.8s
  [  87/428]  3482.jpg                       GT= 315 PRED=   2 AE= 313  5.1s
  [  88/428]  3484.jpg                       GT= 356 PRED=   3 AE= 353  4.4s
  [  89/428]  3485.jpg                       GT= 174 PRED=  66 AE= 108  5.2s
  [  90/428]  3487.jpg                       GT= 321 PRED=   2 AE= 319  4.8s
  [  91/428]  3488.jpg                       GT= 431 PRED=   3 AE= 428  4.7s
  [ 100/428]  running MAE=44.74  total_time=497s  last: 3547.jpg GT=21 PRED=30
  [ 115/428]  3665.jpg                       GT= 907 PRED= 115 AE= 792  4.9s
  [ 123/428]  3768.jpg                       GT=   9 PRED= 220 AE= 211  5.4s
  [ 150/428]  running MAE=39.31  total_time=742s  last: 4569.jpg GT=21 PRED=21
  [ 152/428]  4572.jpg                       GT= 141 PRED=  53 AE=  88  4.4s
  [ 153/428]  4574.jpg                       GT= 402 PRED=  12 AE= 390  4.5s
  [ 195/428]  4811.jpg                       GT= 213 PRED=  80 AE= 133  4.4s
  [ 200/428]  running MAE=35.56  total_time=991s  last: 4821.jpg GT=90 PRED=100
  [ 215/428]  5044.jpg                       GT= 100 PRED=  10 AE=  90  5.0s
  [ 250/428]  running MAE=30.71  total_time=1238s  last: 569.jpg GT=17 PRED=20
  [ 251/428]  5743.jpg                       GT= 270 PRED=  76 AE= 194  5.1s
  [ 252/428]  5747.jpg                       GT= 100 PRED=   3 AE=  97  5.1s
  [ 258/428]  5860.jpg                       GT= 757 PRED= 144 AE= 613  4.9s
  [ 268/428]  5902.jpg                       GT= 209 PRED=  72 AE= 137  4.8s
  [ 300/428]  running MAE=30.81  total_time=1481s  last: 615.jpg GT=23 PRED=31
  [ 313/428]  6729.jpg                       GT= 251 PRED=  62 AE= 189  5.1s
  [ 329/428]  6969.jpg                       GT= 949 PRED=   1 AE= 948  4.3s
  [ 350/428]  running MAE=31.97  total_time=1734s  last: 7301.jpg GT=36 PRED=1
  [ 400/428]  running MAE=30.31  total_time=1980s  last: 813.jpg GT=185 PRED=204
  [ 408/428]  840.jpg                        GT= 637 PRED= 166 AE= 471  4.7s
  [ 410/428]  851.jpg                        GT= 320 PRED= 143 AE= 177  4.8s
  [ 413/428]  860.jpg                        GT= 240 PRED= 136 AE= 104  4.7s
  [ 418/428]  920.jpg                        GT=  12 PRED= 291 AE= 279  5.5s
  [ 428/428]  running MAE=32.10  total_time=2122s  last: 979.jpg GT=108 PRED=41

  Per-image detail saved → /home/czp/ws_yiyang/FreeCounting/ws_yiyang/OCCAM_experiments_series/ablation_clustering/results/A6_FINCH_max/per_image_val.json

  [val] MAE=32.0958  MSE=9744.1145  RMSE=98.7123  NAE=0.5588

======================================================================
  OCCAM Origin-Simulation — FSC-147 Full Evaluation Summary
======================================================================
  Mode        : OCCAM-SINGLE (fraction=0.333, seed=42)
  SAM2 config : configs/sam2.1/sam2.1_hiera_l.yaml
  SAM2 ckpt   : /home/czp/ws_yiyang/FreeCounting/ws_yiyang/OCCAM/checkpoints/sam2.1_hiera_large.pt
  Started     : 2026-05-19 14:27:08
  Finished    : 2026-05-19 15:03:14
  Total time  : 36.1 min

  ── val split (n=428)
     MAE   = 32.0958
     MSE   = 9744.1145
     RMSE  = 98.7123
     NAE   = 0.5588
     avg_time = 4.96 s/img
     by GT count range:
       [   1-10]  n=  46  MAE=  10.61  RMSE=  32.87
       [  11-50]  n= 251  MAE=  11.20  RMSE=  22.42
       [ 51-200]  n= 105  MAE=  28.16  RMSE=  36.98
       [   201+]  n=  26  MAE= 287.77  RMSE= 384.86

======================================================================

Summary saved → /home/czp/ws_yiyang/FreeCounting/ws_yiyang/OCCAM_experiments_series/ablation_clustering/results/A6_FINCH_max/summary.txt
