Building SAM2 AMG model …
Model ready. Mode=single, crop=224, thresholds=(12.0, 9.0, 7.75)
Mask area filter: min=0.0005, max=0.1
Cluster method: sng (eps=5, delta=2 for sng)  PRED strategy: max

============================================================
  Split: val  (428 images)
============================================================
/tmp/sam2_repo/sam2/sam2_image_predictor.py:431: UserWarning: cannot import name '_C' from 'sam2' (/tmp/sam2_repo/sam2/__init__.py)

Skipping the post-processing step due to the error above. You can still use SAM 2 and it's OK to ignore the error above, although some post-processing functionality may be limited (which doesn't affect the results in most cases; see https://github.com/facebookresearch/sam2/blob/main/INSTALL.md).
  masks = self._transforms.postprocess_masks(
  [   1/428]  1897.jpg                       GT=  12 PRED=  12 AE=   0  5.4s
  [   2/428]  1901.jpg                       GT=  17 PRED=  20 AE=   3  4.8s
  [   3/428]  1906.jpg                       GT=  70 PRED=  75 AE=   5  6.3s
  [   4/428]  1907.jpg                       GT=  28 PRED=  24 AE=   4  5.4s
  [   5/428]  1912.jpg                       GT=  46 PRED=  55 AE=   9  5.9s
  [   7/428]  1915.jpg                       GT= 684 PRED=  90 AE= 594  5.5s
  [  14/428]  1934.jpg                       GT= 171 PRED=  79 AE=  92  5.8s
  [  15/428]  1936.jpg                       GT= 501 PRED= 114 AE= 387  6.4s
  [  21/428]  1956.jpg                       GT=1229 PRED= 167 AE=1062  6.6s
  [  31/428]  1983.jpg                       GT= 172 PRED=  67 AE= 105  5.4s
  [  33/428]  1990.jpg                       GT= 476 PRED= 142 AE= 334  5.9s
  [  50/428]  running MAE=61.84  total_time=267s  last: 2406.jpg GT=17 PRED=8
  [  61/428]  2818.jpg                       GT= 252 PRED=  62 AE= 190  5.5s
  [  78/428]  2884.jpg                       GT= 165 PRED=  71 AE=  94  5.6s
  [  84/428]  3433.jpg                       GT= 538 PRED=   5 AE= 533  4.9s
  [  87/428]  3482.jpg                       GT= 315 PRED=   1 AE= 314  5.2s
  [  88/428]  3484.jpg                       GT= 356 PRED=   9 AE= 347  4.6s
  [  89/428]  3485.jpg                       GT= 174 PRED=  24 AE= 150  5.4s
  [  90/428]  3487.jpg                       GT= 321 PRED=   1 AE= 320  5.1s
  [  91/428]  3488.jpg                       GT= 431 PRED=   7 AE= 424  4.9s
  [ 100/428]  running MAE=62.38  total_time=515s  last: 3547.jpg GT=21 PRED=21
  [ 115/428]  3665.jpg                       GT= 907 PRED=  72 AE= 835  5.2s
  [ 150/428]  running MAE=50.97  total_time=769s  last: 4569.jpg GT=21 PRED=20
  [ 152/428]  4572.jpg                       GT= 141 PRED=  28 AE= 113  4.4s
  [ 153/428]  4574.jpg                       GT= 402 PRED=  16 AE= 386  4.4s
  [ 186/428]  4796.jpg                       GT= 196 PRED=  73 AE= 123  5.1s
  [ 193/428]  4808.jpg                       GT= 120 PRED=  38 AE=  82  5.0s
  [ 194/428]  4809.jpg                       GT= 306 PRED= 148 AE= 158  5.6s
  [ 195/428]  4811.jpg                       GT= 213 PRED=  44 AE= 169  4.6s
  [ 200/428]  running MAE=45.45  total_time=1024s  last: 4821.jpg GT=90 PRED=53
  [ 215/428]  5044.jpg                       GT= 100 PRED=  13 AE=  87  5.0s
  [ 250/428]  running MAE=39.25  total_time=1277s  last: 569.jpg GT=17 PRED=25
  [ 251/428]  5743.jpg                       GT= 270 PRED=  59 AE= 211  5.2s
  [ 252/428]  5747.jpg                       GT= 100 PRED=   5 AE=  95  5.3s
  [ 258/428]  5860.jpg                       GT= 757 PRED=  96 AE= 661  4.9s
  [ 268/428]  5902.jpg                       GT= 209 PRED=  57 AE= 152  5.1s
  [ 269/428]  5905.jpg                       GT= 147 PRED=  51 AE=  96  5.2s
  [ 271/428]  5907.jpg                       GT= 156 PRED=  68 AE=  88  5.0s
  [ 300/428]  running MAE=38.93  total_time=1527s  last: 615.jpg GT=23 PRED=31
  [ 313/428]  6729.jpg                       GT= 251 PRED=  81 AE= 170  5.1s
  [ 316/428]  6775.jpg                       GT= 191 PRED=  43 AE= 148  5.2s
  [ 321/428]  6835.jpg                       GT= 138 PRED=  40 AE=  98  5.8s
  [ 329/428]  6969.jpg                       GT= 949 PRED=   1 AE= 948  4.4s
  [ 333/428]  7013.jpg                       GT= 139 PRED=  32 AE= 107  5.5s
  [ 350/428]  running MAE=39.87  total_time=1786s  last: 7301.jpg GT=36 PRED=1
  [ 356/428]  7388.jpg                       GT= 134 PRED=  35 AE=  99  5.5s
  [ 362/428]  7436.jpg                       GT= 283 PRED=  22 AE= 261  7.0s
  [ 382/428]  7593.jpg                       GT= 274 PRED= 145 AE= 129  5.6s
  [ 384/428]  7601.jpg                       GT= 142 PRED=  61 AE=  81  5.6s
  [ 390/428]  7659.jpg                       GT= 198 PRED=  65 AE= 133  6.8s
  [ 398/428]  808.jpg                        GT= 182 PRED=  75 AE= 107  6.5s
  [ 400/428]  running MAE=38.77  total_time=2042s  last: 813.jpg GT=185 PRED=65
  [ 401/428]  820.jpg                        GT= 437 PRED= 237 AE= 200  7.4s
  [ 408/428]  840.jpg                        GT= 637 PRED= 116 AE= 521  4.9s
  [ 409/428]  850.jpg                        GT= 183 PRED=  81 AE= 102  4.8s
  [ 410/428]  851.jpg                        GT= 320 PRED= 113 AE= 207  5.0s
  [ 413/428]  860.jpg                        GT= 240 PRED= 110 AE= 130  5.0s
  [ 428/428]  running MAE=40.25  total_time=2187s  last: 979.jpg GT=108 PRED=15

  Per-image detail saved → /home/czp/ws_yiyang/FreeCounting/ws_yiyang/OCCAM_experiments_series/ablation_clustering/results/A6_SNG_e5_d2/per_image_val.json

  [val] MAE=40.2477  MSE=13467.2336  RMSE=116.0484  NAE=0.5453

======================================================================
  OCCAM Origin-Simulation — FSC-147 Full Evaluation Summary
======================================================================
  Mode        : OCCAM-SINGLE (fraction=0.333, seed=42)
  SAM2 config : configs/sam2.1/sam2.1_hiera_l.yaml
  SAM2 ckpt   : /home/czp/ws_yiyang/FreeCounting/ws_yiyang/OCCAM/checkpoints/sam2.1_hiera_large.pt
  Started     : 2026-05-19 15:48:22
  Finished    : 2026-05-19 16:25:36
  Total time  : 37.2 min

  ── val split (n=428)
     MAE   = 40.2477
     MSE   = 13467.2336
     RMSE  = 116.0484
     NAE   = 0.5453
     avg_time = 5.11 s/img
     by GT count range:
       [   1-10]  n=  46  MAE=   9.80  RMSE=  16.41
       [  11-50]  n= 251  MAE=   9.51  RMSE=  12.94
       [ 51-200]  n= 105  MAE=  44.63  RMSE=  58.15
       [   201+]  n=  26  MAE= 373.12  RMSE= 453.81

======================================================================

Summary saved → /home/czp/ws_yiyang/FreeCounting/ws_yiyang/OCCAM_experiments_series/ablation_clustering/results/A6_SNG_e5_d2/summary.txt
