Using cache found in /home/gaoyiyang/.cache/torch/hub/facebookresearch_dinov2_main
/home/gaoyiyang/.cache/torch/hub/facebookresearch_dinov2_main/dinov2/layers/swiglu_ffn.py:51: UserWarning: xFormers is not available (SwiGLU)
  warnings.warn("xFormers is not available (SwiGLU)")
/home/gaoyiyang/.cache/torch/hub/facebookresearch_dinov2_main/dinov2/layers/attention.py:33: UserWarning: xFormers is not available (Attention)
  warnings.warn("xFormers is not available (Attention)")
/home/gaoyiyang/.cache/torch/hub/facebookresearch_dinov2_main/dinov2/layers/block.py:40: UserWarning: xFormers is not available (Block)
  warnings.warn("xFormers is not available (Block)")
/home/gaoyiyang/ws_yiyang/ws_mmmu/bench/New_approach/pf_cud/features/visual.py:75: UserWarning: The given NumPy array is not writable, and PyTorch does not support non-writable tensors. This means writing to this tensor will result in undefined behavior. You may want to copy the array to protect its data or make it writable before converting it to a tensor. This type of warning will be suppressed for the rest of this program. (Triggered internally at /pytorch/torch/csrc/utils/tensor_numpy.cpp:203.)
  t = torch.from_numpy(arr).to(device).permute(2, 0, 1).float().div_(255.0)
[gpu-guard] enabled  limit=78C  cooldown=30s  hysteresis=5C  check_every=5  gpu=0  start_temp=38C  bin=/usr/bin/nvidia-smi
[1/297] 4.jpg gt=10 top1=3 oracle=9 select=11 scale=10 cand=637 groups=72 top1_MAE=7.00 select_MAE=1.00 scale_MAE=0.00 (6.0s, 5.9s/img)
[5/297] 298.jpg gt=33 top1=2 oracle=33 select=16 scale=32 cand=2600 groups=326 top1_MAE=35.80 select_MAE=30.60 scale_MAE=5.60 (94.3s, 16.2s/img)
[10/297] 321.jpg gt=39 top1=2 oracle=27 select=10 scale=44 cand=2317 groups=329 top1_MAE=32.70 select_MAE=28.90 scale_MAE=12.50 (166.9s, 14.1s/img)
[15/297] 342.jpg gt=63 top1=2 oracle=43 select=6 scale=28 cand=3222 groups=394 top1_MAE=31.67 select_MAE=46.00 scale_MAE=11.53 (262.4s, 24.6s/img)
[20/297] 694.jpg gt=80 top1=2 oracle=53 select=6 scale=18 cand=5392 groups=481 top1_MAE=32.35 select_MAE=40.35 scale_MAE=22.10 (353.0s, 45.3s/img)
[25/297] 719.jpg gt=17 top1=2 oracle=17 select=6 scale=24 cand=1462 groups=157 top1_MAE=34.84 select_MAE=40.76 scale_MAE=27.68 (391.4s, 5.8s/img)
[30/297] 1061.jpg gt=22 top1=2 oracle=22 select=10 scale=8 cand=2032 groups=291 top1_MAE=36.07 select_MAE=40.60 scale_MAE=29.50 (555.6s, 10.9s/img)
[35/297] 1881.jpg gt=11 top1=4 oracle=11 select=8 scale=24 cand=1315 groups=163 top1_MAE=47.00 select_MAE=50.23 scale_MAE=41.86 (613.1s, 4.8s/img)
[40/297] 2019.jpg gt=14 top1=3 oracle=14 select=14 scale=23 cand=1822 groups=167 top1_MAE=46.77 select_MAE=48.95 scale_MAE=42.27 (709.6s, 7.5s/img)
[45/297] 2043.jpg gt=90 top1=2 oracle=88 select=10 scale=64 cand=3248 groups=278 top1_MAE=46.73 select_MAE=48.02 scale_MAE=43.42 (775.1s, 18.6s/img)
[50/297] 2150.jpg gt=9 top1=2 oracle=9 select=2 scale=32 cand=2107 groups=254 top1_MAE=44.10 select_MAE=45.28 scale_MAE=41.06 (802.4s, 11.0s/img)
[55/297] 2176.jpg gt=73 top1=2 oracle=52 select=13 scale=16 cand=2842 groups=361 top1_MAE=45.73 select_MAE=52.27 scale_MAE=41.56 (887.6s, 18.4s/img)
[60/297] 2204.jpg gt=9 top1=2 oracle=8 select=2 scale=53 cand=2315 groups=327 top1_MAE=46.73 select_MAE=52.20 scale_MAE=43.32 (917.8s, 13.2s/img)
[65/297] 2233.jpg gt=64 top1=2 oracle=50 select=8 scale=77 cand=1678 groups=183 top1_MAE=51.15 select_MAE=56.66 scale_MAE=46.12 (949.6s, 8.0s/img)
[70/297] 2259.jpg gt=174 top1=2 oracle=31 select=2 scale=58 cand=1060 groups=96 top1_MAE=51.30 select_MAE=56.41 scale_MAE=46.47 (1003.4s, 4.1s/img)
[75/297] 2282.jpg gt=47 top1=2 oracle=30 select=2 scale=43 cand=2174 groups=204 top1_MAE=51.51 select_MAE=55.75 scale_MAE=45.31 (1033.6s, 9.8s/img)
[80/297] 2915.jpg gt=61 top1=2 oracle=48 select=6 scale=14 cand=4492 groups=317 top1_MAE=52.33 select_MAE=56.15 scale_MAE=47.04 (1226.8s, 25.3s/img)
[85/297] 2936.jpg gt=23 top1=2 oracle=30 select=2 scale=50 cand=2232 groups=229 top1_MAE=51.01 select_MAE=62.53 scale_MAE=46.28 (1300.6s, 10.0s/img)
[90/297] 3112.jpg gt=10 top1=2 oracle=10 select=6 scale=78 cand=1383 groups=183 top1_MAE=49.19 select_MAE=68.22 scale_MAE=45.13 (1367.8s, 6.4s/img)
[95/297] 3282.jpg gt=31 top1=2 oracle=49 select=49 scale=183 cand=1338 groups=124 top1_MAE=48.29 select_MAE=70.06 scale_MAE=47.08 (1395.1s, 4.8s/img)
[100/297] 3326.jpg gt=122 top1=2 oracle=21 select=8 scale=49 cand=1138 groups=122 top1_MAE=50.77 select_MAE=71.32 scale_MAE=46.37 (1425.1s, 4.7s/img)
[105/297] 3496.jpg gt=103 top1=2 oracle=15 select=6 scale=121 cand=826 groups=89 top1_MAE=53.74 select_MAE=72.30 scale_MAE=48.23 (1476.8s, 2.7s/img)
[110/297] 3657.jpg gt=24 top1=2 oracle=21 select=21 scale=27 cand=823 groups=96 top1_MAE=52.42 select_MAE=69.79 scale_MAE=47.72 (1492.5s, 2.7s/img)
[115/297] 4072.jpg gt=11 top1=2 oracle=10 select=4 scale=57 cand=970 groups=156 top1_MAE=52.53 select_MAE=68.95 scale_MAE=47.78 (1558.4s, 3.7s/img)
[120/297] 4115.jpg gt=8 top1=2 oracle=8 select=2 scale=71 cand=1949 groups=200 top1_MAE=52.77 select_MAE=68.33 scale_MAE=47.76 (1593.3s, 8.9s/img)
[125/297] 4291.jpg gt=323 top1=2 oracle=474 select=2 scale=16 cand=1682 groups=172 top1_MAE=54.53 select_MAE=70.13 scale_MAE=48.66 (1639.3s, 7.3s/img)
[130/297] 4414.jpg gt=11 top1=2 oracle=11 select=4 scale=28 cand=4759 groups=325 top1_MAE=53.70 select_MAE=68.48 scale_MAE=47.66 (1697.3s, 29.0s/img)
[135/297] 4874.jpg gt=68 top1=2 oracle=78 select=2 scale=60 cand=6060 groups=490 top1_MAE=52.60 select_MAE=66.77 scale_MAE=46.79 (1769.9s, 50.2s/img)
[140/297] 4894.jpg gt=11 top1=3 oracle=11 select=4 scale=29 cand=2277 groups=264 top1_MAE=52.54 select_MAE=66.17 scale_MAE=46.15 (1878.8s, 11.5s/img)
[145/297] 4918.jpg gt=95 top1=2 oracle=105 select=8 scale=62 cand=3713 groups=343 top1_MAE=51.92 select_MAE=64.94 scale_MAE=45.37 (1948.4s, 25.6s/img)
[150/297] 4939.jpg gt=20 top1=2 oracle=18 select=382 scale=87 cand=2700 groups=266 top1_MAE=51.20 select_MAE=65.98 scale_MAE=45.13 (2066.1s, 15.5s/img)
[155/297] 4959.jpg gt=31 top1=2 oracle=31 select=2 scale=54 cand=3146 groups=323 top1_MAE=53.43 select_MAE=71.05 scale_MAE=45.75 (2168.0s, 20.2s/img)
[160/297] 5357.jpg gt=12 top1=2 oracle=11 select=2 scale=60 cand=587 groups=73 top1_MAE=54.75 select_MAE=71.75 scale_MAE=45.21 (2251.2s, 2.1s/img)
[165/297] 5378.jpg gt=11 top1=2 oracle=11 select=6 scale=34 cand=1400 groups=236 top1_MAE=53.56 select_MAE=69.96 scale_MAE=44.31 (2279.9s, 6.9s/img)
[170/297] 5505.jpg gt=89 top1=2 oracle=43 select=292 scale=106 cand=2853 groups=288 top1_MAE=52.76 select_MAE=76.21 scale_MAE=43.69 (2335.5s, 14.8s/img)
[175/297] 5574.jpg gt=90 top1=2 oracle=117 select=2 scale=43 cand=607 groups=70 top1_MAE=53.37 select_MAE=76.08 scale_MAE=43.21 (2357.0s, 1.7s/img)
[180/297] 5596.jpg gt=40 top1=2 oracle=54 select=6 scale=40 cand=2463 groups=190 top1_MAE=53.08 select_MAE=75.03 scale_MAE=42.67 (2411.7s, 10.8s/img)
[185/297] 5804.jpg gt=43 top1=2 oracle=41 select=6 scale=19 cand=1472 groups=165 top1_MAE=53.17 select_MAE=74.48 scale_MAE=42.50 (2453.6s, 5.6s/img)
[190/297] 5824.jpg gt=24 top1=3 oracle=24 select=2 scale=22 cand=1345 groups=164 top1_MAE=53.03 select_MAE=73.52 scale_MAE=42.29 (2518.6s, 4.6s/img)
[195/297] 5844.jpg gt=75 top1=2 oracle=52 select=2 scale=43 cand=4420 groups=478 top1_MAE=53.35 select_MAE=73.24 scale_MAE=41.75 (2599.2s, 35.9s/img)
[200/297] 5922.jpg gt=35 top1=2 oracle=34 select=2 scale=46 cand=1370 groups=120 top1_MAE=52.91 select_MAE=72.23 scale_MAE=41.09 (2657.0s, 5.4s/img)
[205/297] 5942.jpg gt=10 top1=2 oracle=11 select=2 scale=45 cand=753 groups=111 top1_MAE=51.95 select_MAE=70.80 scale_MAE=41.46 (2682.8s, 3.5s/img)
[210/297] 6244.jpg gt=39 top1=2 oracle=33 select=3 scale=98 cand=1516 groups=185 top1_MAE=52.77 select_MAE=71.09 scale_MAE=41.46 (2730.1s, 7.2s/img)
[215/297] 6264.jpg gt=16 top1=2 oracle=12 select=2 scale=12 cand=1038 groups=107 top1_MAE=52.91 select_MAE=70.78 scale_MAE=41.01 (2752.6s, 3.2s/img)
[220/297] 6284.jpg gt=89 top1=2 oracle=59 select=19 scale=43 cand=1613 groups=145 top1_MAE=53.06 select_MAE=70.27 scale_MAE=40.84 (2788.4s, 6.7s/img)
[225/297] 6657.jpg gt=123 top1=2 oracle=66 select=7 scale=38 cand=1644 groups=168 top1_MAE=54.47 select_MAE=71.21 scale_MAE=41.96 (2821.9s, 6.6s/img)
[230/297] 7114.jpg gt=289 top1=2 oracle=326 select=28 scale=40 cand=2032 groups=239 top1_MAE=56.49 select_MAE=72.72 scale_MAE=43.92 (2852.9s, 10.8s/img)
[235/297] 7398.jpg gt=26 top1=2 oracle=26 select=2 scale=133 cand=3469 groups=382 top1_MAE=56.02 select_MAE=71.82 scale_MAE=44.27 (2933.4s, 24.8s/img)
[240/297] 6852.jpg gt=68 top1=3 oracle=10 select=2 scale=124 cand=574 groups=62 top1_MAE=55.67 select_MAE=71.15 scale_MAE=44.13 (2993.3s, 2.4s/img)
[245/297] 7216.jpg gt=25 top1=2 oracle=24 select=2 scale=28 cand=3459 groups=311 top1_MAE=55.29 select_MAE=70.42 scale_MAE=43.52 (3043.1s, 18.9s/img)
[250/297] 7694.jpg gt=60 top1=2 oracle=55 select=6 scale=23 cand=2483 groups=179 top1_MAE=56.09 select_MAE=70.80 scale_MAE=44.21 (3159.5s, 11.0s/img)
[255/297] 7536.jpg gt=24 top1=2 oracle=25 select=2 scale=45 cand=1613 groups=127 top1_MAE=56.17 select_MAE=75.33 scale_MAE=43.83 (3280.5s, 5.5s/img)
[260/297] 7015.jpg gt=141 top1=2 oracle=117 select=8 scale=26 cand=4532 groups=405 top1_MAE=56.56 select_MAE=75.25 scale_MAE=43.98 (3345.4s, 38.5s/img)
[265/297] 7598.jpg gt=31 top1=2 oracle=37 select=2 scale=19 cand=2262 groups=215 top1_MAE=56.46 select_MAE=74.80 scale_MAE=43.77 (3387.5s, 11.4s/img)
[270/297] 7056.jpg gt=77 top1=2 oracle=51 select=14 scale=34 cand=1413 groups=119 top1_MAE=56.84 select_MAE=74.74 scale_MAE=44.25 (3509.7s, 5.4s/img)
[275/297] 7463.jpg gt=21 top1=2 oracle=21 select=9 scale=32 cand=5838 groups=543 top1_MAE=56.18 select_MAE=75.60 scale_MAE=43.80 (3833.7s, 46.2s/img)
[280/297] 7671.jpg gt=87 top1=3 oracle=95 select=10 scale=154 cand=2317 groups=107 top1_MAE=57.52 select_MAE=76.53 scale_MAE=45.21 (3859.8s, 11.2s/img)
[285/297] 7609.jpg gt=110 top1=7 oracle=25 select=2 scale=67 cand=2094 groups=190 top1_MAE=58.60 select_MAE=77.26 scale_MAE=45.65 (3906.6s, 9.2s/img)
[290/297] 7096.jpg gt=19 top1=2 oracle=20 select=23 scale=43 cand=529 groups=65 top1_MAE=67.50 select_MAE=85.74 scale_MAE=47.91 (4267.8s, 1.8s/img)
[295/297] 7347.jpg gt=103 top1=2 oracle=79 select=79 scale=12 cand=1392 groups=100 top1_MAE=67.16 select_MAE=87.78 scale_MAE=47.55 (4311.9s, 4.7s/img)

=== FSC147 test results ===
{
  "num_images": 297,
  "top1_mae": 67.4040404040404,
  "top1_rmse": 173.9316499525571,
  "top1_nae": 0.9151870811454482,
  "top1_sre": 65.27340409144524,
  "select_mae": 87.89225589225589,
  "select_rmse": 223.27262856576635,
  "select_nae": 1.9679397266763528,
  "select_sre": 1054.336347892211,
  "scale_mae": 47.804713804713806,
  "scale_rmse": 86.63958395801257,
  "scale_nae": 1.2576035531617134,
  "scale_sre": 88.85247965614145,
  "oracle_mae": 23.19191919191919,
  "oracle_rmse": 47.87743892742341,
  "top1_by_gt_range": {
    "1-10": {
      "n": 19,
      "mae": 6.947368421052632,
      "rmse": 7.041231949625083
    },
    "11-50": {
      "n": 163,
      "mae": 23.834355828220858,
      "rmse": 26.283844673060027
    },
    "51-200": {
      "n": 101,
      "mae": 93.82178217821782,
      "rmse": 100.68950410854035
    },
    "201+": {
      "n": 14,
      "mae": 466.14285714285717,
      "rmse": 748.6837974548591
    }
  },
  "select_by_gt_range": {
    "1-10": {
      "n": 19,
      "mae": 6.421052631578948,
      "rmse": 7.887364979243034
    },
    "11-50": {
      "n": 163,
      "mae": 56.5398773006135,
      "rmse": 181.90164537176966
    },
    "51-200": {
      "n": 101,
      "mae": 102.17821782178218,
      "rmse": 127.77060198916364
    },
    "201+": {
      "n": 14,
      "mae": 460.42857142857144,
      "rmse": 744.61063650743
    }
  },
  "scale_by_gt_range": {
    "1-10": {
      "n": 19,
      "mae": 37.36842105263158,
      "rmse": 44.408391810083536
    },
    "11-50": {
      "n": 163,
      "mae": 27.539877300613497,
      "rmse": 41.56811248373112
    },
    "51-200": {
      "n": 101,
      "mae": 48.603960396039604,
      "rmse": 61.22471189425601
    },
    "201+": {
      "n": 14,
      "mae": 292.14285714285717,
      "rmse": 330.7666419525576
    }
  },
  "oracle_by_gt_range": {
    "1-10": {
      "n": 19,
      "mae": 0.7368421052631579,
      "rmse": 1.2977713690461004
    },
    "11-50": {
      "n": 163,
      "mae": 4.674846625766871,
      "rmse": 7.657547702092097
    },
    "51-200": {
      "n": 101,
      "mae": 41.83168316831683,
      "rmse": 55.05397891214954
    },
    "201+": {
      "n": 14,
      "mae": 134.78571428571428,
      "rmse": 161.48485112498057
    }
  },
  "elapsed_sec": 4334.155460357666
}
