/tmp/sam2_repo/sam2/sam2_image_predictor.py:431: UserWarning: cannot import name '_C' from 'sam2' (/tmp/sam2_repo/sam2/__init__.py)

Skipping the post-processing step due to the error above. You can still use SAM 2 and it's OK to ignore the error above, although some post-processing functionality may be limited (which doesn't affect the results in most cases; see https://github.com/facebookresearch/sam2/blob/main/INSTALL.md).
  masks = self._transforms.postprocess_masks(
Building SAM2 AMG model …
Model ready. Mode=single, crop=224, thresholds=(12.0, 9.0, 7.75)
Mask area filter: min=0.005, max=0.5

============================================================
  Split: val  (428 images)
============================================================
  [   1/428]  1897.jpg                       GT=  12 PRED=  19 AE=   7  5.3s
  [   2/428]  1901.jpg                       GT=  17 PRED=   6 AE=  11  4.5s
  [   3/428]  1906.jpg                       GT=  70 PRED=  98 AE=  28  6.0s
  [   4/428]  1907.jpg                       GT=  28 PRED=  41 AE=  13  5.3s
  [   5/428]  1912.jpg                       GT=  46 PRED=  60 AE=  14  5.8s
  [   7/428]  1915.jpg                       GT= 684 PRED=   3 AE= 681  5.0s
  [  15/428]  1936.jpg                       GT= 501 PRED=   0 AE= 501  5.7s
  [  21/428]  1956.jpg                       GT=1229 PRED=   0 AE=1229  5.0s
  [  31/428]  1983.jpg                       GT= 172 PRED=  78 AE=  94  5.5s
  [  33/428]  1990.jpg                       GT= 476 PRED=   0 AE= 476  5.4s
  [  50/428]  running MAE=75.44  total_time=255s  last: 2406.jpg GT=17 PRED=14
  [  61/428]  2818.jpg                       GT= 252 PRED=  46 AE= 206  5.3s
  [  70/428]  2858.jpg                       GT= 131 PRED=   0 AE= 131  4.4s
  [  77/428]  2879.jpg                       GT= 150 PRED=  53 AE=  97  5.3s
  [  78/428]  2884.jpg                       GT= 165 PRED=  60 AE= 105  5.6s
  [  84/428]  3433.jpg                       GT= 538 PRED=   6 AE= 532  4.7s
  [  85/428]  3435.jpg                       GT= 116 PRED=   9 AE= 107  4.9s
  [  87/428]  3482.jpg                       GT= 315 PRED=   4 AE= 311  5.0s
  [  88/428]  3484.jpg                       GT= 356 PRED=   6 AE= 350  4.3s
  [  89/428]  3485.jpg                       GT= 174 PRED=  41 AE= 133  5.1s
  [  90/428]  3487.jpg                       GT= 321 PRED=   2 AE= 319  4.8s
  [  91/428]  3488.jpg                       GT= 431 PRED=   6 AE= 425  4.6s
  [ 100/428]  running MAE=74.90  total_time=497s  last: 3547.jpg GT=21 PRED=32
  [ 115/428]  3665.jpg                       GT= 907 PRED=  19 AE= 888  4.7s
  [ 142/428]  4556.jpg                       GT= 133 PRED=   1 AE= 132  4.4s
  [ 150/428]  running MAE=61.53  total_time=744s  last: 4569.jpg GT=21 PRED=3
  [ 152/428]  4572.jpg                       GT= 141 PRED=   1 AE= 140  4.4s
  [ 153/428]  4574.jpg                       GT= 402 PRED=   1 AE= 401  4.5s
  [ 156/428]  4580.jpg                       GT= 165 PRED=   0 AE= 165  4.5s
  [ 186/428]  4796.jpg                       GT= 196 PRED=   9 AE= 187  5.0s
  [ 189/428]  4799.jpg                       GT= 122 PRED=  21 AE= 101  5.0s
  [ 193/428]  4808.jpg                       GT= 120 PRED=  38 AE=  82  4.9s
  [ 194/428]  4809.jpg                       GT= 306 PRED=  12 AE= 294  5.2s
  [ 195/428]  4811.jpg                       GT= 213 PRED=   8 AE= 205  4.5s
  [ 200/428]  running MAE=57.13  total_time=995s  last: 4821.jpg GT=90 PRED=53
  [ 204/428]  4833.jpg                       GT=  98 PRED=  10 AE=  88  4.7s
  [ 207/428]  4842.jpg                       GT= 122 PRED=  27 AE=  95  5.0s
  [ 212/428]  4849.jpg                       GT= 121 PRED=  30 AE=  91  4.9s
  [ 215/428]  5044.jpg                       GT= 100 PRED=   4 AE=  96  4.9s
  [ 250/428]  running MAE=49.98  total_time=1245s  last: 569.jpg GT=17 PRED=6
  [ 251/428]  5743.jpg                       GT= 270 PRED=   0 AE= 270  5.0s
  [ 252/428]  5747.jpg                       GT= 100 PRED=   7 AE=  93  5.0s
  [ 258/428]  5860.jpg                       GT= 757 PRED=  12 AE= 745  4.8s
  [ 260/428]  5876.jpg                       GT= 216 PRED=  69 AE= 147  5.4s
  [ 268/428]  5902.jpg                       GT= 209 PRED=   4 AE= 205  4.9s
  [ 269/428]  5905.jpg                       GT= 147 PRED=  29 AE= 118  5.2s
  [ 270/428]  5906.jpg                       GT= 113 PRED=  28 AE=  85  5.3s
  [ 271/428]  5907.jpg                       GT= 156 PRED=   6 AE= 150  5.0s
  [ 300/428]  running MAE=49.98  total_time=1489s  last: 615.jpg GT=23 PRED=2
  [ 313/428]  6729.jpg                       GT= 251 PRED=  63 AE= 188  4.9s
  [ 316/428]  6775.jpg                       GT= 191 PRED=  30 AE= 161  5.2s
  [ 329/428]  6969.jpg                       GT= 949 PRED=   1 AE= 948  4.3s
  [ 333/428]  7013.jpg                       GT= 139 PRED=  15 AE= 124  5.2s
  [ 338/428]  7143.jpg                       GT= 121 PRED=  35 AE=  86  5.2s
  [ 350/428]  running MAE=49.74  total_time=1743s  last: 7301.jpg GT=36 PRED=0
  [ 362/428]  7436.jpg                       GT= 283 PRED=   8 AE= 275  6.4s
  [ 382/428]  7593.jpg                       GT= 274 PRED=  13 AE= 261  5.1s
  [ 384/428]  7601.jpg                       GT= 142 PRED=   0 AE= 142  5.3s
  [ 390/428]  7659.jpg                       GT= 198 PRED=   0 AE= 198  6.1s
  [ 398/428]  808.jpg                        GT= 182 PRED=  53 AE= 129  6.2s
  [ 400/428]  running MAE=48.89  total_time=1989s  last: 813.jpg GT=185 PRED=1
  [ 401/428]  820.jpg                        GT= 437 PRED=   0 AE= 437  6.5s
  [ 408/428]  840.jpg                        GT= 637 PRED=  29 AE= 608  4.6s
  [ 409/428]  850.jpg                        GT= 183 PRED=  45 AE= 138  4.7s
  [ 410/428]  851.jpg                        GT= 320 PRED=  39 AE= 281  4.9s
  [ 413/428]  860.jpg                        GT= 240 PRED=  19 AE= 221  4.8s
  [ 428/428]  running MAE=50.88  total_time=2128s  last: 979.jpg GT=108 PRED=0

  Per-image detail saved → /home/czp/ws_yiyang/FreeCounting/ws_yiyang/OCCAM_experiments_series/ablation_mask_area/results/A3_min005/per_image_val.json

  [val] MAE=50.8808  MSE=17548.8715  RMSE=132.4722  NAE=0.6819

======================================================================
  OCCAM Origin-Simulation — FSC-147 Full Evaluation Summary
======================================================================
  Mode        : OCCAM-SINGLE (fraction=0.333, seed=42)
  SAM2 config : configs/sam2.1/sam2.1_hiera_l.yaml
  SAM2 ckpt   : /home/czp/ws_yiyang/FreeCounting/ws_yiyang/OCCAM/checkpoints/sam2.1_hiera_large.pt
  Started     : 2026-05-17 03:40:04
  Finished    : 2026-05-17 04:15:32
  Total time  : 35.5 min

  ── val split (n=428)
     MAE   = 50.8808
     MSE   = 17548.8715
     RMSE  = 132.4722
     NAE   = 0.6819
     avg_time = 4.97 s/img
     by GT count range:
       [   1-10]  n=  46  MAE=   8.15  RMSE=  11.23
       [  11-50]  n= 251  MAE=  14.83  RMSE=  18.02
       [ 51-200]  n= 105  MAE=  59.77  RMSE=  76.17
       [   201+]  n=  26  MAE= 438.62  RMSE= 511.95

======================================================================

Summary saved → /home/czp/ws_yiyang/FreeCounting/ws_yiyang/OCCAM_experiments_series/ablation_mask_area/results/A3_min005/summary.txt
