Using cache found in /home/gaoyiyang/.cache/torch/hub/facebookresearch_dinov2_main
/home/gaoyiyang/.cache/torch/hub/facebookresearch_dinov2_main/dinov2/layers/swiglu_ffn.py:51: UserWarning: xFormers is not available (SwiGLU)
  warnings.warn("xFormers is not available (SwiGLU)")
/home/gaoyiyang/.cache/torch/hub/facebookresearch_dinov2_main/dinov2/layers/attention.py:33: UserWarning: xFormers is not available (Attention)
  warnings.warn("xFormers is not available (Attention)")
/home/gaoyiyang/.cache/torch/hub/facebookresearch_dinov2_main/dinov2/layers/block.py:40: UserWarning: xFormers is not available (Block)
  warnings.warn("xFormers is not available (Block)")
/home/gaoyiyang/ws_yiyang/ws_mmmu/bench/New_approach/pf_cud/features/visual.py:75: UserWarning: The given NumPy array is not writable, and PyTorch does not support non-writable tensors. This means writing to this tensor will result in undefined behavior. You may want to copy the array to protect its data or make it writable before converting it to a tensor. This type of warning will be suppressed for the rest of this program. (Triggered internally at /pytorch/torch/csrc/utils/tensor_numpy.cpp:203.)
  t = torch.from_numpy(arr).to(device).permute(2, 0, 1).float().div_(255.0)
[gpu-guard] enabled  limit=78C  cooldown=30s  hysteresis=5C  check_every=5  gpu=0  start_temp=38C  bin=/usr/bin/nvidia-smi
[1/298] 3.jpg gt=11 top1=3 oracle=12 cand=1205 groups=188 top1_MAE=8.00 (8.6s, 8.6s/img)
[5/298] 297.jpg gt=12 top1=2 oracle=11 cand=1532 groups=173 top1_MAE=21.00 (155.2s, 6.2s/img)
[10/298] 320.jpg gt=16 top1=2 oracle=13 cand=2775 groups=384 top1_MAE=28.70 (275.0s, 18.2s/img)
[15/298] 341.jpg gt=13 top1=3 oracle=14 cand=2260 groups=234 top1_MAE=23.93 (305.3s, 10.0s/img)
[20/298] 693.jpg gt=17 top1=2 oracle=14 cand=995 groups=80 top1_MAE=52.00 (425.1s, 3.2s/img)
[25/298] 717.jpg gt=20 top1=2 oracle=19 cand=3909 groups=504 top1_MAE=56.72 (552.7s, 33.8s/img)
[30/298] 1053.jpg gt=207 top1=2 oracle=354 cand=2324 groups=225 top1_MAE=68.80 (643.0s, 12.5s/img)
[35/298] 1875.jpg gt=54 top1=2 oracle=59 cand=7567 groups=775 top1_MAE=69.89 (778.4s, 92.9s/img)
[40/298] 2018.jpg gt=68 top1=2 oracle=44 cand=2951 groups=258 top1_MAE=67.15 (877.2s, 22.0s/img)
[45/298] 2042.jpg gt=81 top1=4 oracle=34 cand=2076 groups=198 top1_MAE=69.13 (962.4s, 10.1s/img)
[50/298] 2147.jpg gt=37 top1=2 oracle=38 cand=1505 groups=189 top1_MAE=64.74 (1002.2s, 7.2s/img)
[55/298] 2175.jpg gt=91 top1=2 oracle=63 cand=5855 groups=504 top1_MAE=72.62 (1075.7s, 53.0s/img)
[60/298] 2203.jpg gt=22 top1=2 oracle=17 cand=1159 groups=148 top1_MAE=69.38 (1101.8s, 4.9s/img)
[65/298] 2232.jpg gt=96 top1=3 oracle=48 cand=867 groups=94 top1_MAE=67.54 (1148.7s, 2.7s/img)
[70/298] 2258.jpg gt=75 top1=2 oracle=33 cand=1490 groups=137 top1_MAE=68.16 (1223.9s, 6.2s/img)
[75/298] 2281.jpg gt=22 top1=2 oracle=21 cand=1466 groups=164 top1_MAE=65.45 (1244.3s, 6.8s/img)
[80/298] 2914.jpg gt=28 top1=2 oracle=30 cand=3722 groups=334 top1_MAE=62.51 (1358.5s, 24.0s/img)
[85/298] 2935.jpg gt=13 top1=3 oracle=12 cand=1806 groups=104 top1_MAE=61.25 (1455.6s, 5.9s/img)
[90/298] 3111.jpg gt=20 top1=2 oracle=15 cand=1368 groups=145 top1_MAE=59.64 (1510.7s, 4.6s/img)
[95/298] 3281.jpg gt=15 top1=2 oracle=12 cand=1246 groups=157 top1_MAE=57.83 (1545.7s, 4.9s/img)
[100/298] 3324.jpg gt=56 top1=4 oracle=32 cand=339 groups=30 top1_MAE=60.95 (1559.7s, 1.1s/img)
[105/298] 3495.jpg gt=107 top1=2 oracle=95 cand=1677 groups=191 top1_MAE=64.67 (1590.9s, 7.4s/img)
[110/298] 3656.jpg gt=45 top1=2 oracle=31 cand=748 groups=93 top1_MAE=64.28 (1608.4s, 2.7s/img)
[115/298] 4071.jpg gt=48 top1=2 oracle=43 cand=879 groups=89 top1_MAE=62.60 (1627.3s, 2.7s/img)
[120/298] 4114.jpg gt=12 top1=2 oracle=11 cand=5322 groups=491 top1_MAE=62.95 (1691.6s, 43.6s/img)
[125/298] 4290.jpg gt=25 top1=2 oracle=12 cand=1459 groups=183 top1_MAE=63.58 (1752.6s, 6.5s/img)
[130/298] 4413.jpg gt=11 top1=3 oracle=11 cand=3327 groups=315 top1_MAE=63.26 (1785.8s, 21.8s/img)
[135/298] 4502.jpg gt=21 top1=2 oracle=19 cand=2277 groups=189 top1_MAE=61.81 (1855.0s, 10.1s/img)
[140/298] 4893.jpg gt=28 top1=2 oracle=26 cand=3956 groups=452 top1_MAE=60.57 (1947.1s, 28.0s/img)
[145/298] 4917.jpg gt=37 top1=2 oracle=40 cand=2166 groups=277 top1_MAE=59.47 (2034.0s, 11.9s/img)
[150/298] 4938.jpg gt=58 top1=2 oracle=55 cand=3074 groups=345 top1_MAE=59.43 (2137.7s, 19.8s/img)
[155/298] 4958.jpg gt=118 top1=2 oracle=38 cand=2887 groups=268 top1_MAE=59.43 (2229.8s, 17.6s/img)
[160/298] 5356.jpg gt=16 top1=3 oracle=17 cand=1056 groups=94 top1_MAE=58.34 (2304.2s, 3.8s/img)
[165/298] 5377.jpg gt=9 top1=2 oracle=8 cand=1074 groups=111 top1_MAE=58.27 (2335.1s, 3.6s/img)
[170/298] 5504.jpg gt=122 top1=3 oracle=90 cand=285 groups=48 top1_MAE=57.52 (2389.6s, 0.9s/img)
[175/298] 5573.jpg gt=26 top1=2 oracle=11 cand=881 groups=69 top1_MAE=58.21 (2415.2s, 2.4s/img)
[180/298] 5595.jpg gt=15 top1=5 oracle=13 cand=914 groups=116 top1_MAE=57.28 (2455.1s, 3.3s/img)
[185/298] 5803.jpg gt=35 top1=2 oracle=31 cand=2373 groups=280 top1_MAE=56.94 (2516.1s, 13.2s/img)
[190/298] 5823.jpg gt=69 top1=2 oracle=48 cand=4908 groups=671 top1_MAE=57.34 (2672.7s, 55.1s/img)
[195/298] 5843.jpg gt=74 top1=2 oracle=70 cand=6280 groups=566 top1_MAE=57.64 (2849.6s, 56.8s/img)
[200/298] 5921.jpg gt=30 top1=2 oracle=16 cand=1048 groups=100 top1_MAE=57.30 (2923.3s, 3.6s/img)
[205/298] 5941.jpg gt=10 top1=2 oracle=10 cand=1801 groups=202 top1_MAE=56.49 (2938.7s, 7.9s/img)
[210/298] 6243.jpg gt=24 top1=2 oracle=18 cand=808 groups=89 top1_MAE=56.59 (2984.0s, 2.8s/img)
[215/298] 6263.jpg gt=23 top1=2 oracle=24 cand=1816 groups=197 top1_MAE=56.09 (3013.3s, 7.1s/img)
[220/298] 6283.jpg gt=21 top1=2 oracle=21 cand=1563 groups=211 top1_MAE=56.57 (3054.1s, 7.6s/img)
[225/298] 6656.jpg gt=100 top1=2 oracle=48 cand=1707 groups=179 top1_MAE=58.35 (3090.9s, 7.2s/img)
[230/298] 6936.jpg gt=111 top1=2 oracle=27 cand=1066 groups=96 top1_MAE=59.44 (3122.2s, 3.6s/img)
[235/298] 7542.jpg gt=43 top1=2 oracle=36 cand=2255 groups=194 top1_MAE=59.46 (3171.6s, 9.7s/img)
[240/298] 6732.jpg gt=39 top1=2 oracle=20 cand=2114 groups=220 top1_MAE=59.21 (3207.1s, 8.9s/img)
[245/298] 7564.jpg gt=52 top1=2 oracle=22 cand=1983 groups=179 top1_MAE=58.80 (3274.0s, 7.5s/img)
[250/298] 6736.jpg gt=98 top1=2 oracle=87 cand=7503 groups=497 top1_MAE=58.61 (3392.0s, 73.0s/img)
[255/298] 6810.jpg gt=40 top1=7 oracle=7 cand=673 groups=51 top1_MAE=58.41 (3433.9s, 1.7s/img)
[260/298] 7219.jpg gt=51 top1=9 oracle=34 cand=2126 groups=172 top1_MAE=59.67 (3504.5s, 7.9s/img)
[265/298] 7042.jpg gt=198 top1=2 oracle=178 cand=6570 groups=462 top1_MAE=60.70 (3656.5s, 54.3s/img)
[270/298] 7090.jpg gt=31 top1=2 oracle=41 cand=591 groups=61 top1_MAE=60.82 (3760.5s, 2.0s/img)
[275/298] 7535.jpg gt=107 top1=2 oracle=65 cand=4843 groups=619 top1_MAE=60.65 (4058.5s, 49.8s/img)
[280/298] 6904.jpg gt=13 top1=2 oracle=11 cand=2021 groups=168 top1_MAE=60.16 (4101.8s, 8.9s/img)
[285/298] 7381.jpg gt=72 top1=3 oracle=20 cand=1029 groups=113 top1_MAE=60.26 (4192.6s, 4.0s/img)
[290/298] 7176.jpg gt=39 top1=2 oracle=24 cand=616 groups=63 top1_MAE=59.97 (4217.0s, 1.9s/img)
[295/298] 7387.jpg gt=66 top1=2 oracle=34 cand=1619 groups=120 top1_MAE=59.96 (4287.2s, 5.6s/img)

=== FSC147 test results ===
{
  "num_images": 298,
  "top1_mae": 60.12751677852349,
  "top1_rmse": 95.5543346608788,
  "top1_nae": 0.9163042182713338,
  "top1_sre": 57.98183682246835,
  "oracle_mae": 27.130872483221477,
  "oracle_rmse": 56.24529808834672,
  "top1_by_gt_range": {
    "1-10": {
      "n": 12,
      "mae": 7.25,
      "rmse": 7.285830998131464
    },
    "11-50": {
      "n": 168,
      "mae": 23.851190476190474,
      "rmse": 26.442997992987536
    },
    "51-200": {
      "n": 104,
      "mae": 90.97115384615384,
      "rmse": 97.69482507356183
    },
    "201+": {
      "n": 14,
      "mae": 311.64285714285717,
      "rmse": 339.13914127221756
    }
  },
  "oracle_by_gt_range": {
    "1-10": {
      "n": 12,
      "mae": 0.9166666666666666,
      "rmse": 1.3228756555322954
    },
    "11-50": {
      "n": 168,
      "mae": 4.660714285714286,
      "rmse": 7.703199706244524
    },
    "51-200": {
      "n": 104,
      "mae": 44.20192307692308,
      "rmse": 53.981032993792574
    },
    "201+": {
      "n": 14,
      "mae": 192.42857142857142,
      "rmse": 212.08017351935564
    }
  },
  "elapsed_sec": 4315.236387014389
}
