Building SAM2 AMG model …
Model ready. Mode=single, crop=224, thresholds=(12.0, 9.0, 7.75)
Mask area filter: min=0.0005, max=0.1
Cluster method: sng (eps=5, delta=5 for sng)  PRED strategy: max

============================================================
  Split: val  (428 images)
============================================================
/tmp/sam2_repo/sam2/sam2_image_predictor.py:431: UserWarning: cannot import name '_C' from 'sam2' (/tmp/sam2_repo/sam2/__init__.py)

Skipping the post-processing step due to the error above. You can still use SAM 2 and it's OK to ignore the error above, although some post-processing functionality may be limited (which doesn't affect the results in most cases; see https://github.com/facebookresearch/sam2/blob/main/INSTALL.md).
  masks = self._transforms.postprocess_masks(
  [   1/428]  1897.jpg                       GT=  12 PRED=   7 AE=   5  5.0s
  [   2/428]  1901.jpg                       GT=  17 PRED=   4 AE=  13  4.5s
  [   3/428]  1906.jpg                       GT=  70 PRED=   6 AE=  64  5.6s
  [   4/428]  1907.jpg                       GT=  28 PRED=  12 AE=  16  5.2s
  [   5/428]  1912.jpg                       GT=  46 PRED=   5 AE=  41  5.7s
  [   7/428]  1915.jpg                       GT= 684 PRED=   7 AE= 677  5.3s
  [  10/428]  1920.jpg                       GT= 138 PRED=   5 AE= 133  4.9s
  [  14/428]  1934.jpg                       GT= 171 PRED=   8 AE= 163  5.6s
  [  15/428]  1936.jpg                       GT= 501 PRED=   6 AE= 495  6.3s
  [  21/428]  1956.jpg                       GT=1229 PRED=   9 AE=1220  6.0s
  [  22/428]  1960.jpg                       GT= 163 PRED=  13 AE= 150  5.4s
  [  28/428]  1977.jpg                       GT= 132 PRED=   8 AE= 124  6.1s
  [  31/428]  1983.jpg                       GT= 172 PRED=  10 AE= 162  5.3s
  [  33/428]  1990.jpg                       GT= 476 PRED=  14 AE= 462  5.6s
  [  36/428]  2001.jpg                       GT= 100 PRED=   8 AE=  92  5.3s
  [  50/428]  running MAE=94.88  total_time=257s  last: 2406.jpg GT=17 PRED=1
  [  61/428]  2818.jpg                       GT= 252 PRED=   5 AE= 247  5.6s
  [  64/428]  2835.jpg                       GT=  89 PRED=   7 AE=  82  5.4s
  [  66/428]  2842.jpg                       GT= 124 PRED=   8 AE= 116  5.5s
  [  69/428]  2857.jpg                       GT= 107 PRED=   6 AE= 101  4.6s
  [  70/428]  2858.jpg                       GT= 131 PRED=   5 AE= 126  4.6s
  [  74/428]  2869.jpg                       GT= 119 PRED=   9 AE= 110  5.1s
  [  77/428]  2879.jpg                       GT= 150 PRED=   5 AE= 145  5.3s
  [  78/428]  2884.jpg                       GT= 165 PRED=   5 AE= 160  5.5s
  [  84/428]  3433.jpg                       GT= 538 PRED=   1 AE= 537  4.7s
  [  85/428]  3435.jpg                       GT= 116 PRED=  13 AE= 103  4.8s
  [  87/428]  3482.jpg                       GT= 315 PRED=   1 AE= 314  5.0s
  [  88/428]  3484.jpg                       GT= 356 PRED=   3 AE= 353  4.3s
  [  89/428]  3485.jpg                       GT= 174 PRED=   6 AE= 168  5.1s
  [  90/428]  3487.jpg                       GT= 321 PRED=   1 AE= 320  4.8s
  [  91/428]  3488.jpg                       GT= 431 PRED=   1 AE= 430  4.8s
  [ 100/428]  running MAE=90.58  total_time=503s  last: 3547.jpg GT=21 PRED=5
  [ 115/428]  3665.jpg                       GT= 907 PRED=   7 AE= 900  5.0s
  [ 142/428]  4556.jpg                       GT= 133 PRED=   6 AE= 127  4.6s
  [ 150/428]  running MAE=71.63  total_time=759s  last: 4569.jpg GT=21 PRED=7
  [ 152/428]  4572.jpg                       GT= 141 PRED=   4 AE= 137  4.4s
  [ 153/428]  4574.jpg                       GT= 402 PRED=   6 AE= 396  4.8s
  [ 156/428]  4580.jpg                       GT= 165 PRED=  14 AE= 151  4.6s
  [ 186/428]  4796.jpg                       GT= 196 PRED=   6 AE= 190  5.4s
  [ 189/428]  4799.jpg                       GT= 122 PRED=   9 AE= 113  5.3s
  [ 193/428]  4808.jpg                       GT= 120 PRED=   7 AE= 113  5.1s
  [ 194/428]  4809.jpg                       GT= 306 PRED=   7 AE= 299  5.4s
  [ 195/428]  4811.jpg                       GT= 213 PRED=  14 AE= 199  4.5s
  [ 200/428]  running MAE=67.03  total_time=1012s  last: 4821.jpg GT=90 PRED=8
  [ 204/428]  4833.jpg                       GT=  98 PRED=   7 AE=  91  5.0s
  [ 207/428]  4842.jpg                       GT= 122 PRED=   6 AE= 116  5.1s
  [ 212/428]  4849.jpg                       GT= 121 PRED=  11 AE= 110  5.1s
  [ 215/428]  5044.jpg                       GT= 100 PRED=   7 AE=  93  5.2s
  [ 250/428]  running MAE=58.46  total_time=1268s  last: 569.jpg GT=17 PRED=4
  [ 251/428]  5743.jpg                       GT= 270 PRED=   3 AE= 267  5.2s
  [ 252/428]  5747.jpg                       GT= 100 PRED=   1 AE=  99  5.2s
  [ 258/428]  5860.jpg                       GT= 757 PRED=   8 AE= 749  5.2s
  [ 260/428]  5876.jpg                       GT= 216 PRED=   5 AE= 211  6.1s
  [ 268/428]  5902.jpg                       GT= 209 PRED=   8 AE= 201  5.1s
  [ 269/428]  5905.jpg                       GT= 147 PRED=   9 AE= 138  5.3s
  [ 270/428]  5906.jpg                       GT= 113 PRED=   8 AE= 105  5.5s
  [ 271/428]  5907.jpg                       GT= 156 PRED=   8 AE= 148  5.1s
  [ 300/428]  running MAE=58.33  total_time=1518s  last: 615.jpg GT=23 PRED=3
  [ 312/428]  6728.jpg                       GT=  99 PRED=   6 AE=  93  5.4s
  [ 313/428]  6729.jpg                       GT= 251 PRED=  10 AE= 241  5.1s
  [ 316/428]  6775.jpg                       GT= 191 PRED=  10 AE= 181  5.2s
  [ 321/428]  6835.jpg                       GT= 138 PRED=   9 AE= 129  5.9s
  [ 329/428]  6969.jpg                       GT= 949 PRED=   1 AE= 948  4.3s
  [ 332/428]  7002.jpg                       GT= 100 PRED=   8 AE=  92  5.3s
  [ 333/428]  7013.jpg                       GT= 139 PRED=   9 AE= 130  5.4s
  [ 335/428]  7069.jpg                       GT= 142 PRED=   8 AE= 134  5.5s
  [ 336/428]  7077.jpg                       GT= 140 PRED=   8 AE= 132  5.5s
  [ 338/428]  7143.jpg                       GT= 121 PRED=   8 AE= 113  5.2s
  [ 348/428]  7280.jpg                       GT= 116 PRED=   6 AE= 110  5.8s
  [ 350/428]  running MAE=59.75  total_time=1773s  last: 7301.jpg GT=36 PRED=1
  [ 356/428]  7388.jpg                       GT= 134 PRED=   8 AE= 126  5.4s
  [ 362/428]  7436.jpg                       GT= 283 PRED=   8 AE= 275  6.7s
  [ 376/428]  7545.jpg                       GT= 106 PRED=   5 AE= 101  6.1s
  [ 382/428]  7593.jpg                       GT= 274 PRED=   7 AE= 267  5.6s
  [ 384/428]  7601.jpg                       GT= 142 PRED=   8 AE= 134  5.5s
  [ 390/428]  7659.jpg                       GT= 198 PRED=   7 AE= 191  6.7s
  [ 398/428]  808.jpg                        GT= 182 PRED=   7 AE= 175  6.6s
  [ 400/428]  running MAE=58.44  total_time=2021s  last: 813.jpg GT=185 PRED=10
  [ 401/428]  820.jpg                        GT= 437 PRED=  10 AE= 427  7.2s
  [ 404/428]  828.jpg                        GT=  87 PRED=   6 AE=  81  5.2s
  [ 405/428]  831.jpg                        GT= 117 PRED=   6 AE= 111  5.4s
  [ 406/428]  832.jpg                        GT= 116 PRED=   5 AE= 111  5.9s
  [ 408/428]  840.jpg                        GT= 637 PRED=   8 AE= 629  4.8s
  [ 409/428]  850.jpg                        GT= 183 PRED=   6 AE= 177  4.7s
  [ 410/428]  851.jpg                        GT= 320 PRED=  12 AE= 308  4.9s
  [ 412/428]  859.jpg                        GT=  97 PRED=  11 AE=  86  5.3s
  [ 413/428]  860.jpg                        GT= 240 PRED=  14 AE= 226  4.8s
  [ 428/428]  running MAE=61.13  total_time=2164s  last: 979.jpg GT=108 PRED=5

  Per-image detail saved → /home/czp/ws_yiyang/FreeCounting/ws_yiyang/OCCAM_experiments_series/ablation_clustering/results/A6_SNG_e5_d5/per_image_val.json

  [val] MAE=61.1262  MSE=18885.3832  RMSE=137.4241  NAE=0.7582

======================================================================
  OCCAM Origin-Simulation — FSC-147 Full Evaluation Summary
======================================================================
  Mode        : OCCAM-SINGLE (fraction=0.333, seed=42)
  SAM2 config : configs/sam2.1/sam2.1_hiera_l.yaml
  SAM2 ckpt   : /home/czp/ws_yiyang/FreeCounting/ws_yiyang/OCCAM/checkpoints/sam2.1_hiera_large.pt
  Started     : 2026-05-19 17:04:44
  Finished    : 2026-05-19 17:41:34
  Total time  : 36.8 min

  ── val split (n=428)
     MAE   = 61.1262
     MSE   = 18885.3832
     RMSE  = 137.4241
     NAE   = 0.7582
     avg_time = 5.06 s/img
     by GT count range:
       [   1-10]  n=  46  MAE=   4.33  RMSE=   4.90
       [  11-50]  n= 251  MAE=  18.61  RMSE=  21.57
       [ 51-200]  n= 105  MAE=  92.33  RMSE= 100.44
       [   201+]  n=  26  MAE= 446.08  RMSE= 515.37

======================================================================

Summary saved → /home/czp/ws_yiyang/FreeCounting/ws_yiyang/OCCAM_experiments_series/ablation_clustering/results/A6_SNG_e5_d5/summary.txt
