============================================================
  OCCAM-M (multi) sweep — FINCH baseline + top-5 SNG
  Mask filter: min=5e-4, max=0.10 (= M6 best)
  PRED: max  |  FSC-147 val (fraction=0.333, seed=42)
  Wed May 20 15:13:00 CST 2026
------------------------------------------------------------
  Selected SNG configs (eps  delta  single-MAE  source-name):
    10 6 38.9416 A6_SNG_e10_d6_eta064
    10 5 39.6262 A6_SNG_e10_d5
    8 3 39.6776 A6_SNG_e8_d3_eta039
    5 2 40.2477 A6_SNG_e5_d2
    10 4 40.6028 A6_SNG_e10_d4_eta040
============================================================
[SKIP] A6M_FINCH_max — already completed

━━━━━━━━━━━━━━━━━━━━━━━━━━━━━━━━━━━━━━━━━━━━━━━━━━━━━━━━━━━━
  Experiment: A6M_SNG_e10_d6  (eps=10, delta=6, single-MAE=38.9416)
  Started: Wed May 20 15:13:00 CST 2026  GPU: 41°C
━━━━━━━━━━━━━━━━━━━━━━━━━━━━━━━━━━━━━━━━━━━━━━━━━━━━━━━━━━━━
Building SAM2 AMG model …
Model ready. Mode=multi, crop=500, thresholds=(5.0, 4.0, 3.0)
Mask area filter: min=0.0005, max=0.1
Cluster method: sng (eps=10, delta=6 for sng)  PRED strategy: max

============================================================
  Split: val  (428 images)
============================================================
/tmp/sam2_repo/sam2/sam2_image_predictor.py:431: UserWarning: cannot import name '_C' from 'sam2' (/tmp/sam2_repo/sam2/__init__.py)

Skipping the post-processing step due to the error above. You can still use SAM 2 and it's OK to ignore the error above, although some post-processing functionality may be limited (which doesn't affect the results in most cases; see https://github.com/facebookresearch/sam2/blob/main/INSTALL.md).
  masks = self._transforms.postprocess_masks(
  [   1/428]  1897.jpg                       GT=  12 PRED=  28 AE=  16  5.1s
  [   2/428]  1901.jpg                       GT=  17 PRED=  31 AE=  14  4.6s
  [   3/428]  1906.jpg                       GT=  70 PRED=  94 AE=  24  6.4s
  [   4/428]  1907.jpg                       GT=  28 PRED=  25 AE=   3  5.3s
  [   5/428]  1912.jpg                       GT=  46 PRED=  41 AE=   5  6.1s
  [   7/428]  1915.jpg                       GT= 684 PRED= 136 AE= 548  7.4s
  [  15/428] ERROR 1936.jpg: CUDA out of memory. Tried to allocate 7.60 GiB. GPU 0 has a total capacity of 23.99 GiB of which 2.71 GiB is free. Including non-PyTorch memory, this process has 17179869184.00 GiB memory in use. 20.39 GiB allowed; Of the allocated memory 19.59 GiB is allocated by PyTorch, and 72.84 MiB is reserved by PyTorch but unallocated. If reserved but unallocated memory is large try setting PYTORCH_CUDA_ALLOC_CONF=expandable_segments:True to avoid fragmentation.  See documentation for Memory Management  (https://docs.pytorch.org/docs/stable/notes/cuda.html#optimizing-memory-usage-with-pytorch-cuda-alloc-conf)
  [  21/428] ERROR 1956.jpg: CUDA out of memory. Tried to allocate 8.57 GiB. GPU 0 has a total capacity of 23.99 GiB of which 8.94 GiB is free. Including non-PyTorch memory, this process has 17179869184.00 GiB memory in use. 20.39 GiB allowed; Of the allocated memory 13.38 GiB is allocated by PyTorch, and 49.08 MiB is reserved by PyTorch but unallocated. If reserved but unallocated memory is large try setting PYTORCH_CUDA_ALLOC_CONF=expandable_segments:True to avoid fragmentation.  See documentation for Memory Management  (https://docs.pytorch.org/docs/stable/notes/cuda.html#optimizing-memory-usage-with-pytorch-cuda-alloc-conf)
  [  22/428]  1960.jpg                       GT= 163 PRED=  59 AE= 104  7.2s
  [  33/428]  1990.jpg                       GT= 476 PRED= 211 AE= 265  9.5s
  [  50/428]  running MAE=33.79  total_time=268s  last: 2406.jpg GT=17 PRED=20
  [  84/428]  3433.jpg                       GT= 538 PRED=   1 AE= 537  4.8s
  [  87/428]  3482.jpg                       GT= 315 PRED=   1 AE= 314  5.0s
  [  88/428]  3484.jpg                       GT= 356 PRED=   9 AE= 347  4.4s
  [  90/428]  3487.jpg                       GT= 321 PRED=   1 AE= 320  4.8s
  [  91/428]  3488.jpg                       GT= 431 PRED=   1 AE= 430  4.7s
  [ 100/428]  running MAE=45.79  total_time=531s  last: 3547.jpg GT=21 PRED=35
  [ 115/428]  3665.jpg                       GT= 907 PRED= 102 AE= 805  5.9s
  [ 123/428]  3768.jpg                       GT=   9 PRED= 112 AE= 103  7.5s
  [ 150/428]  running MAE=41.21  total_time=790s  last: 4569.jpg GT=21 PRED=21
  [ 152/428]  4572.jpg                       GT= 141 PRED=  51 AE=  90  4.7s
  [ 153/428]  4574.jpg                       GT= 402 PRED=  16 AE= 386  4.5s
  [ 194/428]  4809.jpg                       GT= 306 PRED= 149 AE= 157  7.3s
  [ 195/428]  4811.jpg                       GT= 213 PRED=  92 AE= 121  5.2s
  [ 200/428]  running MAE=38.26  total_time=1056s  last: 4821.jpg GT=90 PRED=93
  [ 215/428]  5044.jpg                       GT= 100 PRED=  13 AE=  87  5.0s
  [ 250/428]  running MAE=35.13  total_time=1318s  last: 569.jpg GT=17 PRED=29
  [ 251/428]  5743.jpg                       GT= 270 PRED=  70 AE= 200  5.3s
  [ 252/428]  5747.jpg                       GT= 100 PRED=   1 AE=  99  4.9s
  [ 258/428]  5860.jpg                       GT= 757 PRED= 154 AE= 603  5.8s
  [ 268/428]  5902.jpg                       GT= 209 PRED=  68 AE= 141  5.7s
  [ 269/428]  5905.jpg                       GT= 147 PRED=  56 AE=  91  6.5s
  [ 300/428]  running MAE=35.01  total_time=1577s  last: 615.jpg GT=23 PRED=34
  [ 313/428]  6729.jpg                       GT= 251 PRED= 101 AE= 150  5.8s
  [ 316/428]  6775.jpg                       GT= 191 PRED=  40 AE= 151  7.3s
  [ 329/428]  6969.jpg                       GT= 949 PRED=   1 AE= 948  4.3s
  [ 350/428]  running MAE=36.36  total_time=1859s  last: 7301.jpg GT=36 PRED=1
  [ 362/428]  7436.jpg                       GT= 283 PRED=  41 AE= 242  10.0s
  [ 400/428]  running MAE=35.56  total_time=2131s  last: 813.jpg GT=185 PRED=43
  [ 401/428] ERROR 820.jpg: CUDA out of memory. Tried to allocate 7.15 GiB. GPU 0 has a total capacity of 23.99 GiB of which 3.82 GiB is free. Including non-PyTorch memory, this process has 17179869184.00 GiB memory in use. 20.39 GiB allowed; Of the allocated memory 18.50 GiB is allocated by PyTorch, and 48.64 MiB is reserved by PyTorch but unallocated. If reserved but unallocated memory is large try setting PYTORCH_CUDA_ALLOC_CONF=expandable_segments:True to avoid fragmentation.  See documentation for Memory Management  (https://docs.pytorch.org/docs/stable/notes/cuda.html#optimizing-memory-usage-with-pytorch-cuda-alloc-conf)
  [ 408/428]  840.jpg                        GT= 637 PRED= 151 AE= 486  6.2s
  [ 410/428]  851.jpg                        GT= 320 PRED= 162 AE= 158  6.3s
  [ 413/428]  860.jpg                        GT= 240 PRED= 125 AE= 115  6.1s
  [ 417/428]  916.jpg                        GT=   9 PRED=  90 AE=  81  5.9s
  [ 418/428]  920.jpg                        GT=  12 PRED= 192 AE= 180  7.9s
  [ 428/428]  running MAE=37.00  total_time=2283s  last: 979.jpg GT=108 PRED=41

  Per-image detail saved → /home/czp/ws_yiyang/FreeCounting/ws_yiyang/OCCAM_experiments_series/ablation_clustering/results_multi/A6M_SNG_e10_d6/per_image_val.json

  [val] MAE=37.0  MSE=9528.5059  RMSE=97.6141  NAE=0.8254

======================================================================
  OCCAM Origin-Simulation — FSC-147 Full Evaluation Summary
======================================================================
  Mode        : OCCAM-MULTI (fraction=0.333, seed=42)
  SAM2 config : configs/sam2.1/sam2.1_hiera_l.yaml
  SAM2 ckpt   : /home/czp/ws_yiyang/FreeCounting/ws_yiyang/OCCAM/checkpoints/sam2.1_hiera_large.pt
  Started     : 2026-05-20 15:13:05
  Finished    : 2026-05-20 15:52:20
  Total time  : 39.3 min

  ── val split (n=425)
     MAE   = 37.0000
     MSE   = 9528.5059
     RMSE  = 97.6141
     NAE   = 0.8254
     avg_time = 5.37 s/img
     by GT count range:
       [   1-10]  n=  46  MAE=  16.59  RMSE=  25.27
       [  11-50]  n= 251  MAE=  16.68  RMSE=  23.72
       [ 51-200]  n= 105  MAE=  32.02  RMSE=  42.83
       [   201+]  n=  23  MAE= 322.35  RMSE= 400.35

======================================================================

Summary saved → /home/czp/ws_yiyang/FreeCounting/ws_yiyang/OCCAM_experiments_series/ablation_clustering/results_multi/A6M_SNG_e10_d6/summary.txt
  Finished: Wed May 20 15:52:21 CST 2026  GPU: 56°C
  [inter-exp] Cooling 30s...

━━━━━━━━━━━━━━━━━━━━━━━━━━━━━━━━━━━━━━━━━━━━━━━━━━━━━━━━━━━━
  Experiment: A6M_SNG_e10_d5  (eps=10, delta=5, single-MAE=39.6262)
  Started: Wed May 20 15:52:51 CST 2026  GPU: 45°C
━━━━━━━━━━━━━━━━━━━━━━━━━━━━━━━━━━━━━━━━━━━━━━━━━━━━━━━━━━━━
Building SAM2 AMG model …
Model ready. Mode=multi, crop=500, thresholds=(5.0, 4.0, 3.0)
Mask area filter: min=0.0005, max=0.1
Cluster method: sng (eps=10, delta=5 for sng)  PRED strategy: max

============================================================
  Split: val  (428 images)
============================================================
/tmp/sam2_repo/sam2/sam2_image_predictor.py:431: UserWarning: cannot import name '_C' from 'sam2' (/tmp/sam2_repo/sam2/__init__.py)

Skipping the post-processing step due to the error above. You can still use SAM 2 and it's OK to ignore the error above, although some post-processing functionality may be limited (which doesn't affect the results in most cases; see https://github.com/facebookresearch/sam2/blob/main/INSTALL.md).
  masks = self._transforms.postprocess_masks(
  [   1/428]  1897.jpg                       GT=  12 PRED=  28 AE=  16  5.1s
  [   2/428]  1901.jpg                       GT=  17 PRED=  31 AE=  14  4.6s
  [   3/428]  1906.jpg                       GT=  70 PRED=  98 AE=  28  6.4s
  [   4/428]  1907.jpg                       GT=  28 PRED=  25 AE=   3  5.4s
  [   5/428]  1912.jpg                       GT=  46 PRED=  85 AE=  39  6.2s
  [   7/428]  1915.jpg                       GT= 684 PRED= 147 AE= 537  7.5s
  [  15/428] ERROR 1936.jpg: CUDA out of memory. Tried to allocate 7.60 GiB. GPU 0 has a total capacity of 23.99 GiB of which 2.71 GiB is free. Including non-PyTorch memory, this process has 17179869184.00 GiB memory in use. 20.39 GiB allowed; Of the allocated memory 19.59 GiB is allocated by PyTorch, and 72.84 MiB is reserved by PyTorch but unallocated. If reserved but unallocated memory is large try setting PYTORCH_CUDA_ALLOC_CONF=expandable_segments:True to avoid fragmentation.  See documentation for Memory Management  (https://docs.pytorch.org/docs/stable/notes/cuda.html#optimizing-memory-usage-with-pytorch-cuda-alloc-conf)
  [  21/428] ERROR 1956.jpg: CUDA out of memory. Tried to allocate 8.57 GiB. GPU 0 has a total capacity of 23.99 GiB of which 8.94 GiB is free. Including non-PyTorch memory, this process has 17179869184.00 GiB memory in use. 20.39 GiB allowed; Of the allocated memory 13.38 GiB is allocated by PyTorch, and 49.08 MiB is reserved by PyTorch but unallocated. If reserved but unallocated memory is large try setting PYTORCH_CUDA_ALLOC_CONF=expandable_segments:True to avoid fragmentation.  See documentation for Memory Management  (https://docs.pytorch.org/docs/stable/notes/cuda.html#optimizing-memory-usage-with-pytorch-cuda-alloc-conf)
  [  33/428]  1990.jpg                       GT= 476 PRED= 343 AE= 133  9.5s
  [  50/428]  running MAE=30.73  total_time=267s  last: 2406.jpg GT=17 PRED=20
  [  84/428]  3433.jpg                       GT= 538 PRED=   1 AE= 537  4.7s
  [  87/428]  3482.jpg                       GT= 315 PRED=   1 AE= 314  4.9s
  [  88/428]  3484.jpg                       GT= 356 PRED=   9 AE= 347  4.4s
  [  90/428]  3487.jpg                       GT= 321 PRED=   1 AE= 320  4.8s
  [  91/428]  3488.jpg                       GT= 431 PRED=   1 AE= 430  4.8s
  [ 100/428]  running MAE=45.76  total_time=531s  last: 3547.jpg GT=21 PRED=62
  [ 115/428]  3665.jpg                       GT= 907 PRED= 154 AE= 753  6.0s
  [ 123/428]  3768.jpg                       GT=   9 PRED= 114 AE= 105  7.5s
  [ 150/428]  running MAE=41.66  total_time=790s  last: 4569.jpg GT=21 PRED=21
  [ 152/428]  4572.jpg                       GT= 141 PRED=  53 AE=  88  4.7s
  [ 153/428]  4574.jpg                       GT= 402 PRED=  16 AE= 386  4.5s
  [ 195/428]  4811.jpg                       GT= 213 PRED=  94 AE= 119  5.2s
  [ 200/428]  running MAE=38.87  total_time=1057s  last: 4821.jpg GT=90 PRED=129
  [ 215/428]  5044.jpg                       GT= 100 PRED=  13 AE=  87  5.1s
  [ 250/428]  running MAE=36.15  total_time=1318s  last: 569.jpg GT=17 PRED=29
  [ 251/428]  5743.jpg                       GT= 270 PRED=  76 AE= 194  5.3s
  [ 252/428]  5747.jpg                       GT= 100 PRED=   1 AE=  99  4.9s
  [ 258/428]  5860.jpg                       GT= 757 PRED= 165 AE= 592  5.9s
  [ 268/428]  5902.jpg                       GT= 209 PRED=  70 AE= 139  5.7s
  [ 300/428]  running MAE=35.71  total_time=1577s  last: 615.jpg GT=23 PRED=34
  [ 313/428]  6729.jpg                       GT= 251 PRED= 107 AE= 144  5.7s
  [ 316/428]  6775.jpg                       GT= 191 PRED=  73 AE= 118  7.4s
  [ 329/428]  6969.jpg                       GT= 949 PRED=   1 AE= 948  4.3s
  [ 350/428]  running MAE=37.20  total_time=1860s  last: 7301.jpg GT=36 PRED=1
  [ 356/428]  7388.jpg                       GT= 134 PRED= 215 AE=  81  6.8s
  [ 362/428]  7436.jpg                       GT= 283 PRED=  57 AE= 226  9.5s
  [ 400/428]  running MAE=36.14  total_time=2132s  last: 813.jpg GT=185 PRED=101
  [ 401/428] ERROR 820.jpg: CUDA out of memory. Tried to allocate 7.15 GiB. GPU 0 has a total capacity of 23.99 GiB of which 3.82 GiB is free. Including non-PyTorch memory, this process has 17179869184.00 GiB memory in use. 20.39 GiB allowed; Of the allocated memory 18.50 GiB is allocated by PyTorch, and 48.64 MiB is reserved by PyTorch but unallocated. If reserved but unallocated memory is large try setting PYTORCH_CUDA_ALLOC_CONF=expandable_segments:True to avoid fragmentation.  See documentation for Memory Management  (https://docs.pytorch.org/docs/stable/notes/cuda.html#optimizing-memory-usage-with-pytorch-cuda-alloc-conf)
  [ 408/428]  840.jpg                        GT= 637 PRED= 161 AE= 476  6.1s
  [ 410/428]  851.jpg                        GT= 320 PRED= 173 AE= 147  6.3s
  [ 413/428]  860.jpg                        GT= 240 PRED= 133 AE= 107  6.1s
  [ 417/428]  916.jpg                        GT=   9 PRED=  91 AE=  82  6.0s
  [ 418/428]  920.jpg                        GT=  12 PRED= 287 AE= 275  7.9s
  [ 428/428]  running MAE=37.94  total_time=2283s  last: 979.jpg GT=108 PRED=41

  Per-image detail saved → /home/czp/ws_yiyang/FreeCounting/ws_yiyang/OCCAM_experiments_series/ablation_clustering/results_multi/A6M_SNG_e10_d5/per_image_val.json

  [val] MAE=37.9435  MSE=9174.7529  RMSE=95.7849  NAE=0.9497

======================================================================
  OCCAM Origin-Simulation — FSC-147 Full Evaluation Summary
======================================================================
  Mode        : OCCAM-MULTI (fraction=0.333, seed=42)
  SAM2 config : configs/sam2.1/sam2.1_hiera_l.yaml
  SAM2 ckpt   : /home/czp/ws_yiyang/FreeCounting/ws_yiyang/OCCAM/checkpoints/sam2.1_hiera_large.pt
  Started     : 2026-05-20 15:52:55
  Finished    : 2026-05-20 16:32:11
  Total time  : 39.3 min

  ── val split (n=425)
     MAE   = 37.9435
     MSE   = 9174.7529
     RMSE  = 95.7849
     NAE   = 0.9497
     avg_time = 5.37 s/img
     by GT count range:
       [   1-10]  n=  46  MAE=  17.80  RMSE=  27.21
       [  11-50]  n= 251  MAE=  20.15  RMSE=  29.69
       [ 51-200]  n= 105  MAE=  31.38  RMSE=  40.25
       [   201+]  n=  23  MAE= 302.35  RMSE= 388.64

======================================================================

Summary saved → /home/czp/ws_yiyang/FreeCounting/ws_yiyang/OCCAM_experiments_series/ablation_clustering/results_multi/A6M_SNG_e10_d5/summary.txt
  Finished: Wed May 20 16:32:11 CST 2026  GPU: 56°C
  [inter-exp] Cooling 30s...

━━━━━━━━━━━━━━━━━━━━━━━━━━━━━━━━━━━━━━━━━━━━━━━━━━━━━━━━━━━━
  Experiment: A6M_SNG_e8_d3  (eps=8, delta=3, single-MAE=39.6776)
  Started: Wed May 20 16:32:41 CST 2026  GPU: 45°C
━━━━━━━━━━━━━━━━━━━━━━━━━━━━━━━━━━━━━━━━━━━━━━━━━━━━━━━━━━━━
Building SAM2 AMG model …
Model ready. Mode=multi, crop=500, thresholds=(5.0, 4.0, 3.0)
Mask area filter: min=0.0005, max=0.1
Cluster method: sng (eps=8, delta=3 for sng)  PRED strategy: max

============================================================
  Split: val  (428 images)
============================================================
/tmp/sam2_repo/sam2/sam2_image_predictor.py:431: UserWarning: cannot import name '_C' from 'sam2' (/tmp/sam2_repo/sam2/__init__.py)

Skipping the post-processing step due to the error above. You can still use SAM 2 and it's OK to ignore the error above, although some post-processing functionality may be limited (which doesn't affect the results in most cases; see https://github.com/facebookresearch/sam2/blob/main/INSTALL.md).
  masks = self._transforms.postprocess_masks(
  [   1/428]  1897.jpg                       GT=  12 PRED=  28 AE=  16  5.1s
  [   2/428]  1901.jpg                       GT=  17 PRED=  31 AE=  14  4.6s
  [   3/428]  1906.jpg                       GT=  70 PRED=  98 AE=  28  6.4s
  [   4/428]  1907.jpg                       GT=  28 PRED=  25 AE=   3  5.3s
  [   5/428]  1912.jpg                       GT=  46 PRED=  86 AE=  40  6.1s
  [   7/428]  1915.jpg                       GT= 684 PRED= 250 AE= 434  7.6s
  [  15/428] ERROR 1936.jpg: CUDA out of memory. Tried to allocate 7.60 GiB. GPU 0 has a total capacity of 23.99 GiB of which 2.71 GiB is free. Including non-PyTorch memory, this process has 17179869184.00 GiB memory in use. 20.39 GiB allowed; Of the allocated memory 19.59 GiB is allocated by PyTorch, and 72.84 MiB is reserved by PyTorch but unallocated. If reserved but unallocated memory is large try setting PYTORCH_CUDA_ALLOC_CONF=expandable_segments:True to avoid fragmentation.  See documentation for Memory Management  (https://docs.pytorch.org/docs/stable/notes/cuda.html#optimizing-memory-usage-with-pytorch-cuda-alloc-conf)
  [  21/428] ERROR 1956.jpg: CUDA out of memory. Tried to allocate 8.57 GiB. GPU 0 has a total capacity of 23.99 GiB of which 8.94 GiB is free. Including non-PyTorch memory, this process has 17179869184.00 GiB memory in use. 20.39 GiB allowed; Of the allocated memory 13.38 GiB is allocated by PyTorch, and 49.08 MiB is reserved by PyTorch but unallocated. If reserved but unallocated memory is large try setting PYTORCH_CUDA_ALLOC_CONF=expandable_segments:True to avoid fragmentation.  See documentation for Memory Management  (https://docs.pytorch.org/docs/stable/notes/cuda.html#optimizing-memory-usage-with-pytorch-cuda-alloc-conf)
  [  33/428]  1990.jpg                       GT= 476 PRED= 354 AE= 122  9.3s
  [  50/428]  running MAE=29.52  total_time=268s  last: 2406.jpg GT=17 PRED=20
  [  84/428]  3433.jpg                       GT= 538 PRED=   1 AE= 537  4.7s
  [  87/428]  3482.jpg                       GT= 315 PRED=   1 AE= 314  4.9s
  [  88/428]  3484.jpg                       GT= 356 PRED=   9 AE= 347  4.4s
  [  90/428]  3487.jpg                       GT= 321 PRED=   1 AE= 320  4.9s
  [  91/428]  3488.jpg                       GT= 431 PRED=   7 AE= 424  4.8s
  [ 100/428]  running MAE=44.99  total_time=532s  last: 3547.jpg GT=21 PRED=62
  [ 115/428]  3665.jpg                       GT= 907 PRED= 156 AE= 751  6.0s
  [ 123/428]  3768.jpg                       GT=   9 PRED= 217 AE= 208  7.6s
  [ 150/428]  running MAE=41.94  total_time=791s  last: 4569.jpg GT=21 PRED=21
  [ 152/428]  4572.jpg                       GT= 141 PRED=  53 AE=  88  4.7s
  [ 153/428]  4574.jpg                       GT= 402 PRED=  16 AE= 386  4.5s
  [ 195/428]  4811.jpg                       GT= 213 PRED=  94 AE= 119  5.2s
  [ 200/428]  running MAE=38.99  total_time=1058s  last: 4821.jpg GT=90 PRED=129
  [ 215/428]  5044.jpg                       GT= 100 PRED=  13 AE=  87  5.1s
  [ 250/428]  running MAE=36.24  total_time=1320s  last: 569.jpg GT=17 PRED=29
  [ 251/428]  5743.jpg                       GT= 270 PRED=  76 AE= 194  5.3s
  [ 252/428]  5747.jpg                       GT= 100 PRED=   1 AE=  99  4.9s
  [ 258/428]  5860.jpg                       GT= 757 PRED= 170 AE= 587  5.9s
  [ 268/428]  5902.jpg                       GT= 209 PRED= 108 AE= 101  5.6s
  [ 300/428]  running MAE=35.70  total_time=1580s  last: 615.jpg GT=23 PRED=34
  [ 313/428]  6729.jpg                       GT= 251 PRED= 107 AE= 144  5.7s
  [ 316/428]  6775.jpg                       GT= 191 PRED=  67 AE= 124  7.4s
  [ 327/428]  6927.jpg                       GT=  32 PRED= 142 AE= 110  6.6s
  [ 329/428]  6969.jpg                       GT= 949 PRED=   1 AE= 948  4.4s
  [ 350/428]  running MAE=37.52  total_time=1862s  last: 7301.jpg GT=36 PRED=1
  [ 362/428]  7436.jpg                       GT= 283 PRED=  41 AE= 242  9.4s
  [ 400/428]  running MAE=36.08  total_time=2134s  last: 813.jpg GT=185 PRED=101
  [ 401/428] ERROR 820.jpg: CUDA out of memory. Tried to allocate 7.15 GiB. GPU 0 has a total capacity of 23.99 GiB of which 3.82 GiB is free. Including non-PyTorch memory, this process has 17179869184.00 GiB memory in use. 20.39 GiB allowed; Of the allocated memory 18.50 GiB is allocated by PyTorch, and 48.64 MiB is reserved by PyTorch but unallocated. If reserved but unallocated memory is large try setting PYTORCH_CUDA_ALLOC_CONF=expandable_segments:True to avoid fragmentation.  See documentation for Memory Management  (https://docs.pytorch.org/docs/stable/notes/cuda.html#optimizing-memory-usage-with-pytorch-cuda-alloc-conf)
  [ 408/428]  840.jpg                        GT= 637 PRED= 168 AE= 469  6.2s
  [ 410/428]  851.jpg                        GT= 320 PRED= 173 AE= 147  6.3s
  [ 412/428]  859.jpg                        GT=  97 PRED= 182 AE=  85  6.5s
  [ 413/428]  860.jpg                        GT= 240 PRED= 140 AE= 100  6.1s
  [ 417/428]  916.jpg                        GT=   9 PRED=  91 AE=  82  5.9s
  [ 418/428]  920.jpg                        GT=  12 PRED= 292 AE= 280  7.9s
  [ 428/428]  running MAE=37.73  total_time=2286s  last: 979.jpg GT=108 PRED=41

  Per-image detail saved → /home/czp/ws_yiyang/FreeCounting/ws_yiyang/OCCAM_experiments_series/ablation_clustering/results_multi/A6M_SNG_e8_d3/per_image_val.json

  [val] MAE=37.7318  MSE=8973.2047  RMSE=94.727  NAE=0.9533

======================================================================
  OCCAM Origin-Simulation — FSC-147 Full Evaluation Summary
======================================================================
  Mode        : OCCAM-MULTI (fraction=0.333, seed=42)
  SAM2 config : configs/sam2.1/sam2.1_hiera_l.yaml
  SAM2 ckpt   : /home/czp/ws_yiyang/FreeCounting/ws_yiyang/OCCAM/checkpoints/sam2.1_hiera_large.pt
  Started     : 2026-05-20 16:32:45
  Finished    : 2026-05-20 17:12:04
  Total time  : 39.3 min

  ── val split (n=425)
     MAE   = 37.7318
     MSE   = 8973.2047
     RMSE  = 94.7270
     NAE   = 0.9533
     avg_time = 5.38 s/img
     by GT count range:
       [   1-10]  n=  46  MAE=  19.11  RMSE=  37.32
       [  11-50]  n= 251  MAE=  20.06  RMSE=  30.39
       [ 51-200]  n= 105  MAE=  31.80  RMSE=  40.44
       [   201+]  n=  23  MAE= 294.96  RMSE= 381.42

======================================================================

Summary saved → /home/czp/ws_yiyang/FreeCounting/ws_yiyang/OCCAM_experiments_series/ablation_clustering/results_multi/A6M_SNG_e8_d3/summary.txt
  Finished: Wed May 20 17:12:04 CST 2026  GPU: 55°C
  [inter-exp] Cooling 30s...

━━━━━━━━━━━━━━━━━━━━━━━━━━━━━━━━━━━━━━━━━━━━━━━━━━━━━━━━━━━━
  Experiment: A6M_SNG_e5_d2  (eps=5, delta=2, single-MAE=40.2477)
  Started: Wed May 20 17:12:35 CST 2026  GPU: 45°C
━━━━━━━━━━━━━━━━━━━━━━━━━━━━━━━━━━━━━━━━━━━━━━━━━━━━━━━━━━━━
Building SAM2 AMG model …
Model ready. Mode=multi, crop=500, thresholds=(5.0, 4.0, 3.0)
Mask area filter: min=0.0005, max=0.1
Cluster method: sng (eps=5, delta=2 for sng)  PRED strategy: max

============================================================
  Split: val  (428 images)
============================================================
/tmp/sam2_repo/sam2/sam2_image_predictor.py:431: UserWarning: cannot import name '_C' from 'sam2' (/tmp/sam2_repo/sam2/__init__.py)

Skipping the post-processing step due to the error above. You can still use SAM 2 and it's OK to ignore the error above, although some post-processing functionality may be limited (which doesn't affect the results in most cases; see https://github.com/facebookresearch/sam2/blob/main/INSTALL.md).
  masks = self._transforms.postprocess_masks(
  [   1/428]  1897.jpg                       GT=  12 PRED=  12 AE=   0  5.1s
  [   2/428]  1901.jpg                       GT=  17 PRED=  11 AE=   6  4.6s
  [   3/428]  1906.jpg                       GT=  70 PRED=  45 AE=  25  6.5s
  [   4/428]  1907.jpg                       GT=  28 PRED=  24 AE=   4  5.3s
  [   5/428]  1912.jpg                       GT=  46 PRED=  26 AE=  20  6.1s
  [   7/428]  1915.jpg                       GT= 684 PRED=  87 AE= 597  7.6s
  [  14/428]  1934.jpg                       GT= 171 PRED=  81 AE=  90  7.1s
  [  15/428] ERROR 1936.jpg: CUDA out of memory. Tried to allocate 7.60 GiB. GPU 0 has a total capacity of 23.99 GiB of which 2.71 GiB is free. Including non-PyTorch memory, this process has 17179869184.00 GiB memory in use. 20.39 GiB allowed; Of the allocated memory 19.59 GiB is allocated by PyTorch, and 72.84 MiB is reserved by PyTorch but unallocated. If reserved but unallocated memory is large try setting PYTORCH_CUDA_ALLOC_CONF=expandable_segments:True to avoid fragmentation.  See documentation for Memory Management  (https://docs.pytorch.org/docs/stable/notes/cuda.html#optimizing-memory-usage-with-pytorch-cuda-alloc-conf)
  [  21/428] ERROR 1956.jpg: CUDA out of memory. Tried to allocate 8.57 GiB. GPU 0 has a total capacity of 23.99 GiB of which 8.94 GiB is free. Including non-PyTorch memory, this process has 17179869184.00 GiB memory in use. 20.39 GiB allowed; Of the allocated memory 13.38 GiB is allocated by PyTorch, and 49.08 MiB is reserved by PyTorch but unallocated. If reserved but unallocated memory is large try setting PYTORCH_CUDA_ALLOC_CONF=expandable_segments:True to avoid fragmentation.  See documentation for Memory Management  (https://docs.pytorch.org/docs/stable/notes/cuda.html#optimizing-memory-usage-with-pytorch-cuda-alloc-conf)
  [  22/428]  1960.jpg                       GT= 163 PRED=  74 AE=  89  7.0s
  [  28/428]  1977.jpg                       GT= 132 PRED=  38 AE=  94  7.3s
  [  33/428]  1990.jpg                       GT= 476 PRED= 116 AE= 360  9.3s
  [  50/428]  running MAE=36.21  total_time=268s  last: 2406.jpg GT=17 PRED=20
  [  61/428]  2818.jpg                       GT= 252 PRED=  91 AE= 161  7.5s
  [  77/428]  2879.jpg                       GT= 150 PRED=  68 AE=  82  6.4s
  [  84/428]  3433.jpg                       GT= 538 PRED=   5 AE= 533  4.8s
  [  87/428]  3482.jpg                       GT= 315 PRED=   1 AE= 314  5.0s
  [  88/428]  3484.jpg                       GT= 356 PRED=   9 AE= 347  4.4s
  [  89/428]  3485.jpg                       GT= 174 PRED=  29 AE= 145  5.9s
  [  90/428]  3487.jpg                       GT= 321 PRED=   1 AE= 320  4.8s
  [  91/428]  3488.jpg                       GT= 431 PRED=   7 AE= 424  4.7s
  [ 100/428]  running MAE=49.05  total_time=531s  last: 3547.jpg GT=21 PRED=25
  [ 115/428]  3665.jpg                       GT= 907 PRED= 103 AE= 804  6.1s
  [ 142/428]  4556.jpg                       GT= 133 PRED=  44 AE=  89  5.7s
  [ 150/428]  running MAE=41.43  total_time=790s  last: 4569.jpg GT=21 PRED=21
  [ 152/428]  4572.jpg                       GT= 141 PRED=  50 AE=  91  4.7s
  [ 153/428]  4574.jpg                       GT= 402 PRED=  16 AE= 386  4.5s
  [ 156/428]  4580.jpg                       GT= 165 PRED=  64 AE= 101  5.7s
  [ 194/428]  4809.jpg                       GT= 306 PRED= 156 AE= 150  7.3s
  [ 195/428]  4811.jpg                       GT= 213 PRED=  46 AE= 167  5.2s
  [ 200/428]  running MAE=37.89  total_time=1056s  last: 4821.jpg GT=90 PRED=33
  [ 212/428]  4849.jpg                       GT= 121 PRED=  37 AE=  84  6.2s
  [ 215/428]  5044.jpg                       GT= 100 PRED=  13 AE=  87  5.2s
  [ 250/428]  running MAE=33.49  total_time=1318s  last: 569.jpg GT=17 PRED=17
  [ 251/428]  5743.jpg                       GT= 270 PRED=  65 AE= 205  5.5s
  [ 252/428]  5747.jpg                       GT= 100 PRED=   5 AE=  95  5.0s
  [ 258/428]  5860.jpg                       GT= 757 PRED= 112 AE= 645  5.8s
  [ 260/428]  5876.jpg                       GT= 216 PRED=  65 AE= 151  7.8s
  [ 268/428]  5902.jpg                       GT= 209 PRED=  46 AE= 163  5.7s
  [ 269/428]  5905.jpg                       GT= 147 PRED=  45 AE= 102  6.4s
  [ 300/428]  running MAE=34.16  total_time=1578s  last: 615.jpg GT=23 PRED=28
  [ 313/428]  6729.jpg                       GT= 251 PRED=  54 AE= 197  5.8s
  [ 316/428]  6775.jpg                       GT= 191 PRED=  33 AE= 158  7.4s
  [ 321/428]  6835.jpg                       GT= 138 PRED=  22 AE= 116  6.4s
  [ 329/428]  6969.jpg                       GT= 949 PRED=   1 AE= 948  4.3s
  [ 333/428]  7013.jpg                       GT= 139 PRED=  41 AE=  98  6.5s
  [ 350/428]  running MAE=36.10  total_time=1861s  last: 7301.jpg GT=36 PRED=1
  [ 356/428]  7388.jpg                       GT= 134 PRED=  33 AE= 101  6.9s
  [ 362/428]  7436.jpg                       GT= 283 PRED=  38 AE= 245  9.4s
  [ 382/428]  7593.jpg                       GT= 274 PRED=  25 AE= 249  8.1s
  [ 390/428]  7659.jpg                       GT= 198 PRED=  60 AE= 138  8.4s
  [ 400/428]  running MAE=35.75  total_time=2133s  last: 813.jpg GT=185 PRED=25
  [ 401/428] ERROR 820.jpg: CUDA out of memory. Tried to allocate 7.15 GiB. GPU 0 has a total capacity of 23.99 GiB of which 3.82 GiB is free. Including non-PyTorch memory, this process has 17179869184.00 GiB memory in use. 20.39 GiB allowed; Of the allocated memory 18.50 GiB is allocated by PyTorch, and 48.64 MiB is reserved by PyTorch but unallocated. If reserved but unallocated memory is large try setting PYTORCH_CUDA_ALLOC_CONF=expandable_segments:True to avoid fragmentation.  See documentation for Memory Management  (https://docs.pytorch.org/docs/stable/notes/cuda.html#optimizing-memory-usage-with-pytorch-cuda-alloc-conf)
  [ 408/428]  840.jpg                        GT= 637 PRED= 119 AE= 518  6.1s
  [ 409/428]  850.jpg                        GT= 183 PRED=  88 AE=  95  5.9s
  [ 410/428]  851.jpg                        GT= 320 PRED= 107 AE= 213  6.4s
  [ 413/428]  860.jpg                        GT= 240 PRED=  88 AE= 152  6.1s
  [ 428/428]  running MAE=37.21  total_time=2285s  last: 979.jpg GT=108 PRED=35

  Per-image detail saved → /home/czp/ws_yiyang/FreeCounting/ws_yiyang/OCCAM_experiments_series/ablation_clustering/results_multi/A6M_SNG_e5_d2/per_image_val.json

  [val] MAE=37.2094  MSE=10517.7129  RMSE=102.5559  NAE=0.5155

======================================================================
  OCCAM Origin-Simulation — FSC-147 Full Evaluation Summary
======================================================================
  Mode        : OCCAM-MULTI (fraction=0.333, seed=42)
  SAM2 config : configs/sam2.1/sam2.1_hiera_l.yaml
  SAM2 ckpt   : /home/czp/ws_yiyang/FreeCounting/ws_yiyang/OCCAM/checkpoints/sam2.1_hiera_large.pt
  Started     : 2026-05-20 17:12:38
  Finished    : 2026-05-20 17:51:56
  Total time  : 39.3 min

  ── val split (n=425)
     MAE   = 37.2094
     MSE   = 10517.7129
     RMSE  = 102.5559
     NAE   = 0.5155
     avg_time = 5.38 s/img
     by GT count range:
       [   1-10]  n=  46  MAE=  10.00  RMSE=  13.84
       [  11-50]  n= 251  MAE=   7.98  RMSE=  11.58
       [ 51-200]  n= 105  MAE=  48.59  RMSE=  60.22
       [   201+]  n=  23  MAE= 358.65  RMSE= 419.46

======================================================================

Summary saved → /home/czp/ws_yiyang/FreeCounting/ws_yiyang/OCCAM_experiments_series/ablation_clustering/results_multi/A6M_SNG_e5_d2/summary.txt
  Finished: Wed May 20 17:51:57 CST 2026  GPU: 56°C
  [inter-exp] Cooling 30s...

━━━━━━━━━━━━━━━━━━━━━━━━━━━━━━━━━━━━━━━━━━━━━━━━━━━━━━━━━━━━
  Experiment: A6M_SNG_e10_d4  (eps=10, delta=4, single-MAE=40.6028)
  Started: Wed May 20 17:52:27 CST 2026  GPU: 45°C
━━━━━━━━━━━━━━━━━━━━━━━━━━━━━━━━━━━━━━━━━━━━━━━━━━━━━━━━━━━━
Building SAM2 AMG model …
Model ready. Mode=multi, crop=500, thresholds=(5.0, 4.0, 3.0)
Mask area filter: min=0.0005, max=0.1
Cluster method: sng (eps=10, delta=4 for sng)  PRED strategy: max

============================================================
  Split: val  (428 images)
============================================================
/tmp/sam2_repo/sam2/sam2_image_predictor.py:431: UserWarning: cannot import name '_C' from 'sam2' (/tmp/sam2_repo/sam2/__init__.py)

Skipping the post-processing step due to the error above. You can still use SAM 2 and it's OK to ignore the error above, although some post-processing functionality may be limited (which doesn't affect the results in most cases; see https://github.com/facebookresearch/sam2/blob/main/INSTALL.md).
  masks = self._transforms.postprocess_masks(
  [   1/428]  1897.jpg                       GT=  12 PRED=  28 AE=  16  5.2s
  [   2/428]  1901.jpg                       GT=  17 PRED=  31 AE=  14  4.6s
  [   3/428]  1906.jpg                       GT=  70 PRED=  99 AE=  29  6.5s
  [   4/428]  1907.jpg                       GT=  28 PRED=  46 AE=  18  5.4s
  [   5/428]  1912.jpg                       GT=  46 PRED=  87 AE=  41  6.2s
  [   7/428]  1915.jpg                       GT= 684 PRED= 256 AE= 428  7.7s
  [  15/428] ERROR 1936.jpg: CUDA out of memory. Tried to allocate 7.60 GiB. GPU 0 has a total capacity of 23.99 GiB of which 2.71 GiB is free. Including non-PyTorch memory, this process has 17179869184.00 GiB memory in use. 20.39 GiB allowed; Of the allocated memory 19.59 GiB is allocated by PyTorch, and 72.84 MiB is reserved by PyTorch but unallocated. If reserved but unallocated memory is large try setting PYTORCH_CUDA_ALLOC_CONF=expandable_segments:True to avoid fragmentation.  See documentation for Memory Management  (https://docs.pytorch.org/docs/stable/notes/cuda.html#optimizing-memory-usage-with-pytorch-cuda-alloc-conf)
  [  21/428] ERROR 1956.jpg: CUDA out of memory. Tried to allocate 8.57 GiB. GPU 0 has a total capacity of 23.99 GiB of which 8.94 GiB is free. Including non-PyTorch memory, this process has 17179869184.00 GiB memory in use. 20.39 GiB allowed; Of the allocated memory 13.38 GiB is allocated by PyTorch, and 49.08 MiB is reserved by PyTorch but unallocated. If reserved but unallocated memory is large try setting PYTORCH_CUDA_ALLOC_CONF=expandable_segments:True to avoid fragmentation.  See documentation for Memory Management  (https://docs.pytorch.org/docs/stable/notes/cuda.html#optimizing-memory-usage-with-pytorch-cuda-alloc-conf)
  [  33/428]  1990.jpg                       GT= 476 PRED= 357 AE= 119  9.3s
  [  50/428]  running MAE=30.88  total_time=268s  last: 2406.jpg GT=17 PRED=20
  [  84/428]  3433.jpg                       GT= 538 PRED=   1 AE= 537  4.8s
  [  87/428]  3482.jpg                       GT= 315 PRED=   1 AE= 314  5.0s
  [  88/428]  3484.jpg                       GT= 356 PRED=   9 AE= 347  4.3s
  [  90/428]  3487.jpg                       GT= 321 PRED=   1 AE= 320  4.8s
  [  91/428]  3488.jpg                       GT= 431 PRED=   7 AE= 424  4.8s
  [ 100/428]  running MAE=46.22  total_time=531s  last: 3547.jpg GT=21 PRED=62
  [ 115/428]  3665.jpg                       GT= 907 PRED= 156 AE= 751  6.0s
  [ 123/428]  3768.jpg                       GT=   9 PRED= 230 AE= 221  7.2s
  [ 150/428]  running MAE=43.24  total_time=791s  last: 4569.jpg GT=21 PRED=21
  [ 152/428]  4572.jpg                       GT= 141 PRED=  54 AE=  87  4.7s
  [ 153/428]  4574.jpg                       GT= 402 PRED=  16 AE= 386  4.5s
  [ 195/428]  4811.jpg                       GT= 213 PRED=  94 AE= 119  5.2s
  [ 200/428]  running MAE=40.05  total_time=1058s  last: 4821.jpg GT=90 PRED=133
  [ 215/428]  5044.jpg                       GT= 100 PRED=  13 AE=  87  5.1s
  [ 250/428]  running MAE=37.45  total_time=1320s  last: 569.jpg GT=17 PRED=29
  [ 251/428]  5743.jpg                       GT= 270 PRED=  76 AE= 194  5.4s
  [ 252/428]  5747.jpg                       GT= 100 PRED=   1 AE=  99  5.0s
  [ 258/428]  5860.jpg                       GT= 757 PRED= 176 AE= 581  5.8s
  [ 268/428]  5902.jpg                       GT= 209 PRED= 108 AE= 101  5.7s
  [ 300/428]  running MAE=36.79  total_time=1580s  last: 615.jpg GT=23 PRED=34
  [ 312/428]  6728.jpg                       GT=  99 PRED= 181 AE=  82  6.7s
  [ 313/428]  6729.jpg                       GT= 251 PRED= 107 AE= 144  5.8s
  [ 327/428]  6927.jpg                       GT=  32 PRED= 142 AE= 110  6.7s
  [ 329/428]  6969.jpg                       GT= 949 PRED=   1 AE= 948  4.3s
  [ 335/428]  7069.jpg                       GT= 142 PRED= 245 AE= 103  7.8s
  [ 350/428]  running MAE=38.59  total_time=1863s  last: 7301.jpg GT=36 PRED=1
  [ 356/428]  7388.jpg                       GT= 134 PRED= 217 AE=  83  7.0s
  [ 362/428]  7436.jpg                       GT= 283 PRED= 161 AE= 122  9.3s
  [ 400/428]  running MAE=37.03  total_time=2136s  last: 813.jpg GT=185 PRED=134
  [ 401/428] ERROR 820.jpg: CUDA out of memory. Tried to allocate 7.15 GiB. GPU 0 has a total capacity of 23.99 GiB of which 3.82 GiB is free. Including non-PyTorch memory, this process has 17179869184.00 GiB memory in use. 20.39 GiB allowed; Of the allocated memory 18.50 GiB is allocated by PyTorch, and 48.64 MiB is reserved by PyTorch but unallocated. If reserved but unallocated memory is large try setting PYTORCH_CUDA_ALLOC_CONF=expandable_segments:True to avoid fragmentation.  See documentation for Memory Management  (https://docs.pytorch.org/docs/stable/notes/cuda.html#optimizing-memory-usage-with-pytorch-cuda-alloc-conf)
  [ 408/428]  840.jpg                        GT= 637 PRED= 198 AE= 439  6.0s
  [ 410/428]  851.jpg                        GT= 320 PRED= 178 AE= 142  6.3s
  [ 412/428]  859.jpg                        GT=  97 PRED= 183 AE=  86  6.5s
  [ 413/428]  860.jpg                        GT= 240 PRED= 143 AE=  97  6.1s
  [ 417/428]  916.jpg                        GT=   9 PRED=  91 AE=  82  5.9s
  [ 418/428]  920.jpg                        GT=  12 PRED= 297 AE= 285  7.9s
  [ 428/428]  running MAE=38.66  total_time=2287s  last: 979.jpg GT=108 PRED=41

  Per-image detail saved → /home/czp/ws_yiyang/FreeCounting/ws_yiyang/OCCAM_experiments_series/ablation_clustering/results_multi/A6M_SNG_e10_d4/per_image_val.json

  [val] MAE=38.6588  MSE=8856.7812  RMSE=94.1105  NAE=1.0319

======================================================================
  OCCAM Origin-Simulation — FSC-147 Full Evaluation Summary
======================================================================
  Mode        : OCCAM-MULTI (fraction=0.333, seed=42)
  SAM2 config : configs/sam2.1/sam2.1_hiera_l.yaml
  SAM2 ckpt   : /home/czp/ws_yiyang/FreeCounting/ws_yiyang/OCCAM/checkpoints/sam2.1_hiera_large.pt
  Started     : 2026-05-20 17:52:30
  Finished    : 2026-05-20 18:31:51
  Total time  : 39.3 min

  ── val split (n=425)
     MAE   = 38.6588
     MSE   = 8856.7812
     RMSE  = 94.1105
     NAE   = 1.0319
     avg_time = 5.38 s/img
     by GT count range:
       [   1-10]  n=  46  MAE=  21.00  RMSE=  40.02
       [  11-50]  n= 251  MAE=  21.80  RMSE=  32.01
       [ 51-200]  n= 105  MAE=  32.14  RMSE=  40.63
       [   201+]  n=  23  MAE= 287.70  RMSE= 376.48

======================================================================

Summary saved → /home/czp/ws_yiyang/FreeCounting/ws_yiyang/OCCAM_experiments_series/ablation_clustering/results_multi/A6M_SNG_e10_d4/summary.txt
  Finished: Wed May 20 18:31:51 CST 2026  GPU: 57°C
  [inter-exp] Cooling 30s...

============================================================
  OCCAM-M top-5 sweep finished at Wed May 20 18:32:21 CST 2026
============================================================
Summary (single-MAE → multi-MAE):
  FINCH (baseline)            multi=31.27
  SNG ε=10 δ=6  single=38.9416  multi=37.00
  SNG ε=10 δ=5  single=39.6262  multi=37.94
  SNG ε=8 δ=3  single=39.6776  multi=37.73
  SNG ε=5 δ=2  single=40.2477  multi=37.21
  SNG ε=10 δ=4  single=40.6028  multi=38.66
