============================================================
  SNG (eps, delta) Sweep — single mode, A6 mask filter
  PRED = max-cluster size, FSC-147 val (fraction=0.333, seed=42)
  Reference: A6_FINCH_max MAE=32.10  A6_SNG_max(10,3) MAE=41.67
  Tue May 19 15:48:18 CST 2026
============================================================

━━━━━━━━━━━━━━━━━━━━━━━━━━━━━━━━━━━━━━━━━━━━━━━━━━━━━━━━━━━━
  Experiment: A6_SNG_e5_d2  (eps=5, delta=2)
  Started: Tue May 19 15:48:18 CST 2026  GPU: 48°C
━━━━━━━━━━━━━━━━━━━━━━━━━━━━━━━━━━━━━━━━━━━━━━━━━━━━━━━━━━━━
Building SAM2 AMG model …
Model ready. Mode=single, crop=224, thresholds=(12.0, 9.0, 7.75)
Mask area filter: min=0.0005, max=0.1
Cluster method: sng (eps=5, delta=2 for sng)  PRED strategy: max

============================================================
  Split: val  (428 images)
============================================================
/tmp/sam2_repo/sam2/sam2_image_predictor.py:431: UserWarning: cannot import name '_C' from 'sam2' (/tmp/sam2_repo/sam2/__init__.py)

Skipping the post-processing step due to the error above. You can still use SAM 2 and it's OK to ignore the error above, although some post-processing functionality may be limited (which doesn't affect the results in most cases; see https://github.com/facebookresearch/sam2/blob/main/INSTALL.md).
  masks = self._transforms.postprocess_masks(
  [   1/428]  1897.jpg                       GT=  12 PRED=  12 AE=   0  5.4s
  [   2/428]  1901.jpg                       GT=  17 PRED=  20 AE=   3  4.8s
  [   3/428]  1906.jpg                       GT=  70 PRED=  75 AE=   5  6.3s
  [   4/428]  1907.jpg                       GT=  28 PRED=  24 AE=   4  5.4s
  [   5/428]  1912.jpg                       GT=  46 PRED=  55 AE=   9  5.9s
  [   7/428]  1915.jpg                       GT= 684 PRED=  90 AE= 594  5.5s
  [  14/428]  1934.jpg                       GT= 171 PRED=  79 AE=  92  5.8s
  [  15/428]  1936.jpg                       GT= 501 PRED= 114 AE= 387  6.4s
  [  21/428]  1956.jpg                       GT=1229 PRED= 167 AE=1062  6.6s
  [  31/428]  1983.jpg                       GT= 172 PRED=  67 AE= 105  5.4s
  [  33/428]  1990.jpg                       GT= 476 PRED= 142 AE= 334  5.9s
  [  50/428]  running MAE=61.84  total_time=267s  last: 2406.jpg GT=17 PRED=8
  [  61/428]  2818.jpg                       GT= 252 PRED=  62 AE= 190  5.5s
  [  78/428]  2884.jpg                       GT= 165 PRED=  71 AE=  94  5.6s
  [  84/428]  3433.jpg                       GT= 538 PRED=   5 AE= 533  4.9s
  [  87/428]  3482.jpg                       GT= 315 PRED=   1 AE= 314  5.2s
  [  88/428]  3484.jpg                       GT= 356 PRED=   9 AE= 347  4.6s
  [  89/428]  3485.jpg                       GT= 174 PRED=  24 AE= 150  5.4s
  [  90/428]  3487.jpg                       GT= 321 PRED=   1 AE= 320  5.1s
  [  91/428]  3488.jpg                       GT= 431 PRED=   7 AE= 424  4.9s
  [ 100/428]  running MAE=62.38  total_time=515s  last: 3547.jpg GT=21 PRED=21
  [ 115/428]  3665.jpg                       GT= 907 PRED=  72 AE= 835  5.2s
  [ 150/428]  running MAE=50.97  total_time=769s  last: 4569.jpg GT=21 PRED=20
  [ 152/428]  4572.jpg                       GT= 141 PRED=  28 AE= 113  4.4s
  [ 153/428]  4574.jpg                       GT= 402 PRED=  16 AE= 386  4.4s
  [ 186/428]  4796.jpg                       GT= 196 PRED=  73 AE= 123  5.1s
  [ 193/428]  4808.jpg                       GT= 120 PRED=  38 AE=  82  5.0s
  [ 194/428]  4809.jpg                       GT= 306 PRED= 148 AE= 158  5.6s
  [ 195/428]  4811.jpg                       GT= 213 PRED=  44 AE= 169  4.6s
  [ 200/428]  running MAE=45.45  total_time=1024s  last: 4821.jpg GT=90 PRED=53
  [ 215/428]  5044.jpg                       GT= 100 PRED=  13 AE=  87  5.0s
  [ 250/428]  running MAE=39.25  total_time=1277s  last: 569.jpg GT=17 PRED=25
  [ 251/428]  5743.jpg                       GT= 270 PRED=  59 AE= 211  5.2s
  [ 252/428]  5747.jpg                       GT= 100 PRED=   5 AE=  95  5.3s
  [ 258/428]  5860.jpg                       GT= 757 PRED=  96 AE= 661  4.9s
  [ 268/428]  5902.jpg                       GT= 209 PRED=  57 AE= 152  5.1s
  [ 269/428]  5905.jpg                       GT= 147 PRED=  51 AE=  96  5.2s
  [ 271/428]  5907.jpg                       GT= 156 PRED=  68 AE=  88  5.0s
  [ 300/428]  running MAE=38.93  total_time=1527s  last: 615.jpg GT=23 PRED=31
  [ 313/428]  6729.jpg                       GT= 251 PRED=  81 AE= 170  5.1s
  [ 316/428]  6775.jpg                       GT= 191 PRED=  43 AE= 148  5.2s
  [ 321/428]  6835.jpg                       GT= 138 PRED=  40 AE=  98  5.8s
  [ 329/428]  6969.jpg                       GT= 949 PRED=   1 AE= 948  4.4s
  [ 333/428]  7013.jpg                       GT= 139 PRED=  32 AE= 107  5.5s
  [ 350/428]  running MAE=39.87  total_time=1786s  last: 7301.jpg GT=36 PRED=1
  [ 356/428]  7388.jpg                       GT= 134 PRED=  35 AE=  99  5.5s
  [ 362/428]  7436.jpg                       GT= 283 PRED=  22 AE= 261  7.0s
  [ 382/428]  7593.jpg                       GT= 274 PRED= 145 AE= 129  5.6s
  [ 384/428]  7601.jpg                       GT= 142 PRED=  61 AE=  81  5.6s
  [ 390/428]  7659.jpg                       GT= 198 PRED=  65 AE= 133  6.8s
  [ 398/428]  808.jpg                        GT= 182 PRED=  75 AE= 107  6.5s
  [ 400/428]  running MAE=38.77  total_time=2042s  last: 813.jpg GT=185 PRED=65
  [ 401/428]  820.jpg                        GT= 437 PRED= 237 AE= 200  7.4s
  [ 408/428]  840.jpg                        GT= 637 PRED= 116 AE= 521  4.9s
  [ 409/428]  850.jpg                        GT= 183 PRED=  81 AE= 102  4.8s
  [ 410/428]  851.jpg                        GT= 320 PRED= 113 AE= 207  5.0s
  [ 413/428]  860.jpg                        GT= 240 PRED= 110 AE= 130  5.0s
  [ 428/428]  running MAE=40.25  total_time=2187s  last: 979.jpg GT=108 PRED=15

  Per-image detail saved → /home/czp/ws_yiyang/FreeCounting/ws_yiyang/OCCAM_experiments_series/ablation_clustering/results/A6_SNG_e5_d2/per_image_val.json

  [val] MAE=40.2477  MSE=13467.2336  RMSE=116.0484  NAE=0.5453

======================================================================
  OCCAM Origin-Simulation — FSC-147 Full Evaluation Summary
======================================================================
  Mode        : OCCAM-SINGLE (fraction=0.333, seed=42)
  SAM2 config : configs/sam2.1/sam2.1_hiera_l.yaml
  SAM2 ckpt   : /home/czp/ws_yiyang/FreeCounting/ws_yiyang/OCCAM/checkpoints/sam2.1_hiera_large.pt
  Started     : 2026-05-19 15:48:22
  Finished    : 2026-05-19 16:25:36
  Total time  : 37.2 min

  ── val split (n=428)
     MAE   = 40.2477
     MSE   = 13467.2336
     RMSE  = 116.0484
     NAE   = 0.5453
     avg_time = 5.11 s/img
     by GT count range:
       [   1-10]  n=  46  MAE=   9.80  RMSE=  16.41
       [  11-50]  n= 251  MAE=   9.51  RMSE=  12.94
       [ 51-200]  n= 105  MAE=  44.63  RMSE=  58.15
       [   201+]  n=  26  MAE= 373.12  RMSE= 453.81

======================================================================

Summary saved → /home/czp/ws_yiyang/FreeCounting/ws_yiyang/OCCAM_experiments_series/ablation_clustering/results/A6_SNG_e5_d2/summary.txt
  Finished: Tue May 19 16:25:37 CST 2026  GPU: 57°C
  [inter-exp] Cooling 30s...

━━━━━━━━━━━━━━━━━━━━━━━━━━━━━━━━━━━━━━━━━━━━━━━━━━━━━━━━━━━━
  Experiment: A6_SNG_e5_d3  (eps=5, delta=3)
  Started: Tue May 19 16:26:07 CST 2026  GPU: 47°C
━━━━━━━━━━━━━━━━━━━━━━━━━━━━━━━━━━━━━━━━━━━━━━━━━━━━━━━━━━━━
Building SAM2 AMG model …
Model ready. Mode=single, crop=224, thresholds=(12.0, 9.0, 7.75)
Mask area filter: min=0.0005, max=0.1
Cluster method: sng (eps=5, delta=3 for sng)  PRED strategy: max

============================================================
  Split: val  (428 images)
============================================================
/tmp/sam2_repo/sam2/sam2_image_predictor.py:431: UserWarning: cannot import name '_C' from 'sam2' (/tmp/sam2_repo/sam2/__init__.py)

Skipping the post-processing step due to the error above. You can still use SAM 2 and it's OK to ignore the error above, although some post-processing functionality may be limited (which doesn't affect the results in most cases; see https://github.com/facebookresearch/sam2/blob/main/INSTALL.md).
  masks = self._transforms.postprocess_masks(
  [   1/428]  1897.jpg                       GT=  12 PRED=  12 AE=   0  5.2s
  [   2/428]  1901.jpg                       GT=  17 PRED=  19 AE=   2  4.7s
  [   3/428]  1906.jpg                       GT=  70 PRED=  15 AE=  55  5.9s
  [   4/428]  1907.jpg                       GT=  28 PRED=  19 AE=   9  5.2s
  [   5/428]  1912.jpg                       GT=  46 PRED=  22 AE=  24  5.7s
  [   7/428]  1915.jpg                       GT= 684 PRED=  34 AE= 650  5.4s
  [  10/428]  1920.jpg                       GT= 138 PRED=  27 AE= 111  5.2s
  [  14/428]  1934.jpg                       GT= 171 PRED=  24 AE= 147  5.9s
  [  15/428]  1936.jpg                       GT= 501 PRED=  28 AE= 473  6.7s
  [  21/428]  1956.jpg                       GT=1229 PRED=  41 AE=1188  6.9s
  [  22/428]  1960.jpg                       GT= 163 PRED=  57 AE= 106  6.1s
  [  28/428]  1977.jpg                       GT= 132 PRED=  42 AE=  90  6.5s
  [  31/428]  1983.jpg                       GT= 172 PRED=  19 AE= 153  6.0s
  [  33/428]  1990.jpg                       GT= 476 PRED=  81 AE= 395  6.3s
  [  50/428]  running MAE=78.84  total_time=271s  last: 2406.jpg GT=17 PRED=6
  [  61/428]  2818.jpg                       GT= 252 PRED=  22 AE= 230  5.7s
  [  66/428]  2842.jpg                       GT= 124 PRED=  38 AE=  86  5.2s
  [  70/428]  2858.jpg                       GT= 131 PRED=  31 AE= 100  5.0s
  [  74/428]  2869.jpg                       GT= 119 PRED=  33 AE=  86  5.3s
  [  77/428]  2879.jpg                       GT= 150 PRED=  36 AE= 114  5.5s
  [  78/428]  2884.jpg                       GT= 165 PRED=  20 AE= 145  5.9s
  [  84/428]  3433.jpg                       GT= 538 PRED=   1 AE= 537  5.0s
  [  87/428]  3482.jpg                       GT= 315 PRED=   1 AE= 314  5.2s
  [  88/428]  3484.jpg                       GT= 356 PRED=   9 AE= 347  4.7s
  [  89/428]  3485.jpg                       GT= 174 PRED=  16 AE= 158  5.6s
  [  90/428]  3487.jpg                       GT= 321 PRED=   1 AE= 320  5.3s
  [  91/428]  3488.jpg                       GT= 431 PRED=   7 AE= 424  5.7s
  [ 100/428]  running MAE=76.40  total_time=530s  last: 3547.jpg GT=21 PRED=14
  [ 115/428]  3665.jpg                       GT= 907 PRED=  30 AE= 877  5.3s
  [ 142/428]  4556.jpg                       GT= 133 PRED=  19 AE= 114  4.7s
  [ 150/428]  running MAE=59.88  total_time=789s  last: 4569.jpg GT=21 PRED=11
  [ 152/428]  4572.jpg                       GT= 141 PRED=  20 AE= 121  4.4s
  [ 153/428]  4574.jpg                       GT= 402 PRED=  15 AE= 387  4.6s
  [ 156/428]  4580.jpg                       GT= 165 PRED=  58 AE= 107  4.8s
  [ 186/428]  4796.jpg                       GT= 196 PRED=  22 AE= 174  5.2s
  [ 193/428]  4808.jpg                       GT= 120 PRED=  24 AE=  96  5.2s
  [ 194/428]  4809.jpg                       GT= 306 PRED=  46 AE= 260  5.7s
  [ 195/428]  4811.jpg                       GT= 213 PRED=  36 AE= 177  4.8s
  [ 200/428]  running MAE=54.39  total_time=1047s  last: 4821.jpg GT=90 PRED=30
  [ 207/428]  4842.jpg                       GT= 122 PRED=  38 AE=  84  5.1s
  [ 212/428]  4849.jpg                       GT= 121 PRED=  15 AE= 106  7.0s
  [ 215/428]  5044.jpg                       GT= 100 PRED=  13 AE=  87  5.2s
  [ 250/428]  running MAE=46.59  total_time=1329s  last: 569.jpg GT=17 PRED=17
  [ 251/428]  5743.jpg                       GT= 270 PRED=  27 AE= 243  5.5s
  [ 252/428]  5747.jpg                       GT= 100 PRED=   1 AE=  99  5.4s
  [ 258/428]  5860.jpg                       GT= 757 PRED=  19 AE= 738  5.6s
  [ 260/428]  5876.jpg                       GT= 216 PRED=  28 AE= 188  5.9s
  [ 268/428]  5902.jpg                       GT= 209 PRED=  23 AE= 186  5.1s
  [ 269/428]  5905.jpg                       GT= 147 PRED=  26 AE= 121  5.3s
  [ 270/428]  5906.jpg                       GT= 113 PRED=  27 AE=  86  5.8s
  [ 271/428]  5907.jpg                       GT= 156 PRED=  41 AE= 115  5.1s
  [ 300/428]  running MAE=46.72  total_time=1582s  last: 615.jpg GT=23 PRED=8
  [ 312/428]  6728.jpg                       GT=  99 PRED=  12 AE=  87  5.4s
  [ 313/428]  6729.jpg                       GT= 251 PRED=  50 AE= 201  5.1s
  [ 316/428]  6775.jpg                       GT= 191 PRED=  28 AE= 163  5.6s
  [ 321/428]  6835.jpg                       GT= 138 PRED=  20 AE= 118  5.8s
  [ 329/428]  6969.jpg                       GT= 949 PRED=   1 AE= 948  4.4s
  [ 333/428]  7013.jpg                       GT= 139 PRED=  23 AE= 116  5.1s
  [ 335/428]  7069.jpg                       GT= 142 PRED=  28 AE= 114  5.7s
  [ 338/428]  7143.jpg                       GT= 121 PRED=  24 AE=  97  5.4s
  [ 348/428]  7280.jpg                       GT= 116 PRED=  22 AE=  94  5.8s
  [ 350/428]  running MAE=48.10  total_time=1838s  last: 7301.jpg GT=36 PRED=1
  [ 356/428]  7388.jpg                       GT= 134 PRED=  24 AE= 110  5.4s
  [ 362/428]  7436.jpg                       GT= 283 PRED=  20 AE= 263  7.2s
  [ 376/428]  7545.jpg                       GT= 106 PRED=  23 AE=  83  6.0s
  [ 382/428]  7593.jpg                       GT= 274 PRED=  26 AE= 248  5.5s
  [ 384/428]  7601.jpg                       GT= 142 PRED=  19 AE= 123  5.9s
  [ 390/428]  7659.jpg                       GT= 198 PRED=  24 AE= 174  6.6s
  [ 398/428]  808.jpg                        GT= 182 PRED=  27 AE= 155  6.4s
  [ 400/428]  running MAE=47.09  total_time=2089s  last: 813.jpg GT=185 PRED=42
  [ 401/428]  820.jpg                        GT= 437 PRED=  66 AE= 371  6.8s
  [ 405/428]  831.jpg                        GT= 117 PRED=  23 AE=  94  5.6s
  [ 406/428]  832.jpg                        GT= 116 PRED=  26 AE=  90  5.7s
  [ 408/428]  840.jpg                        GT= 637 PRED=  73 AE= 564  5.0s
  [ 409/428]  850.jpg                        GT= 183 PRED=  38 AE= 145  4.9s
  [ 410/428]  851.jpg                        GT= 320 PRED=  38 AE= 282  5.1s
  [ 413/428]  860.jpg                        GT= 240 PRED=  73 AE= 167  4.8s
  [ 428/428]  running MAE=49.36  total_time=2232s  last: 979.jpg GT=108 PRED=10

  Per-image detail saved → /home/czp/ws_yiyang/FreeCounting/ws_yiyang/OCCAM_experiments_series/ablation_clustering/results/A6_SNG_e5_d3/per_image_val.json

  [val] MAE=49.3598  MSE=16663.6495  RMSE=129.0878  NAE=0.5019

======================================================================
  OCCAM Origin-Simulation — FSC-147 Full Evaluation Summary
======================================================================
  Mode        : OCCAM-SINGLE (fraction=0.333, seed=42)
  SAM2 config : configs/sam2.1/sam2.1_hiera_l.yaml
  SAM2 ckpt   : /home/czp/ws_yiyang/FreeCounting/ws_yiyang/OCCAM/checkpoints/sam2.1_hiera_large.pt
  Started     : 2026-05-19 16:26:10
  Finished    : 2026-05-19 17:04:09
  Total time  : 38.0 min

  ── val split (n=428)
     MAE   = 49.3598
     MSE   = 16663.6495
     RMSE  = 129.0878
     NAE   = 0.5019
     avg_time = 5.22 s/img
     by GT count range:
       [   1-10]  n=  46  MAE=   5.15  RMSE=   7.11
       [  11-50]  n= 251  MAE=   9.21  RMSE=  12.36
       [ 51-200]  n= 105  MAE=  72.38  RMSE=  82.28
       [   201+]  n=  26  MAE= 422.23  RMSE= 495.38

======================================================================

Summary saved → /home/czp/ws_yiyang/FreeCounting/ws_yiyang/OCCAM_experiments_series/ablation_clustering/results/A6_SNG_e5_d3/summary.txt
  Finished: Tue May 19 17:04:10 CST 2026  GPU: 56°C
  [inter-exp] Cooling 30s...

━━━━━━━━━━━━━━━━━━━━━━━━━━━━━━━━━━━━━━━━━━━━━━━━━━━━━━━━━━━━
  Experiment: A6_SNG_e5_d5  (eps=5, delta=5)
  Started: Tue May 19 17:04:40 CST 2026  GPU: 46°C
━━━━━━━━━━━━━━━━━━━━━━━━━━━━━━━━━━━━━━━━━━━━━━━━━━━━━━━━━━━━
Building SAM2 AMG model …
Model ready. Mode=single, crop=224, thresholds=(12.0, 9.0, 7.75)
Mask area filter: min=0.0005, max=0.1
Cluster method: sng (eps=5, delta=5 for sng)  PRED strategy: max

============================================================
  Split: val  (428 images)
============================================================
/tmp/sam2_repo/sam2/sam2_image_predictor.py:431: UserWarning: cannot import name '_C' from 'sam2' (/tmp/sam2_repo/sam2/__init__.py)

Skipping the post-processing step due to the error above. You can still use SAM 2 and it's OK to ignore the error above, although some post-processing functionality may be limited (which doesn't affect the results in most cases; see https://github.com/facebookresearch/sam2/blob/main/INSTALL.md).
  masks = self._transforms.postprocess_masks(
  [   1/428]  1897.jpg                       GT=  12 PRED=   7 AE=   5  5.0s
  [   2/428]  1901.jpg                       GT=  17 PRED=   4 AE=  13  4.5s
  [   3/428]  1906.jpg                       GT=  70 PRED=   6 AE=  64  5.6s
  [   4/428]  1907.jpg                       GT=  28 PRED=  12 AE=  16  5.2s
  [   5/428]  1912.jpg                       GT=  46 PRED=   5 AE=  41  5.7s
  [   7/428]  1915.jpg                       GT= 684 PRED=   7 AE= 677  5.3s
  [  10/428]  1920.jpg                       GT= 138 PRED=   5 AE= 133  4.9s
  [  14/428]  1934.jpg                       GT= 171 PRED=   8 AE= 163  5.6s
  [  15/428]  1936.jpg                       GT= 501 PRED=   6 AE= 495  6.3s
  [  21/428]  1956.jpg                       GT=1229 PRED=   9 AE=1220  6.0s
  [  22/428]  1960.jpg                       GT= 163 PRED=  13 AE= 150  5.4s
  [  28/428]  1977.jpg                       GT= 132 PRED=   8 AE= 124  6.1s
  [  31/428]  1983.jpg                       GT= 172 PRED=  10 AE= 162  5.3s
  [  33/428]  1990.jpg                       GT= 476 PRED=  14 AE= 462  5.6s
  [  36/428]  2001.jpg                       GT= 100 PRED=   8 AE=  92  5.3s
  [  50/428]  running MAE=94.88  total_time=257s  last: 2406.jpg GT=17 PRED=1
  [  61/428]  2818.jpg                       GT= 252 PRED=   5 AE= 247  5.6s
  [  64/428]  2835.jpg                       GT=  89 PRED=   7 AE=  82  5.4s
  [  66/428]  2842.jpg                       GT= 124 PRED=   8 AE= 116  5.5s
  [  69/428]  2857.jpg                       GT= 107 PRED=   6 AE= 101  4.6s
  [  70/428]  2858.jpg                       GT= 131 PRED=   5 AE= 126  4.6s
  [  74/428]  2869.jpg                       GT= 119 PRED=   9 AE= 110  5.1s
  [  77/428]  2879.jpg                       GT= 150 PRED=   5 AE= 145  5.3s
  [  78/428]  2884.jpg                       GT= 165 PRED=   5 AE= 160  5.5s
  [  84/428]  3433.jpg                       GT= 538 PRED=   1 AE= 537  4.7s
  [  85/428]  3435.jpg                       GT= 116 PRED=  13 AE= 103  4.8s
  [  87/428]  3482.jpg                       GT= 315 PRED=   1 AE= 314  5.0s
  [  88/428]  3484.jpg                       GT= 356 PRED=   3 AE= 353  4.3s
  [  89/428]  3485.jpg                       GT= 174 PRED=   6 AE= 168  5.1s
  [  90/428]  3487.jpg                       GT= 321 PRED=   1 AE= 320  4.8s
  [  91/428]  3488.jpg                       GT= 431 PRED=   1 AE= 430  4.8s
  [ 100/428]  running MAE=90.58  total_time=503s  last: 3547.jpg GT=21 PRED=5
  [ 115/428]  3665.jpg                       GT= 907 PRED=   7 AE= 900  5.0s
  [ 142/428]  4556.jpg                       GT= 133 PRED=   6 AE= 127  4.6s
  [ 150/428]  running MAE=71.63  total_time=759s  last: 4569.jpg GT=21 PRED=7
  [ 152/428]  4572.jpg                       GT= 141 PRED=   4 AE= 137  4.4s
  [ 153/428]  4574.jpg                       GT= 402 PRED=   6 AE= 396  4.8s
  [ 156/428]  4580.jpg                       GT= 165 PRED=  14 AE= 151  4.6s
  [ 186/428]  4796.jpg                       GT= 196 PRED=   6 AE= 190  5.4s
  [ 189/428]  4799.jpg                       GT= 122 PRED=   9 AE= 113  5.3s
  [ 193/428]  4808.jpg                       GT= 120 PRED=   7 AE= 113  5.1s
  [ 194/428]  4809.jpg                       GT= 306 PRED=   7 AE= 299  5.4s
  [ 195/428]  4811.jpg                       GT= 213 PRED=  14 AE= 199  4.5s
  [ 200/428]  running MAE=67.03  total_time=1012s  last: 4821.jpg GT=90 PRED=8
  [ 204/428]  4833.jpg                       GT=  98 PRED=   7 AE=  91  5.0s
  [ 207/428]  4842.jpg                       GT= 122 PRED=   6 AE= 116  5.1s
  [ 212/428]  4849.jpg                       GT= 121 PRED=  11 AE= 110  5.1s
  [ 215/428]  5044.jpg                       GT= 100 PRED=   7 AE=  93  5.2s
  [ 250/428]  running MAE=58.46  total_time=1268s  last: 569.jpg GT=17 PRED=4
  [ 251/428]  5743.jpg                       GT= 270 PRED=   3 AE= 267  5.2s
  [ 252/428]  5747.jpg                       GT= 100 PRED=   1 AE=  99  5.2s
  [ 258/428]  5860.jpg                       GT= 757 PRED=   8 AE= 749  5.2s
  [ 260/428]  5876.jpg                       GT= 216 PRED=   5 AE= 211  6.1s
  [ 268/428]  5902.jpg                       GT= 209 PRED=   8 AE= 201  5.1s
  [ 269/428]  5905.jpg                       GT= 147 PRED=   9 AE= 138  5.3s
  [ 270/428]  5906.jpg                       GT= 113 PRED=   8 AE= 105  5.5s
  [ 271/428]  5907.jpg                       GT= 156 PRED=   8 AE= 148  5.1s
  [ 300/428]  running MAE=58.33  total_time=1518s  last: 615.jpg GT=23 PRED=3
  [ 312/428]  6728.jpg                       GT=  99 PRED=   6 AE=  93  5.4s
  [ 313/428]  6729.jpg                       GT= 251 PRED=  10 AE= 241  5.1s
  [ 316/428]  6775.jpg                       GT= 191 PRED=  10 AE= 181  5.2s
  [ 321/428]  6835.jpg                       GT= 138 PRED=   9 AE= 129  5.9s
  [ 329/428]  6969.jpg                       GT= 949 PRED=   1 AE= 948  4.3s
  [ 332/428]  7002.jpg                       GT= 100 PRED=   8 AE=  92  5.3s
  [ 333/428]  7013.jpg                       GT= 139 PRED=   9 AE= 130  5.4s
  [ 335/428]  7069.jpg                       GT= 142 PRED=   8 AE= 134  5.5s
  [ 336/428]  7077.jpg                       GT= 140 PRED=   8 AE= 132  5.5s
  [ 338/428]  7143.jpg                       GT= 121 PRED=   8 AE= 113  5.2s
  [ 348/428]  7280.jpg                       GT= 116 PRED=   6 AE= 110  5.8s
  [ 350/428]  running MAE=59.75  total_time=1773s  last: 7301.jpg GT=36 PRED=1
  [ 356/428]  7388.jpg                       GT= 134 PRED=   8 AE= 126  5.4s
  [ 362/428]  7436.jpg                       GT= 283 PRED=   8 AE= 275  6.7s
  [ 376/428]  7545.jpg                       GT= 106 PRED=   5 AE= 101  6.1s
  [ 382/428]  7593.jpg                       GT= 274 PRED=   7 AE= 267  5.6s
  [ 384/428]  7601.jpg                       GT= 142 PRED=   8 AE= 134  5.5s
  [ 390/428]  7659.jpg                       GT= 198 PRED=   7 AE= 191  6.7s
  [ 398/428]  808.jpg                        GT= 182 PRED=   7 AE= 175  6.6s
  [ 400/428]  running MAE=58.44  total_time=2021s  last: 813.jpg GT=185 PRED=10
  [ 401/428]  820.jpg                        GT= 437 PRED=  10 AE= 427  7.2s
  [ 404/428]  828.jpg                        GT=  87 PRED=   6 AE=  81  5.2s
  [ 405/428]  831.jpg                        GT= 117 PRED=   6 AE= 111  5.4s
  [ 406/428]  832.jpg                        GT= 116 PRED=   5 AE= 111  5.9s
  [ 408/428]  840.jpg                        GT= 637 PRED=   8 AE= 629  4.8s
  [ 409/428]  850.jpg                        GT= 183 PRED=   6 AE= 177  4.7s
  [ 410/428]  851.jpg                        GT= 320 PRED=  12 AE= 308  4.9s
  [ 412/428]  859.jpg                        GT=  97 PRED=  11 AE=  86  5.3s
  [ 413/428]  860.jpg                        GT= 240 PRED=  14 AE= 226  4.8s
  [ 428/428]  running MAE=61.13  total_time=2164s  last: 979.jpg GT=108 PRED=5

  Per-image detail saved → /home/czp/ws_yiyang/FreeCounting/ws_yiyang/OCCAM_experiments_series/ablation_clustering/results/A6_SNG_e5_d5/per_image_val.json

  [val] MAE=61.1262  MSE=18885.3832  RMSE=137.4241  NAE=0.7582

======================================================================
  OCCAM Origin-Simulation — FSC-147 Full Evaluation Summary
======================================================================
  Mode        : OCCAM-SINGLE (fraction=0.333, seed=42)
  SAM2 config : configs/sam2.1/sam2.1_hiera_l.yaml
  SAM2 ckpt   : /home/czp/ws_yiyang/FreeCounting/ws_yiyang/OCCAM/checkpoints/sam2.1_hiera_large.pt
  Started     : 2026-05-19 17:04:44
  Finished    : 2026-05-19 17:41:34
  Total time  : 36.8 min

  ── val split (n=428)
     MAE   = 61.1262
     MSE   = 18885.3832
     RMSE  = 137.4241
     NAE   = 0.7582
     avg_time = 5.06 s/img
     by GT count range:
       [   1-10]  n=  46  MAE=   4.33  RMSE=   4.90
       [  11-50]  n= 251  MAE=  18.61  RMSE=  21.57
       [ 51-200]  n= 105  MAE=  92.33  RMSE= 100.44
       [   201+]  n=  26  MAE= 446.08  RMSE= 515.37

======================================================================

Summary saved → /home/czp/ws_yiyang/FreeCounting/ws_yiyang/OCCAM_experiments_series/ablation_clustering/results/A6_SNG_e5_d5/summary.txt
  Finished: Tue May 19 17:41:35 CST 2026  GPU: 56°C
  [inter-exp] Cooling 30s...

━━━━━━━━━━━━━━━━━━━━━━━━━━━━━━━━━━━━━━━━━━━━━━━━━━━━━━━━━━━━
  Experiment: A6_SNG_e10_d2  (eps=10, delta=2)
  Started: Tue May 19 17:42:05 CST 2026  GPU: 46°C
━━━━━━━━━━━━━━━━━━━━━━━━━━━━━━━━━━━━━━━━━━━━━━━━━━━━━━━━━━━━
Building SAM2 AMG model …
Model ready. Mode=single, crop=224, thresholds=(12.0, 9.0, 7.75)
Mask area filter: min=0.0005, max=0.1
Cluster method: sng (eps=10, delta=2 for sng)  PRED strategy: max

============================================================
  Split: val  (428 images)
============================================================
/tmp/sam2_repo/sam2/sam2_image_predictor.py:431: UserWarning: cannot import name '_C' from 'sam2' (/tmp/sam2_repo/sam2/__init__.py)

Skipping the post-processing step due to the error above. You can still use SAM 2 and it's OK to ignore the error above, although some post-processing functionality may be limited (which doesn't affect the results in most cases; see https://github.com/facebookresearch/sam2/blob/main/INSTALL.md).
  masks = self._transforms.postprocess_masks(
  [   1/428]  1897.jpg                       GT=  12 PRED=  28 AE=  16  5.5s
  [   2/428]  1901.jpg                       GT=  17 PRED=  31 AE=  14  4.5s
  [   3/428]  1906.jpg                       GT=  70 PRED= 100 AE=  30  5.9s
  [   4/428]  1907.jpg                       GT=  28 PRED=  46 AE=  18  5.3s
  [   5/428]  1912.jpg                       GT=  46 PRED=  87 AE=  41  5.6s
  [   7/428]  1915.jpg                       GT= 684 PRED= 258 AE= 426  5.7s
  [  21/428]  1956.jpg                       GT=1229 PRED= 575 AE= 654  6.1s
  [  33/428]  1990.jpg                       GT= 476 PRED= 373 AE= 103  5.9s
  [  50/428]  running MAE=44.44  total_time=260s  last: 2406.jpg GT=17 PRED=20
  [  84/428]  3433.jpg                       GT= 538 PRED=   5 AE= 533  4.7s
  [  87/428]  3482.jpg                       GT= 315 PRED=   1 AE= 314  5.0s
  [  88/428]  3484.jpg                       GT= 356 PRED=   9 AE= 347  4.4s
  [  90/428]  3487.jpg                       GT= 321 PRED=   1 AE= 320  4.7s
  [  91/428]  3488.jpg                       GT= 431 PRED=   7 AE= 424  4.7s
  [ 100/428]  running MAE=53.13  total_time=507s  last: 3547.jpg GT=21 PRED=62
  [ 115/428]  3665.jpg                       GT= 907 PRED= 156 AE= 751  5.4s
  [ 123/428]  3768.jpg                       GT=   9 PRED= 220 AE= 211  5.8s
  [ 150/428]  running MAE=48.77  total_time=771s  last: 4569.jpg GT=21 PRED=21
  [ 152/428]  4572.jpg                       GT= 141 PRED=  54 AE=  87  4.7s
  [ 153/428]  4574.jpg                       GT= 402 PRED=  16 AE= 386  4.9s
  [ 195/428]  4811.jpg                       GT= 213 PRED=  94 AE= 119  4.5s
  [ 200/428]  running MAE=44.20  total_time=1026s  last: 4821.jpg GT=90 PRED=133
  [ 215/428]  5044.jpg                       GT= 100 PRED=  13 AE=  87  5.0s
  [ 250/428]  running MAE=40.83  total_time=1273s  last: 569.jpg GT=17 PRED=29
  [ 251/428]  5743.jpg                       GT= 270 PRED=  76 AE= 194  5.0s
  [ 252/428]  5747.jpg                       GT= 100 PRED=   5 AE=  95  4.9s
  [ 258/428]  5860.jpg                       GT= 757 PRED= 177 AE= 580  4.9s
  [ 268/428]  5902.jpg                       GT= 209 PRED=  72 AE= 137  4.9s
  [ 300/428]  running MAE=39.81  total_time=1517s  last: 615.jpg GT=23 PRED=34
  [ 312/428]  6728.jpg                       GT=  99 PRED= 182 AE=  83  5.9s
  [ 313/428]  6729.jpg                       GT= 251 PRED= 107 AE= 144  5.0s
  [ 318/428]  6784.jpg                       GT=  52 PRED= 134 AE=  82  5.2s
  [ 327/428]  6927.jpg                       GT=  32 PRED= 143 AE= 111  5.3s
  [ 329/428]  6969.jpg                       GT= 949 PRED=   1 AE= 948  4.3s
  [ 335/428]  7069.jpg                       GT= 142 PRED= 246 AE= 104  5.6s
  [ 340/428]  7155.jpg                       GT=  69 PRED= 155 AE=  86  5.5s
  [ 345/428]  7228.jpg                       GT=  63 PRED= 170 AE= 107  5.1s
  [ 350/428]  running MAE=42.32  total_time=1771s  last: 7301.jpg GT=36 PRED=1
  [ 356/428]  7388.jpg                       GT= 134 PRED= 218 AE=  84  5.4s
  [ 384/428]  7601.jpg                       GT= 142 PRED= 263 AE= 121  5.7s
  [ 400/428]  running MAE=40.58  total_time=2018s  last: 813.jpg GT=185 PRED=210
  [ 408/428]  840.jpg                        GT= 637 PRED= 177 AE= 460  4.9s
  [ 410/428]  851.jpg                        GT= 320 PRED= 178 AE= 142  4.9s
  [ 412/428]  859.jpg                        GT=  97 PRED= 185 AE=  88  5.2s
  [ 413/428]  860.jpg                        GT= 240 PRED= 146 AE=  94  4.8s
  [ 417/428]  916.jpg                        GT=   9 PRED=  91 AE=  82  5.6s
  [ 418/428]  920.jpg                        GT=  12 PRED= 316 AE= 304  5.5s
  [ 428/428]  running MAE=42.15  total_time=2160s  last: 979.jpg GT=108 PRED=41

  Per-image detail saved → /home/czp/ws_yiyang/FreeCounting/ws_yiyang/OCCAM_experiments_series/ablation_clustering/results/A6_SNG_e10_d2/per_image_val.json

  [val] MAE=42.1542  MSE=9992.8458  RMSE=99.9642  NAE=1.0808

======================================================================
  OCCAM Origin-Simulation — FSC-147 Full Evaluation Summary
======================================================================
  Mode        : OCCAM-SINGLE (fraction=0.333, seed=42)
  SAM2 config : configs/sam2.1/sam2.1_hiera_l.yaml
  SAM2 ckpt   : /home/czp/ws_yiyang/FreeCounting/ws_yiyang/OCCAM/checkpoints/sam2.1_hiera_large.pt
  Started     : 2026-05-19 17:42:08
  Finished    : 2026-05-19 18:18:55
  Total time  : 36.8 min

  ── val split (n=428)
     MAE   = 42.1542
     MSE   = 9992.8458
     RMSE  = 99.9642
     NAE   = 1.0808
     avg_time = 5.05 s/img
     by GT count range:
       [   1-10]  n=  46  MAE=  20.93  RMSE=  38.89
       [  11-50]  n= 251  MAE=  23.25  RMSE=  33.98
       [ 51-200]  n= 105  MAE=  38.10  RMSE=  46.50
       [   201+]  n=  26  MAE= 278.54  RMSE= 376.76

======================================================================

Summary saved → /home/czp/ws_yiyang/FreeCounting/ws_yiyang/OCCAM_experiments_series/ablation_clustering/results/A6_SNG_e10_d2/summary.txt
  Finished: Tue May 19 18:18:55 CST 2026  GPU: 57°C
  [inter-exp] Cooling 30s...

━━━━━━━━━━━━━━━━━━━━━━━━━━━━━━━━━━━━━━━━━━━━━━━━━━━━━━━━━━━━
  Experiment: A6_SNG_e10_d5  (eps=10, delta=5)
  Started: Tue May 19 18:19:25 CST 2026  GPU: 45°C
━━━━━━━━━━━━━━━━━━━━━━━━━━━━━━━━━━━━━━━━━━━━━━━━━━━━━━━━━━━━
Building SAM2 AMG model …
Model ready. Mode=single, crop=224, thresholds=(12.0, 9.0, 7.75)
Mask area filter: min=0.0005, max=0.1
Cluster method: sng (eps=10, delta=5 for sng)  PRED strategy: max

============================================================
  Split: val  (428 images)
============================================================
/tmp/sam2_repo/sam2/sam2_image_predictor.py:431: UserWarning: cannot import name '_C' from 'sam2' (/tmp/sam2_repo/sam2/__init__.py)

Skipping the post-processing step due to the error above. You can still use SAM 2 and it's OK to ignore the error above, although some post-processing functionality may be limited (which doesn't affect the results in most cases; see https://github.com/facebookresearch/sam2/blob/main/INSTALL.md).
  masks = self._transforms.postprocess_masks(
  [   1/428]  1897.jpg                       GT=  12 PRED=  28 AE=  16  4.9s
  [   2/428]  1901.jpg                       GT=  17 PRED=  31 AE=  14  4.8s
  [   3/428]  1906.jpg                       GT=  70 PRED=  98 AE=  28  5.5s
  [   4/428]  1907.jpg                       GT=  28 PRED=  24 AE=   4  5.0s
  [   5/428]  1912.jpg                       GT=  46 PRED=  61 AE=  15  5.4s
  [   7/428]  1915.jpg                       GT= 684 PRED= 143 AE= 541  5.2s
  [  15/428]  1936.jpg                       GT= 501 PRED= 393 AE= 108  6.4s
  [  21/428]  1956.jpg                       GT=1229 PRED= 246 AE= 983  6.1s
  [  33/428]  1990.jpg                       GT= 476 PRED= 321 AE= 155  5.9s
  [  50/428]  running MAE=53.08  total_time=256s  last: 2406.jpg GT=17 PRED=20
  [  84/428]  3433.jpg                       GT= 538 PRED=   1 AE= 537  4.7s
  [  87/428]  3482.jpg                       GT= 315 PRED=   1 AE= 314  4.9s
  [  88/428]  3484.jpg                       GT= 356 PRED=   9 AE= 347  4.3s
  [  90/428]  3487.jpg                       GT= 321 PRED=   1 AE= 320  4.7s
  [  91/428]  3488.jpg                       GT= 431 PRED=   1 AE= 430  4.7s
  [ 100/428]  running MAE=56.63  total_time=498s  last: 3547.jpg GT=21 PRED=62
  [ 115/428]  3665.jpg                       GT= 907 PRED= 152 AE= 755  5.3s
  [ 123/428]  3768.jpg                       GT=   9 PRED= 207 AE= 198  5.2s
  [ 150/428]  running MAE=49.93  total_time=744s  last: 4569.jpg GT=21 PRED=21
  [ 152/428]  4572.jpg                       GT= 141 PRED=  53 AE=  88  4.4s
  [ 153/428]  4574.jpg                       GT= 402 PRED=  16 AE= 386  4.4s
  [ 195/428]  4811.jpg                       GT= 213 PRED=  93 AE= 120  4.3s
  [ 200/428]  running MAE=45.09  total_time=994s  last: 4821.jpg GT=90 PRED=124
  [ 215/428]  5044.jpg                       GT= 100 PRED=  13 AE=  87  4.7s
  [ 250/428]  running MAE=40.70  total_time=1241s  last: 569.jpg GT=17 PRED=29
  [ 251/428]  5743.jpg                       GT= 270 PRED=  74 AE= 196  4.9s
  [ 252/428]  5747.jpg                       GT= 100 PRED=   1 AE=  99  5.5s
  [ 258/428]  5860.jpg                       GT= 757 PRED= 164 AE= 593  4.8s
  [ 268/428]  5902.jpg                       GT= 209 PRED=  71 AE= 138  4.8s
  [ 300/428]  running MAE=39.67  total_time=1485s  last: 615.jpg GT=23 PRED=34
  [ 313/428]  6729.jpg                       GT= 251 PRED= 106 AE= 145  4.8s
  [ 329/428]  6969.jpg                       GT= 949 PRED=   1 AE= 948  4.2s
  [ 350/428]  running MAE=40.56  total_time=1739s  last: 7301.jpg GT=36 PRED=1
  [ 362/428]  7436.jpg                       GT= 283 PRED=  86 AE= 197  7.6s
  [ 400/428]  running MAE=38.51  total_time=1985s  last: 813.jpg GT=185 PRED=182
  [ 408/428]  840.jpg                        GT= 637 PRED= 167 AE= 470  4.8s
  [ 410/428]  851.jpg                        GT= 320 PRED= 149 AE= 171  4.8s
  [ 413/428]  860.jpg                        GT= 240 PRED= 141 AE=  99  4.8s
  [ 417/428]  916.jpg                        GT=   9 PRED=  90 AE=  81  5.2s
  [ 418/428]  920.jpg                        GT=  12 PRED= 145 AE= 133  5.4s
  [ 428/428]  running MAE=39.63  total_time=2127s  last: 979.jpg GT=108 PRED=40

  Per-image detail saved → /home/czp/ws_yiyang/FreeCounting/ws_yiyang/OCCAM_experiments_series/ablation_clustering/results/A6_SNG_e10_d5/per_image_val.json

  [val] MAE=39.6262  MSE=11272.9439  RMSE=106.1741  NAE=0.9106

======================================================================
  OCCAM Origin-Simulation — FSC-147 Full Evaluation Summary
======================================================================
  Mode        : OCCAM-SINGLE (fraction=0.333, seed=42)
  SAM2 config : configs/sam2.1/sam2.1_hiera_l.yaml
  SAM2 ckpt   : /home/czp/ws_yiyang/FreeCounting/ws_yiyang/OCCAM/checkpoints/sam2.1_hiera_large.pt
  Started     : 2026-05-19 18:19:29
  Finished    : 2026-05-19 18:55:40
  Total time  : 36.2 min

  ── val split (n=428)
     MAE   = 39.6262
     MSE   = 11272.9439
     RMSE  = 106.1741
     NAE   = 0.9106
     avg_time = 4.97 s/img
     by GT count range:
       [   1-10]  n=  46  MAE=  20.13  RMSE=  36.90
       [  11-50]  n= 251  MAE=  18.90  RMSE=  24.93
       [ 51-200]  n= 105  MAE=  30.03  RMSE=  37.32
       [   201+]  n=  26  MAE= 312.92  RMSE= 414.17

======================================================================

Summary saved → /home/czp/ws_yiyang/FreeCounting/ws_yiyang/OCCAM_experiments_series/ablation_clustering/results/A6_SNG_e10_d5/summary.txt
  Finished: Tue May 19 18:55:41 CST 2026  GPU: 56°C
  [inter-exp] Cooling 30s...

━━━━━━━━━━━━━━━━━━━━━━━━━━━━━━━━━━━━━━━━━━━━━━━━━━━━━━━━━━━━
  Experiment: A6_SNG_e20_d2  (eps=20, delta=2)
  Started: Tue May 19 18:56:11 CST 2026  GPU: 46°C
━━━━━━━━━━━━━━━━━━━━━━━━━━━━━━━━━━━━━━━━━━━━━━━━━━━━━━━━━━━━
Building SAM2 AMG model …
Model ready. Mode=single, crop=224, thresholds=(12.0, 9.0, 7.75)
Mask area filter: min=0.0005, max=0.1
Cluster method: sng (eps=20, delta=2 for sng)  PRED strategy: max

============================================================
  Split: val  (428 images)
============================================================
/tmp/sam2_repo/sam2/sam2_image_predictor.py:431: UserWarning: cannot import name '_C' from 'sam2' (/tmp/sam2_repo/sam2/__init__.py)

Skipping the post-processing step due to the error above. You can still use SAM 2 and it's OK to ignore the error above, although some post-processing functionality may be limited (which doesn't affect the results in most cases; see https://github.com/facebookresearch/sam2/blob/main/INSTALL.md).
  masks = self._transforms.postprocess_masks(
  [   1/428]  1897.jpg                       GT=  12 PRED=  28 AE=  16  5.0s
  [   2/428]  1901.jpg                       GT=  17 PRED=  31 AE=  14  4.4s
  [   3/428]  1906.jpg                       GT=  70 PRED= 100 AE=  30  5.8s
  [   4/428]  1907.jpg                       GT=  28 PRED=  46 AE=  18  5.1s
  [   5/428]  1912.jpg                       GT=  46 PRED=  87 AE=  41  6.1s
  [   7/428]  1915.jpg                       GT= 684 PRED= 258 AE= 426  5.1s
  [  21/428]  1956.jpg                       GT=1229 PRED= 575 AE= 654  6.1s
  [  33/428]  1990.jpg                       GT= 476 PRED= 373 AE= 103  5.8s
  [  50/428]  running MAE=44.50  total_time=256s  last: 2406.jpg GT=17 PRED=20
  [  84/428]  3433.jpg                       GT= 538 PRED=   5 AE= 533  4.7s
  [  87/428]  3482.jpg                       GT= 315 PRED=   1 AE= 314  4.8s
  [  88/428]  3484.jpg                       GT= 356 PRED=   9 AE= 347  4.2s
  [  90/428]  3487.jpg                       GT= 321 PRED=   1 AE= 320  5.3s
  [  91/428]  3488.jpg                       GT= 431 PRED=   7 AE= 424  4.6s
  [ 100/428]  running MAE=53.34  total_time=498s  last: 3547.jpg GT=21 PRED=62
  [ 115/428]  3665.jpg                       GT= 907 PRED= 156 AE= 751  4.7s
  [ 123/428]  3768.jpg                       GT=   9 PRED= 233 AE= 224  5.4s
  [ 126/428]  3775.jpg                       GT=  12 PRED= 101 AE=  89  5.0s
  [ 150/428]  running MAE=49.59  total_time=745s  last: 4569.jpg GT=21 PRED=21
  [ 152/428]  4572.jpg                       GT= 141 PRED=  54 AE=  87  4.3s
  [ 153/428]  4574.jpg                       GT= 402 PRED=  16 AE= 386  4.4s
  [ 195/428]  4811.jpg                       GT= 213 PRED=  94 AE= 119  4.4s
  [ 200/428]  running MAE=44.81  total_time=994s  last: 4821.jpg GT=90 PRED=133
  [ 215/428]  5044.jpg                       GT= 100 PRED=  13 AE=  87  5.0s
  [ 250/428]  running MAE=41.60  total_time=1241s  last: 569.jpg GT=17 PRED=29
  [ 251/428]  5743.jpg                       GT= 270 PRED=  76 AE= 194  4.9s
  [ 252/428]  5747.jpg                       GT= 100 PRED=   5 AE=  95  4.8s
  [ 258/428]  5860.jpg                       GT= 757 PRED= 177 AE= 580  4.7s
  [ 268/428]  5902.jpg                       GT= 209 PRED= 108 AE= 101  4.8s
  [ 300/428]  running MAE=40.33  total_time=1485s  last: 615.jpg GT=23 PRED=34
  [ 312/428]  6728.jpg                       GT=  99 PRED= 182 AE=  83  5.3s
  [ 313/428]  6729.jpg                       GT= 251 PRED= 107 AE= 144  4.8s
  [ 318/428]  6784.jpg                       GT=  52 PRED= 134 AE=  82  5.3s
  [ 327/428]  6927.jpg                       GT=  32 PRED= 143 AE= 111  5.2s
  [ 329/428]  6969.jpg                       GT= 949 PRED=   1 AE= 948  4.2s
  [ 335/428]  7069.jpg                       GT= 142 PRED= 246 AE= 104  5.6s
  [ 340/428]  7155.jpg                       GT=  69 PRED= 155 AE=  86  5.6s
  [ 345/428]  7228.jpg                       GT=  63 PRED= 170 AE= 107  5.2s
  [ 350/428]  running MAE=42.83  total_time=1739s  last: 7301.jpg GT=36 PRED=1
  [ 356/428]  7388.jpg                       GT= 134 PRED= 219 AE=  85  5.4s
  [ 376/428]  7545.jpg                       GT= 106 PRED= 284 AE= 178  6.0s
  [ 384/428]  7601.jpg                       GT= 142 PRED= 263 AE= 121  5.6s
  [ 400/428]  running MAE=41.51  total_time=1986s  last: 813.jpg GT=185 PRED=210
  [ 408/428]  840.jpg                        GT= 637 PRED= 177 AE= 460  4.8s
  [ 410/428]  851.jpg                        GT= 320 PRED= 178 AE= 142  4.8s
  [ 412/428]  859.jpg                        GT=  97 PRED= 185 AE=  88  5.1s
  [ 413/428]  860.jpg                        GT= 240 PRED= 146 AE=  94  4.8s
  [ 417/428]  916.jpg                        GT=   9 PRED=  91 AE=  82  5.7s
  [ 418/428]  920.jpg                        GT=  12 PRED= 316 AE= 304  5.2s
  [ 428/428]  running MAE=43.02  total_time=2128s  last: 979.jpg GT=108 PRED=41

  Per-image detail saved → /home/czp/ws_yiyang/FreeCounting/ws_yiyang/OCCAM_experiments_series/ablation_clustering/results/A6_SNG_e20_d2/per_image_val.json

  [val] MAE=43.0187  MSE=10087.6028  RMSE=100.4371  NAE=1.1234

======================================================================
  OCCAM Origin-Simulation — FSC-147 Full Evaluation Summary
======================================================================
  Mode        : OCCAM-SINGLE (fraction=0.333, seed=42)
  SAM2 config : configs/sam2.1/sam2.1_hiera_l.yaml
  SAM2 ckpt   : /home/czp/ws_yiyang/FreeCounting/ws_yiyang/OCCAM/checkpoints/sam2.1_hiera_large.pt
  Started     : 2026-05-19 18:56:15
  Finished    : 2026-05-19 19:32:29
  Total time  : 36.2 min

  ── val split (n=428)
     MAE   = 43.0187
     MSE   = 10087.6028
     RMSE  = 100.4371
     NAE   = 1.1234
     avg_time = 4.97 s/img
     by GT count range:
       [   1-10]  n=  46  MAE=  21.22  RMSE=  40.44
       [  11-50]  n= 251  MAE=  24.06  RMSE=  34.62
       [ 51-200]  n= 105  MAE=  39.52  RMSE=  49.50
       [   201+]  n=  26  MAE= 278.69  RMSE= 376.43

======================================================================

Summary saved → /home/czp/ws_yiyang/FreeCounting/ws_yiyang/OCCAM_experiments_series/ablation_clustering/results/A6_SNG_e20_d2/summary.txt
  Finished: Tue May 19 19:32:29 CST 2026  GPU: 57°C
  [inter-exp] Cooling 30s...

━━━━━━━━━━━━━━━━━━━━━━━━━━━━━━━━━━━━━━━━━━━━━━━━━━━━━━━━━━━━
  Experiment: A6_SNG_e20_d3  (eps=20, delta=3)
  Started: Tue May 19 19:33:00 CST 2026  GPU: 46°C
━━━━━━━━━━━━━━━━━━━━━━━━━━━━━━━━━━━━━━━━━━━━━━━━━━━━━━━━━━━━
Building SAM2 AMG model …
Model ready. Mode=single, crop=224, thresholds=(12.0, 9.0, 7.75)
Mask area filter: min=0.0005, max=0.1
Cluster method: sng (eps=20, delta=3 for sng)  PRED strategy: max

============================================================
  Split: val  (428 images)
============================================================
/tmp/sam2_repo/sam2/sam2_image_predictor.py:431: UserWarning: cannot import name '_C' from 'sam2' (/tmp/sam2_repo/sam2/__init__.py)

Skipping the post-processing step due to the error above. You can still use SAM 2 and it's OK to ignore the error above, although some post-processing functionality may be limited (which doesn't affect the results in most cases; see https://github.com/facebookresearch/sam2/blob/main/INSTALL.md).
  masks = self._transforms.postprocess_masks(
  [   1/428]  1897.jpg                       GT=  12 PRED=  28 AE=  16  5.0s
  [   2/428]  1901.jpg                       GT=  17 PRED=  31 AE=  14  4.4s
  [   3/428]  1906.jpg                       GT=  70 PRED= 100 AE=  30  6.2s
  [   4/428]  1907.jpg                       GT=  28 PRED=  46 AE=  18  5.1s
  [   5/428]  1912.jpg                       GT=  46 PRED=  87 AE=  41  5.5s
  [   7/428]  1915.jpg                       GT= 684 PRED= 258 AE= 426  5.0s
  [  21/428]  1956.jpg                       GT=1229 PRED= 575 AE= 654  6.3s
  [  33/428]  1990.jpg                       GT= 476 PRED= 373 AE= 103  5.7s
  [  50/428]  running MAE=44.50  total_time=256s  last: 2406.jpg GT=17 PRED=20
  [  84/428]  3433.jpg                       GT= 538 PRED=   1 AE= 537  4.8s
  [  87/428]  3482.jpg                       GT= 315 PRED=   1 AE= 314  5.1s
  [  88/428]  3484.jpg                       GT= 356 PRED=   9 AE= 347  4.3s
  [  90/428]  3487.jpg                       GT= 321 PRED=   1 AE= 320  4.9s
  [  91/428]  3488.jpg                       GT= 431 PRED=   7 AE= 424  4.8s
  [ 100/428]  running MAE=53.38  total_time=499s  last: 3547.jpg GT=21 PRED=62
  [ 115/428]  3665.jpg                       GT= 907 PRED= 156 AE= 751  4.9s
  [ 123/428]  3768.jpg                       GT=   9 PRED= 233 AE= 224  5.4s
  [ 126/428]  3775.jpg                       GT=  12 PRED= 101 AE=  89  4.9s
  [ 150/428]  running MAE=49.62  total_time=745s  last: 4569.jpg GT=21 PRED=21
  [ 152/428]  4572.jpg                       GT= 141 PRED=  54 AE=  87  4.3s
  [ 153/428]  4574.jpg                       GT= 402 PRED=  16 AE= 386  4.1s
  [ 195/428]  4811.jpg                       GT= 213 PRED=  94 AE= 119  4.4s
  [ 200/428]  running MAE=44.83  total_time=995s  last: 4821.jpg GT=90 PRED=133
  [ 215/428]  5044.jpg                       GT= 100 PRED=  13 AE=  87  4.9s
  [ 250/428]  running MAE=41.62  total_time=1243s  last: 569.jpg GT=17 PRED=29
  [ 251/428]  5743.jpg                       GT= 270 PRED=  76 AE= 194  5.0s
  [ 252/428]  5747.jpg                       GT= 100 PRED=   1 AE=  99  4.9s
  [ 258/428]  5860.jpg                       GT= 757 PRED= 177 AE= 580  4.8s
  [ 268/428]  5902.jpg                       GT= 209 PRED= 108 AE= 101  4.7s
  [ 300/428]  running MAE=40.36  total_time=1487s  last: 615.jpg GT=23 PRED=34
  [ 312/428]  6728.jpg                       GT=  99 PRED= 182 AE=  83  5.8s
  [ 313/428]  6729.jpg                       GT= 251 PRED= 107 AE= 144  4.9s
  [ 318/428]  6784.jpg                       GT=  52 PRED= 134 AE=  82  5.5s
  [ 327/428]  6927.jpg                       GT=  32 PRED= 143 AE= 111  5.4s
  [ 329/428]  6969.jpg                       GT= 949 PRED=   1 AE= 948  4.2s
  [ 335/428]  7069.jpg                       GT= 142 PRED= 246 AE= 104  5.5s
